0:100  0:100  MemLog inited, TSC freq: 2787795245
0:100  0:000  CPU was calibrated with ACPI PM Timer
0:100  0:000  LegacyRegion2: Chipset/proc: 0x29C08086
0:100  0:000   Intel Series 4 and similar (PAM 0x90-0x96)
0:100  0:000   Test PAM1=(0x41=90, 0x5a=00, 0x81=00, 0x91=11) at chipset 29C08086
0:100  0:000  , Install = Success
0:110  0:010  BiosVideoDriverBindingStart!
0:110  0:000  BiosVideoCheckForVbe
0:110  0:000  EdidOverride not found
0:337  0:226   Edid1-
0:564  0:226   Edid0-
0:751  0:186   Edid1-
0:813  0:062   Edid0+
0:813  0:000   found Detail Timing 1366x768
0:825  0:012     0 640x480 attr=3BF - ok, edid+, 640x480, working, highest, pref=0
0:826  0:000     1 800x600 attr=3BF - ok, edid+, 800x600, working, highest, pref=1
0:826  0:000     2 1024x768 attr=3BF - ok, edid+, 1024x768, working, highest, pref=2
0:827  0:000     3 1280x1024 attr=3BF - ok, edid+, working, highest, pref=3
0:830  0:003     4 1600x1200 attr=3BF - ok, edid-
0:830  0:000  BV new mode: 3 1280x1024
1:137  0:307   SetMode pref 3 (3) = Success
10:234  9:096  
10:234  0:000  Now is 01.03.2021,  16:35:52 (GMT)
10:234  0:000  Starting Clover revision: 5107 (HEAD, commit a3f3053c3) on CLOVER EFI
10:234  0:000  Build with: [Args: -D NO_GRUB_DRIVERS_EMBEDDED -t GCC53 | -D NO_GRUB_DRIVERS_EMBEDDED --conf=/Users/macman/CloverBootloader/Conf -D USE_LOW_EBDA -a X64 -b RELEASE -t GCC53 -n 17 | OS: 10.14.6]
10:234  0:000  SelfDevicePath=PcieRoot(0x0)\Pci(0x1D,0x7)\USB(0x4,0x0)\HD(1,MBR,0xA5BA0AB8,0x800,0x1D15000) @CA6F4898
10:234  0:000  SelfDirPath = \EFI\CLOVER
10:234  0:000  Clover : Image base = 0xCB3F2000
10:990  0:755  SimpleTextEx Status=Success
10:990  0:000  === [ Get Smbios ] ==============================
10:990  0:000  Type 16 Index = 0
10:990  0:000  Total Memory Slots Count = 2
10:990  0:000  Type 17 Index = 0
10:990  0:000  Ignoring insane frequency value 0MHz
10:990  0:000  SmbiosTable.Type17->Speed = 0MHz
10:990  0:000  SmbiosTable.Type17->Size = 2048MB
10:990  0:000  SmbiosTable.Type17->Bank/Device = BANK0 DIMM0
10:990  0:000  SmbiosTable.Type17->Vendor = Manufacturer0
10:990  0:000  SmbiosTable.Type17->SerialNumber = SerNum0
10:990  0:000  SmbiosTable.Type17->PartNumber = PartNum0
10:990  0:000  Type 17 Index = 1
10:990  0:000  Ignoring insane frequency value 0MHz
10:990  0:000  SmbiosTable.Type17->Speed = 0MHz
10:990  0:000  SmbiosTable.Type17->Size = 2048MB
10:990  0:000  SmbiosTable.Type17->Bank/Device = BANK1 DIMM1
10:990  0:000  SmbiosTable.Type17->Vendor = Manufacturer1
10:990  0:000  SmbiosTable.Type17->SerialNumber = SerNum1
10:990  0:000  SmbiosTable.Type17->PartNumber = PartNum1
10:990  0:000  Boot status=0
10:990  0:000  Running on: 'To Be Filled By O.E.M.' with board 'G31M-S. '
10:990  0:000  === [ GetCPUProperties ] ========================
10:990  0:000  CPU Vendor = 756E6547 Model=1067A
10:990  0:000   The CPU supported SSE4.1
10:990  0:000  BrandString = Intel(R) Core(TM)2 Quad CPU    Q9500  @ 2.83GHz
10:990  0:000  got cores from CPUID_1 = 4
10:990  0:000   The CPU not supported turbo
10:990  0:000  MSR dumps:
10:990  0:000  	@0x00CD=80000A04
10:990  0:000  	@0x0198=616482506004825
10:990  0:000  FSBFrequency = 334 MHz, DMI FSBFrequency = 333 MHz, Corrected FSBFrequency = 333 MHz
10:990  0:000  MaxDiv/MinDiv: 8.5/6
10:990  0:000  Turbo: 9/0/0/0
10:990  0:000  Features: 0xBFEBFBFF
10:990  0:000  Threads: 4
10:990  0:000  Cores: 4
10:990  0:000  FSB: 333 MHz
10:990  0:000  CPU: 2833 MHz
10:990  0:000  TSC: 2833 MHz
10:990  0:000  PIS: 1333 MHz
10:990  0:000  ExternalClock: 333 MHz
10:990  0:000  === [ GetDevices ] ==============================
10:990  0:000  GOP found at: PcieRoot(0x0)/Pci(0x1,0x0)/Pci(0x0,0x0)/AcpiAdr(0x80010100)
10:990  0:000  PCI (00|00:00.00) : 8086 29C0 class=060000
10:990  0:000  PCI (00|00:01.00) : 8086 29C1 class=060400
10:990  0:000  PCI (00|04:00.00) : 10DE 0402 class=030000
10:990  0:000   - GOP: Provided by device
10:990  0:000   - GFX: Model=MSI GeForce 8600 GT family 84 (Tesla)
10:990  0:000  PCI (00|00:1B.00) : 8086 27D8 class=040300
10:990  0:000  PCI (00|00:1C.00) : 8086 27D0 class=060400
10:990  0:000  PCI (00|00:1C.01) : 8086 27D2 class=060400
10:990  0:000  PCI (00|01:00.00) : 10EC 8136 class=020000
10:990  0:000   - LAN: 0 Vendor=Realtek
10:990  0:000  PCI (00|00:1D.00) : 8086 27C8 class=0C0300
10:990  0:000  PCI (00|00:1D.01) : 8086 27C9 class=0C0300
10:990  0:000  PCI (00|00:1D.02) : 8086 27CA class=0C0300
10:990  0:000  PCI (00|00:1D.03) : 8086 27CB class=0C0300
10:990  0:000  PCI (00|00:1D.07) : 8086 27CC class=0C0320
10:990  0:000  PCI (00|00:1E.00) : 8086 244E class=060401
10:990  0:000  PCI (00|00:1F.00) : 8086 27B8 class=060100
10:990  0:000  PCI (00|00:1F.02) : 8086 27C0 class=01018A
10:990  0:000  PCI (00|00:1F.03) : 8086 27DA class=0C0500
10:990  0:000  === [ GetDefaultSettings ] ======================
10:990  0:000  Clover load options size = 0 bytes
11:013  0:022  CheckOEMPathExists tried EFI\CLOVER\OEM\To Be Filled By O.E.M.--00-00-00-00-00-00. Dir not exists
11:013  0:000  CheckOEMPathExists tried EFI\CLOVER\OEM\To Be Filled By O.E.M.. Dir not exists
11:013  0:000  CheckOEMPathExists tried EFI\CLOVER\OEM\To Be Filled By O.E.M.-2833. Dir not exists
11:013  0:000  CheckOEMPathExists tried EFI\CLOVER\OEM\G31M-S. . Dir not exists
11:013  0:000  CheckOEMPathExists tried EFI\CLOVER\OEM\G31M-S. -2833. Dir not exists
11:013  0:000  set OEMPath by default: EFI\CLOVER
11:038  0:024  EFI\CLOVER\config.plist loaded: Success
11:038  0:000  === [ GetListOfThemes ] =========================
11:038  0:000  - [00]: embedded
11:072  0:034  - [00]: random
11:106  0:034  - [00]: tonymacx86
11:118  0:011  === [ Found config plists ] =====================
11:118  0:000  - config.plist
11:118  0:000  === [ GetEarlyUserSettings ] ====================
11:118  0:000  timeout set to 3
11:118  0:000  Custom boot CUSTOM_BOOT_DISABLED (0x0)
11:128  0:010  Default theme: tonymacx86
11:130  0:001  Hiding entries with string Windows
11:132  0:001  Hiding entries with string BOOTX64.EFI
11:133  0:001  === [ LoadDrivers ] =============================
11:159  0:025  Loading apfs.efi  status=Success
14:379  3:220   - driver needs connecting
14:381  0:001  Loading ApfsDriverLoader.efi  status=Success
14:410  0:028   - driver needs connecting
14:411  0:001  Loading AudioDxe.efi  status=Success
14:531  0:119   - driver needs connecting
14:532  0:001  Loading FSInject.efi  status=Success
14:594  0:062  Loading VirtualSmc.efi  status=Success
14:723  0:128  Loading XhciDxe.efi  status=Success
14:808  0:084   - driver needs connecting
14:810  0:002  4 drivers needs connecting ...
14:812  0:001  PlatformDriverOverrideProtocol->GetDriver overriden
14:814  0:001  APFS driver loaded
18:232  3:418  === [ InitScreen ] ==============================
18:234  0:001  Console modes reported: 4, available modes:
18:236  0:001   - [01]: 80x25
18:237  0:001   - [02]: 80x50
18:239  0:001   - [03]: 100x31
18:241  0:001   - [04]: 160x53 (current mode)
18:242  0:001  SetScreenResolution: 1920x1080 - not found!
18:247  0:004  SetScreenResolution: 1280x1024 - already set
18:250  0:003  reinit: self device path=PcieRoot(0x0)\Pci(0x1D,0x7)\USB(0x4,0x0)\HD(1,MBR,0xA5BA0AB8,0x800,0x1D15000)
18:252  0:001  new SelfHandle=CA6F4898
18:310  0:058  Loading font from ThemeDir: Error
18:315  0:004  === [ GetMacAddress ] ===========================
18:317  0:001  === [ ScanSPD ] =================================
18:318  0:001  Scanning SMBus [8086:27DA], mmio: 0x0, ioport: 0x400, hostc: 0x1
18:436  0:117  Slot: 0 Type 19 2048MB 800MHz Vendor=Kingston PartNo= SerialNo=040B0C0C09020907
18:549  0:112  Slot: 2 Type 19 2048MB 800MHz Vendor=SK Hynix PartNo=HMP125U6EFR8C-S6 SerialNo=0000000004000102
18:556  0:006  === [ GetAcpiTablesList ] =======================
18:558  0:001  Get Acpi Tables List from RSDT:
18:561  0:003   - [00]: FACP  OEMFACP  len=132
18:563  0:001   - [01]: APIC  APIC2110 len=108
18:564  0:001   - [02]: MCFG  OEMMCFG  len=60
18:566  0:001   - [03]: OEMB  OEMB2110 len=114
18:568  0:001   - [04]: AAFT  OEMAAFT  len=39
18:570  0:002   - [05]: HPET  OEMHPET  len=56
18:572  0:001   - [06]: GSCI  GMCHSCI  len=8228
18:574  0:001  Calibrated TSC Frequency = 2787795245 = 2787MHz
18:576  0:002  === [ GetUserSettings ] =========================
18:577  0:001  USB FixOwnership: yes
18:579  0:001  Dropping 1 tables:
18:581  0:001   - [00]: Drop table  signature="MATS" (5354414D)
18:594  0:013           - set table: 5354414D,                0 to drop: no
18:597  0:003   - final DSDT Fix mask=00009051
18:599  0:001  Using ProductName from config: iMac14,2
18:602  0:002  BiosVersion: not set, Using BiosVersion from clover
18:603  0:001  BiosVersion: IM142.88Z.F000.B00.2002051900
18:605  0:001  BiosReleaseDate: 02/05/2020
18:607  0:001  Using EfiVersion from clover: 142.0.0.0.0
18:608  0:001  Using FirmwareFeatures from clover: 0xE00FE137
18:610  0:001  Using FirmwareFeaturesMask from clover: 0xFF1FFF3F
18:612  0:001  Using PlatformFeature from clover: 0x1
18:636  0:024  === [ Found DSDT tables ] =======================
21:567  2:930  === [ ScanVolumes ] =============================
21:569  0:001  Found 16 volumes with blockIO
21:571  0:001  - [00]: Volume: PcieRoot(0x0)\Pci(0x1D,0x7)\USB(0x4,0x0)
21:585  0:014          Result of bootcode detection: bootable unknown (legacy)
21:587  0:001  - [01]: Volume: PcieRoot(0x0)\Pci(0x1D,0x7)\USB(0x4,0x0)\HD(1,MBR,0xA5BA0AB8,0x800,0x1D15000)
21:602  0:014          Result of bootcode detection: bootable unknown (legacy)
21:603  0:001          This is SelfVolume !!
21:606  0:002  - [02]: Volume: PcieRoot(0x0)\Pci(0x1D,0x7)\USB(0x6,0x0)\Unit(0x0)
21:609  0:003  - [03]: Volume: PcieRoot(0x0)\Pci(0x1D,0x7)\USB(0x6,0x0)\Unit(0x1)
21:613  0:003  - [04]: Volume: PcieRoot(0x0)\Pci(0x1D,0x7)\USB(0x6,0x0)\Unit(0x2)
21:616  0:003  - [05]: Volume: PcieRoot(0x0)\Pci(0x1D,0x7)\USB(0x6,0x0)\Unit(0x3)
21:619  0:003  - [06]: Volume: PcieRoot(0x0)\Pci(0x1F,0x2)\Ata(0x0)
21:623  0:003  - [07]: Volume: PcieRoot(0x0)\Pci(0x1F,0x2)\Ata(0x0)
21:651  0:028  - [08]: Volume: PcieRoot(0x0)\Pci(0x1F,0x2)\Ata(0x0)\HD(1,GPT,68A670F3-BF22-4A96-A7E4-DF8AA8AD42F4,0x28,0x64000)
21:656  0:004          Result of bootcode detection: bootable unknown (legacy)
21:658  0:001  - [09]: Volume: PcieRoot(0x0)\Pci(0x1F,0x2)\Ata(0x0)\HD(2,GPT,8335DD5E-AAFA-4616-8D0D-FCCDD448A878,0x64028,0xDDFAC40)
21:663  0:005  - [10]: Volume: PcieRoot(0x0)\Pci(0x1F,0x2)\Ata(0x0)\HD(3,GPT,5CE6BF79-C6A1-4B34-9295-BCCCEBAD6920,0xDE5EC68,0x135F20)
21:667  0:003  - [11]: Volume: PcieRoot(0x0)\Pci(0x1F,0x2)\Ata(0x0)\HD(1,GPT,7B35CEED-2DD2-436E-8402-BD66FFDCE78E,0x28,0x64000)
21:672  0:004          Result of bootcode detection: bootable unknown (legacy)
21:683  0:011  - [12]: Volume: PcieRoot(0x0)\Pci(0x1F,0x2)\Ata(0x0)\HD(2,GPT,6DEC6A5A-4E4D-4EAB-BC7B-4ABDD91FB88A,0x64028,0x1D170FF0)
21:691  0:007          Result of bootcode detection: bootable unknown (legacy)
21:693  0:001  - [13]: Volume: PcieRoot(0x0)\Pci(0x1F,0x2)\Ata(0x0)\HD(3,GPT,552978A0-BB01-43B4-9BD4-52D6BFB276C8,0x1D215018,0x1D130FF0)
21:711  0:018          Result of bootcode detection: bootable unknown (legacy)
21:714  0:002  - [14]: Volume: PcieRoot(0x0)\Pci(0x1F,0x2)\Ata(0x0)\HD(2,GPT,6DEC6A5A-4E4D-4EAB-BC7B-4ABDD91FB88A,0x64028,0x1D170FF0)\VenMedia(BE74FCF7-0B7C-49F3-9147-01F4042E6842,6EA560A71EF570309FBEFFDF442CCABA)
21:717  0:003  - [15]: Volume: PcieRoot(0x0)\Pci(0x1F,0x2)\Ata(0x0)\HD(3,GPT,552978A0-BB01-43B4-9BD4-52D6BFB276C8,0x1D215018,0x1D130FF0)\VenMedia(BE74FCF7-0B7C-49F3-9147-01F4042E6842,098B5765BE284B368BD266864CA3F285)
21:721  0:003  Searching volumes for latest nvram.plist ...
21:725  0:004  loaded Status=Not Found
21:727  0:001  PutNvramPlistToRtVars: nvram.plist not found
21:729  0:001  found 1 handles with audio
21:730  0:001  No AudioIoDevice stored
21:732  0:001  no stored audio parameters
21:734  0:001  Found Audio Device Realtek ALC662v2 (LineOut) at index 0
21:735  0:001  Found Audio Device Realtek ALC662v2 (Headphones) at index 1
21:737  0:001  === [ InitTheme ] ===============================
21:739  0:001  use daylight theme
21:826  0:087  Using theme 'tonymacx86' (EFI\CLOVER\themes\tonymacx86)
21:850  0:024  file sound read: sound.wav Not Found
21:875  0:024  Loading font from ThemeDir: Error
21:878  0:003  theme inited
21:880  0:001  Chosen theme tonymacx86
21:882  0:001  after NVRAM boot-args=dart=0 nv_disable=1
21:883  0:001  Scanning legacy ...
21:885  0:001  === [ Dump SMC keys from NVRAM ] ================
21:887  0:001  found AppleSMC protocol
21:888  0:001  === [ ScanLoader ] ==============================
21:891  0:002  - [01]: 'Install macOS High Sierra'
22:031  0:140          AddLoaderEntry for Volume Name=Install macOS High Sierra
26:297  4:265          AddLoaderEntry for Volume Name=Install macOS High Sierra
26:299  0:001          skipped because entry is hidden
26:300  0:001  - [08]: 'EFI'
29:939  3:639          AddLoaderEntry for Volume Name=EFI
29:942  0:002          skipped because entry is hidden
29:944  0:001  - [09]: 'MacintoshSSD'
29:954  0:009          AddLoaderEntry for Volume Name=MacintoshSSD
29:959  0:004      Check if volume Is Hibernated:
29:961  0:001      Check sleep image 'by signature':
29:973  0:012      read prefs \Library\Preferences\com.apple.PowerManagement.plist status=Success
29:974  0:001      using default sleep image name = \private\var\vm\sleepimage
29:980  0:005      sleepimage not found -> Not Found
29:982  0:001      hibernated: no - sign
33:822  3:840  - [10]: 'Recovery HD'
33:826  0:003          AddLoaderEntry for Volume Name=Recovery HD
37:679  3:852  - [11]: 'EFI'
41:325  3:645  - [14]: 'MacSystemOS'
44:964  3:638  - [15]: 'MisCosas'
48:607  3:643  === [ AddCustomTool ] ===========================
48:666  0:059  found tool \EFI\CLOVER\tools\Shell64U.efi
48:667  0:001  Checking EFI partition Volume 8 for Clover
48:669  0:001   Found Clover
48:981  0:311  === [ GetEfiBootDeviceFromNvram ] ===============
48:982  0:001  Default boot entry not found
48:984  0:001  DefaultIndex=-1 and MainMenu.Entries.size()=9
49:654  0:669  GUI ready
60:005  10:351  exit from MainMenu 1
60:008  0:002  ParseBootOption: invalid boot variable
60:010  0:001  BootVariable of the entry is empty
60:011  0:001  === [ StartLoader ] =============================
60:013  0:001  Finally: ExternalClock=328MHz BusSpeed=327976kHz CPUFreq=2788MHz PIS: hw.busfrequency=1312000000Hz
60:016  0:003  start loader
60:018  0:001  Loading boot.efi  status=Success
60:083  0:064  GetOSVersion: 10.13.6 (17G66)
60:086  0:003  CSR_CFG: CSR_ALLOW_UNTRUSTED_KEXTS | CSR_ALLOW_UNRESTRICTED_FS
60:089  0:002  Will not patch boot.efi
60:091  0:001  === [ PatchSmbios ] =============================
60:092  0:001  insert table 9 for dev 0:0
60:094  0:001  insert table 9 for dev 0:0
60:096  0:002  Detected alternating SMBIOS channel banks
60:098  0:001  Channels: 2
60:099  0:001  Interleave: 0 2 1 3 4 6 5 7 8 10 9 11 12 14 13 15 16 18 17 19 20 22 21 23
60:142  0:042  SMBIOS Type 17 Index = 0 => 0 0:
60:144  0:001  BANK 0 DIMM0 800MHz 2048MB(Ext:0MB)
60:146  0:002  SMBIOS Type 17 Index = 1 => 1 2:
60:149  0:002  BANK 1 DIMM0 800MHz 2048MB(Ext:0MB)
60:151  0:001  mTotalSystemMemory = 4096
60:152  0:001  NumberOfMemoryDevices = 2
60:154  0:001  Type20[0]->End = 0x1FFFFF, Type17[0] = 0x800
60:156  0:001  Type20[1]->End = 0x3FFFFF, Type17[1] = 0x1800
60:157  0:001  === [ PatchACPI ] ===============================
60:159  0:001  Xsdt is not found! Creating new one
60:161  0:001  RsdPointer is Acpi 1.0 - creating new one Acpi 2.0
60:162  0:001  RsdPointer Acpi 2.0 installed
60:164  0:001  RSDT entries = 7
60:167  0:002  Xsdt reallocation done
60:168  0:001  old FADT length=84
60:170  0:001   SignatureFixup: 0x0 -> 0x0
60:172  0:001  Apply DsdtFixMask=0x00009051
60:174  0:001     drop _DSM mask=0xFFFF
60:175  0:001  === [ FixBiosDsdt ] =============================
60:177  0:001    0 replacements
60:179  0:001  found PIC had IRQNoFlag will move -3 bytes
60:181  0:001  Start HPET Fix
60:183  0:002  Name HDAC present at 0x3EFB, renaming to HDEF
60:184  0:001  Name HDAC present at 0x4241, renaming to HDEF
60:188  0:003  PreCleanup XSDT: count=7, length=92
60:190  0:001  PreCleanup XSDT, corrected XSDT: count=7, length=92
60:191  0:001  === [ ACPIDropTables ] ==========================
60:193  0:001  ApicCPUNum=4
60:195  0:001  Cleanup XSDT: count=7, length=92
60:196  0:001  corrected XSDT count=7, length=92
60:198  0:001  === [ RestSetup macOS ] =========================
60:200  0:001  mem_detected 256Mb
60:201  0:001  read_nVidia_ROM
60:203  0:001  Using PRAMIN fixups
60:292  0:088  version 60.84.49.00.00
60:293  0:001  nVidia MSI GeForce 8600 GT  256MB NV84 [10DE:0402] :: PcieRoot(0x0)\Pci(0x1,0x0)\Pci(0x0,0x0) => device #1
60:297  0:003  Nvidia: VideoPorts: undefined, default to: 2
60:300  0:003  set NVCAP: 04000000-00000300-0C000000-00000007-00000000
60:302  0:001   setting specified layout-id=1 (0x1)
60:303  0:001  stringlength = 3268
60:305  0:001  CurrentMode: Width=1280 Height=1024
60:307  0:001  Beginning FSInjection
60:310  0:002  Use origin smbios table type 1 guid.
60:313  0:003  Preparing kexts injection for arch=x86_64 from EFI\CLOVER\kexts\Other
60:315  0:001  ->Extra kext: EFI\CLOVER\kexts\Other\XHCI-x99-injector.kext (v.0.5.0)
60:353  0:038  ->Extra kext: EFI\CLOVER\kexts\Other\XHCI-300-series-injector.kext (v.0.5.0)
60:392  0:038  ->Extra kext: EFI\CLOVER\kexts\Other\XHCI-200-series-injector.kext (v.0.5.0)
60:431  0:038  ->Extra kext: EFI\CLOVER\kexts\Other\WhateverGreen.kext (v.1.3.7)
61:865  1:434  ->Extra kext: EFI\CLOVER\kexts\Other\VirtualSMC.kext (v.1.1.1)
62:230  0:364  ->Extra kext: EFI\CLOVER\kexts\Other\USBInjectAll.kext (v.0.6.5)
63:464  1:234  ->Extra kext: EFI\CLOVER\kexts\Other\SmallTreeIntel82576.kext (v.1.0.6)
64:076  0:612  ->Extra kext: EFI\CLOVER\kexts\Other\RealtekRTL8111.kext (v.2.2.1)
65:499  1:422  ->Extra kext: EFI\CLOVER\kexts\Other\NullCPUPowerManagement.kext (v.1.0.0d2)
65:938  0:438  ->Extra kext: EFI\CLOVER\kexts\Other\Lilu.kext (v.1.2.4)
66:425  0:487  ->Extra kext: EFI\CLOVER\kexts\Other\IntelMausiEthernet.kext (v.2.2.0)
67:028  0:602  ->Extra kext: EFI\CLOVER\kexts\Other\IntelGraphicsFixup.kext (v.1.2.7)
68:155  1:127  ->Extra kext: EFI\CLOVER\kexts\Other\FakeSMC.kext (v.1765)
68:638  0:483  ->Extra kext: EFI\CLOVER\kexts\Other\CodecCommander.kext (v.2.6.3)
69:027  0:388  ->Extra kext: EFI\CLOVER\kexts\Other\AtherosE2200Ethernet.kext (v.2.2.0)
69:332  0:305  ->Extra kext: EFI\CLOVER\kexts\Other\AppleALC.kext (v.1.2.8)
72:949  3:617  Preparing kexts injection for arch=x86_64 from EFI\CLOVER\kexts\Off
72:952  0:002  Preparing kexts injection for arch=x86_64 from EFI\CLOVER\kexts\10
72:954  0:001  Preparing kexts injection for arch=x86_64 from EFI\CLOVER\kexts\10_normal
72:956  0:001  Preparing kexts injection for arch=x86_64 from EFI\CLOVER\kexts\10.13
72:957  0:001  Preparing kexts injection for arch=x86_64 from EFI\CLOVER\kexts\10.13_normal
72:959  0:001  Preparing kexts injection for arch=x86_64 from EFI\CLOVER\kexts\10.13.6
72:961  0:001  Preparing kexts injection for arch=x86_64 from EFI\CLOVER\kexts\10.13.6_normal
72:972  0:011  SetScreenResolution: 1280x1024 - already set
72:975  0:003  Custom boot is disabled
72:977  0:001  Closing log
75:091  2:113  USB UHCI reset for device 27C8
75:093  0:002  USB UHCI reset for device 27C9
75:096  0:002  USB UHCI reset for device 27CA
75:099  0:002  USB UHCI reset for device 27CB
75:101  0:002  Legacy USB Off Done
75:103  0:002  USB EHCI Ownership for device 27CC value=1000001
0:100  0:100  MemLog inited, TSC freq: 2787796785
0:100  0:000  CPU was calibrated with ACPI PM Timer
0:100  0:000  LegacyRegion2: Chipset/proc: 0x29C08086
0:100  0:000   Intel Series 4 and similar (PAM 0x90-0x96)
0:100  0:000   Test PAM1=(0x41=90, 0x5a=00, 0x81=00, 0x91=11) at chipset 29C08086
0:100  0:000  , Install = Success
0:111  0:011  BiosVideoDriverBindingStart!
0:111  0:000  BiosVideoCheckForVbe
0:111  0:000  EdidOverride not found
0:337  0:226   Edid1-
0:564  0:226   Edid0-
0:751  0:186   Edid1-
0:813  0:062   Edid0+
0:813  0:000   found Detail Timing 1366x768
0:825  0:012     0 640x480 attr=3BF - ok, edid+, 640x480, working, highest, pref=0
0:826  0:000     1 800x600 attr=3BF - ok, edid+, 800x600, working, highest, pref=1
0:826  0:000     2 1024x768 attr=3BF - ok, edid+, 1024x768, working, highest, pref=2
0:827  0:000     3 1280x1024 attr=3BF - ok, edid+, working, highest, pref=3
0:830  0:003     4 1600x1200 attr=3BF - ok, edid-
0:830  0:000  BV new mode: 3 1280x1024
1:148  0:317   SetMode pref 3 (3) = Success
9:864  8:716  
9:864  0:000  Now is 01.03.2021,  16:40:58 (GMT)
9:864  0:000  Starting Clover revision: 5107 (HEAD, commit a3f3053c3) on CLOVER EFI
9:864  0:000  Build with: [Args: -D NO_GRUB_DRIVERS_EMBEDDED -t GCC53 | -D NO_GRUB_DRIVERS_EMBEDDED --conf=/Users/macman/CloverBootloader/Conf -D USE_LOW_EBDA -a X64 -b RELEASE -t GCC53 -n 17 | OS: 10.14.6]
9:864  0:000  SelfDevicePath=PcieRoot(0x0)\Pci(0x1D,0x7)\USB(0x4,0x0)\HD(1,MBR,0xA5BA0AB8,0x800,0x1D15000) @CA6F4898
9:864  0:000  SelfDirPath = \EFI\CLOVER
9:864  0:000  Clover : Image base = 0xCB3F2000
10:620  0:755  SimpleTextEx Status=Success
10:620  0:000  === [ Get Smbios ] ==============================
10:620  0:000  Type 16 Index = 0
10:620  0:000  Total Memory Slots Count = 2
10:620  0:000  Type 17 Index = 0
10:620  0:000  Ignoring insane frequency value 0MHz
10:620  0:000  SmbiosTable.Type17->Speed = 0MHz
10:620  0:000  SmbiosTable.Type17->Size = 2048MB
10:620  0:000  SmbiosTable.Type17->Bank/Device = BANK0 DIMM0
10:620  0:000  SmbiosTable.Type17->Vendor = Manufacturer0
10:620  0:000  SmbiosTable.Type17->SerialNumber = SerNum0
10:620  0:000  SmbiosTable.Type17->PartNumber = PartNum0
10:620  0:000  Type 17 Index = 1
10:620  0:000  Ignoring insane frequency value 0MHz
10:620  0:000  SmbiosTable.Type17->Speed = 0MHz
10:620  0:000  SmbiosTable.Type17->Size = 2048MB
10:620  0:000  SmbiosTable.Type17->Bank/Device = BANK1 DIMM1
10:620  0:000  SmbiosTable.Type17->Vendor = Manufacturer1
10:620  0:000  SmbiosTable.Type17->SerialNumber = SerNum1
10:620  0:000  SmbiosTable.Type17->PartNumber = PartNum1
10:620  0:000  Boot status=0
10:620  0:000  Running on: 'To Be Filled By O.E.M.' with board 'G31M-S. '
10:620  0:000  === [ GetCPUProperties ] ========================
10:620  0:000  CPU Vendor = 756E6547 Model=1067A
10:620  0:000   The CPU supported SSE4.1
10:620  0:000  BrandString = Intel(R) Core(TM)2 Quad CPU    Q9500  @ 2.83GHz
10:620  0:000  got cores from CPUID_1 = 4
10:620  0:000   The CPU not supported turbo
10:620  0:000  MSR dumps:
10:620  0:000  	@0x00CD=80000A04
10:620  0:000  	@0x0198=616482506004825
10:620  0:000  FSBFrequency = 334 MHz, DMI FSBFrequency = 333 MHz, Corrected FSBFrequency = 333 MHz
10:620  0:000  MaxDiv/MinDiv: 8.5/6
10:620  0:000  Turbo: 9/0/0/0
10:620  0:000  Features: 0xBFEBFBFF
10:620  0:000  Threads: 4
10:620  0:000  Cores: 4
10:620  0:000  FSB: 333 MHz
10:620  0:000  CPU: 2833 MHz
10:620  0:000  TSC: 2833 MHz
10:620  0:000  PIS: 1333 MHz
10:620  0:000  ExternalClock: 333 MHz
10:620  0:000  === [ GetDevices ] ==============================
10:620  0:000  GOP found at: PcieRoot(0x0)/Pci(0x1,0x0)/Pci(0x0,0x0)/AcpiAdr(0x80010100)
10:620  0:000  PCI (00|00:00.00) : 8086 29C0 class=060000
10:620  0:000  PCI (00|00:01.00) : 8086 29C1 class=060400
10:620  0:000  PCI (00|04:00.00) : 10DE 0402 class=030000
10:620  0:000   - GOP: Provided by device
10:620  0:000   - GFX: Model=MSI GeForce 8600 GT family 84 (Tesla)
10:620  0:000  PCI (00|00:1B.00) : 8086 27D8 class=040300
10:620  0:000  PCI (00|00:1C.00) : 8086 27D0 class=060400
10:620  0:000  PCI (00|00:1C.01) : 8086 27D2 class=060400
10:620  0:000  PCI (00|01:00.00) : 10EC 8136 class=020000
10:620  0:000   - LAN: 0 Vendor=Realtek
10:620  0:000  PCI (00|00:1D.00) : 8086 27C8 class=0C0300
10:621  0:000  PCI (00|00:1D.01) : 8086 27C9 class=0C0300
10:621  0:000  PCI (00|00:1D.02) : 8086 27CA class=0C0300
10:621  0:000  PCI (00|00:1D.03) : 8086 27CB class=0C0300
10:621  0:000  PCI (00|00:1D.07) : 8086 27CC class=0C0320
10:621  0:000  PCI (00|00:1E.00) : 8086 244E class=060401
10:621  0:000  PCI (00|00:1F.00) : 8086 27B8 class=060100
10:621  0:000  PCI (00|00:1F.02) : 8086 27C0 class=01018A
10:621  0:000  PCI (00|00:1F.03) : 8086 27DA class=0C0500
10:621  0:000  === [ GetDefaultSettings ] ======================
10:621  0:000  Clover load options size = 0 bytes
10:643  0:022  CheckOEMPathExists tried EFI\CLOVER\OEM\To Be Filled By O.E.M.--00-00-00-00-00-00. Dir not exists
10:644  0:000  CheckOEMPathExists tried EFI\CLOVER\OEM\To Be Filled By O.E.M.. Dir not exists
10:644  0:000  CheckOEMPathExists tried EFI\CLOVER\OEM\To Be Filled By O.E.M.-2833. Dir not exists
10:644  0:000  CheckOEMPathExists tried EFI\CLOVER\OEM\G31M-S. . Dir not exists
10:644  0:000  CheckOEMPathExists tried EFI\CLOVER\OEM\G31M-S. -2833. Dir not exists
10:644  0:000  set OEMPath by default: EFI\CLOVER
10:668  0:023  EFI\CLOVER\config.plist loaded: Success
10:668  0:000  === [ GetListOfThemes ] =========================
10:668  0:000  - [00]: embedded
10:702  0:034  - [00]: random
10:736  0:034  - [00]: tonymacx86
10:748  0:011  === [ Found config plists ] =====================
10:748  0:000  - config.plist
10:748  0:000  === [ GetEarlyUserSettings ] ====================
10:748  0:000  timeout set to 3
10:748  0:000  Custom boot CUSTOM_BOOT_DISABLED (0x0)
10:756  0:007  Default theme: embedded
10:757  0:001  Hiding entries with string Windows
10:759  0:001  Hiding entries with string BOOTX64.EFI
10:760  0:001  === [ LoadDrivers ] =============================
10:785  0:024  Loading apfs.efi  status=Success
12:411  1:625   - driver needs connecting
12:412  0:001  Loading ApfsDriverLoader.efi  status=Success
12:457  0:044   - driver needs connecting
12:459  0:001  Loading AudioDxe.efi  status=Success
12:578  0:119   - driver needs connecting
12:579  0:001  Loading FSInject.efi  status=Success
12:641  0:062  Loading GrubEXFAT.efi  status=Success
12:818  0:176   - driver needs connecting
12:819  0:001  Loading GrubNTFS.efi  status=Success
13:030  0:210   - driver needs connecting
13:032  0:002  Loading NTFS.efi  status=Success
13:414  0:381   - driver needs connecting
13:415  0:001  Loading VirtualSmc.efi  status=Success
13:544  0:128  Loading XhciDxe.efi  status=Success
13:629  0:085   - driver needs connecting
13:630  0:001  7 drivers needs connecting ...
13:632  0:001  PlatformDriverOverrideProtocol->GetDriver overriden
13:634  0:001  APFS driver loaded
17:240  3:606  === [ InitScreen ] ==============================
17:242  0:001  Console modes reported: 4, available modes:
17:245  0:002   - [01]: 80x25
17:246  0:001   - [02]: 80x50
17:248  0:001   - [03]: 100x31
17:250  0:001   - [04]: 160x53 (current mode)
17:251  0:001  SetScreenResolution: 1920x1080 - not found!
17:255  0:003  SetScreenResolution: 1280x1024 - already set
17:258  0:003  reinit: self device path=PcieRoot(0x0)\Pci(0x1D,0x7)\USB(0x4,0x0)\HD(1,MBR,0xA5BA0AB8,0x800,0x1D15000)
17:260  0:001  new SelfHandle=CA6F4898
17:320  0:060  Using embedded font: Success
17:323  0:002  === [ GetMacAddress ] ===========================
17:326  0:002  === [ ScanSPD ] =================================
17:328  0:001  Scanning SMBus [8086:27DA], mmio: 0x0, ioport: 0x400, hostc: 0x1
17:445  0:117  Slot: 0 Type 19 2048MB 800MHz Vendor=Kingston PartNo= SerialNo=040B0C0C09020907
17:557  0:111  Slot: 2 Type 19 2048MB 800MHz Vendor=SK Hynix PartNo=HMP125U6EFR8C-S6 SerialNo=0000000004000102
17:564  0:006  === [ GetAcpiTablesList ] =======================
17:566  0:001  Get Acpi Tables List from RSDT:
17:569  0:003   - [00]: FACP  OEMFACP  len=132
17:572  0:002   - [01]: APIC  APIC2110 len=108
17:573  0:001   - [02]: MCFG  OEMMCFG  len=60
17:575  0:001   - [03]: OEMB  OEMB2110 len=114
17:577  0:001   - [04]: AAFT  OEMAAFT  len=39
17:578  0:001   - [05]: HPET  OEMHPET  len=56
17:580  0:001   - [06]: GSCI  GMCHSCI  len=8228
17:581  0:001  Calibrated TSC Frequency = 2787796785 = 2787MHz
17:584  0:002  === [ GetUserSettings ] =========================
17:585  0:001  USB FixOwnership: yes
17:587  0:001  Dropping 1 tables:
17:590  0:002   - [00]: Drop table  signature="MATS" (5354414D)
17:603  0:013           - set table: 5354414D,                0 to drop: no
17:606  0:003   - final DSDT Fix mask=00009051
17:608  0:001  ResetAddr: 0x64
17:609  0:001  Calc ResetVal: 0xFE
17:611  0:001  Using ProductName from config: MacPro6,1
17:613  0:001  Using latest BiosVersion from config
17:614  0:001  BiosVersion: MP61.88Z.F000.B00.1912181758
17:616  0:001  BiosReleaseDate: 12/18/2019
17:618  0:001  Using latest EfiVersion from clover: 135.0.0.0.0
17:622  0:003  Using FirmwareFeatures from config: 0xE80FE136
17:623  0:001  Using FirmwareFeaturesMask from config: 0xFF1FFF7F
17:625  0:001  Board-ID set from config as Mac-F60DEB81FF30ACF6
17:627  0:001  BoardType: 0xB
17:628  0:001  ChassisType: 0x2
17:630  0:001  CpuType: 0
17:632  0:001  Converted CustomUUID 55ADE930-5FDF-5EC4-8429-15640684C489
17:656  0:024  === [ Found DSDT tables ] =======================
20:598  2:941  === [ ScanVolumes ] =============================
20:601  0:002  Found 16 volumes with blockIO
20:603  0:001  - [00]: Volume: PcieRoot(0x0)\Pci(0x1D,0x7)\USB(0x4,0x0)
20:617  0:014          Result of bootcode detection: bootable unknown (legacy)
20:619  0:001  - [01]: Volume: PcieRoot(0x0)\Pci(0x1D,0x7)\USB(0x4,0x0)\HD(1,MBR,0xA5BA0AB8,0x800,0x1D15000)
20:634  0:014          Result of bootcode detection: bootable unknown (legacy)
20:635  0:001          This is SelfVolume !!
20:637  0:001  - [02]: Volume: PcieRoot(0x0)\Pci(0x1D,0x7)\USB(0x6,0x0)\Unit(0x0)
20:642  0:004  - [03]: Volume: PcieRoot(0x0)\Pci(0x1D,0x7)\USB(0x6,0x0)\Unit(0x1)
20:645  0:003  - [04]: Volume: PcieRoot(0x0)\Pci(0x1D,0x7)\USB(0x6,0x0)\Unit(0x2)
20:648  0:003  - [05]: Volume: PcieRoot(0x0)\Pci(0x1D,0x7)\USB(0x6,0x0)\Unit(0x3)
20:651  0:003  - [06]: Volume: PcieRoot(0x0)\Pci(0x1F,0x2)\Ata(0x0)
20:655  0:003  - [07]: Volume: PcieRoot(0x0)\Pci(0x1F,0x2)\Ata(0x0)
20:713  0:058  - [08]: Volume: PcieRoot(0x0)\Pci(0x1F,0x2)\Ata(0x0)\HD(1,GPT,68A670F3-BF22-4A96-A7E4-DF8AA8AD42F4,0x28,0x64000)
20:718  0:004          Result of bootcode detection: bootable unknown (legacy)
20:720  0:001  - [09]: Volume: PcieRoot(0x0)\Pci(0x1F,0x2)\Ata(0x0)\HD(2,GPT,8335DD5E-AAFA-4616-8D0D-FCCDD448A878,0x64028,0xDDFAC40)
20:725  0:005  - [10]: Volume: PcieRoot(0x0)\Pci(0x1F,0x2)\Ata(0x0)\HD(3,GPT,5CE6BF79-C6A1-4B34-9295-BCCCEBAD6920,0xDE5EC68,0x135F20)
20:729  0:004  - [11]: Volume: PcieRoot(0x0)\Pci(0x1F,0x2)\Ata(0x0)\HD(1,GPT,7B35CEED-2DD2-436E-8402-BD66FFDCE78E,0x28,0x64000)
20:733  0:003          Result of bootcode detection: bootable unknown (legacy)
20:746  0:012  - [12]: Volume: PcieRoot(0x0)\Pci(0x1F,0x2)\Ata(0x0)\HD(2,GPT,6DEC6A5A-4E4D-4EAB-BC7B-4ABDD91FB88A,0x64028,0x1D170FF0)
20:753  0:007          Result of bootcode detection: bootable unknown (legacy)
20:755  0:001  - [13]: Volume: PcieRoot(0x0)\Pci(0x1F,0x2)\Ata(0x0)\HD(3,GPT,552978A0-BB01-43B4-9BD4-52D6BFB276C8,0x1D215018,0x1D130FF0)
20:773  0:018          Result of bootcode detection: bootable unknown (legacy)
20:775  0:001  - [14]: Volume: PcieRoot(0x0)\Pci(0x1F,0x2)\Ata(0x0)\HD(2,GPT,6DEC6A5A-4E4D-4EAB-BC7B-4ABDD91FB88A,0x64028,0x1D170FF0)\VenMedia(BE74FCF7-0B7C-49F3-9147-01F4042E6842,6EA560A71EF570309FBEFFDF442CCABA)
20:779  0:004  - [15]: Volume: PcieRoot(0x0)\Pci(0x1F,0x2)\Ata(0x0)\HD(3,GPT,552978A0-BB01-43B4-9BD4-52D6BFB276C8,0x1D215018,0x1D130FF0)\VenMedia(BE74FCF7-0B7C-49F3-9147-01F4042E6842,098B5765BE284B368BD266864CA3F285)
20:783  0:003  Searching volumes for latest nvram.plist ...
20:786  0:003  loaded Status=Not Found
20:789  0:002  PutNvramPlistToRtVars: nvram.plist not found
20:791  0:001  found 1 handles with audio
20:792  0:001  No AudioIoDevice stored
20:794  0:001  no stored audio parameters
20:796  0:001  Found Audio Device Realtek ALC662v2 (LineOut) at index 0
20:797  0:001  Found Audio Device Realtek ALC662v2 (Headphones) at index 1
20:799  0:001  === [ InitTheme ] ===============================
20:801  0:001  use daylight theme
20:802  0:001   using embedded theme
20:804  0:001  got embedded sound
20:807  0:002    Channels: 2  Sample rate: 8000 Hz  Bits: 16
20:808  0:001  output to channel 0 with volume 70, len=25600
20:810  0:001   sound channels=2 bits=16 freq=8000
20:812  0:002  sound converted to 48kHz
20:814  0:001  not found AudioIo to play
20:816  0:001  sound play end with status=Not Found
20:819  0:003  Using embedded font: Success
20:821  0:002  theme inited
20:822  0:001  Chosen embedded theme
20:824  0:001  after NVRAM boot-args=dart=0 PCIRootUID=0 USBBusFix=Yes -v
20:826  0:001  Scanning legacy ...
20:828  0:002  === [ Dump SMC keys from NVRAM ] ================
20:830  0:001  found AppleSMC protocol
20:832  0:001  === [ ScanLoader ] ==============================
20:833  0:001  - [01]: 'Install macOS High Sierra'
20:974  0:140          AddLoaderEntry for Volume Name=Install macOS High Sierra
28:546  7:572  using VolumeIcon.icns image from Volume
28:686  0:140          AddLoaderEntry for Volume Name=Install macOS High Sierra
28:688  0:001          skipped because entry is hidden
28:691  0:003  - [08]: 'EFI'
28:699  0:008          AddLoaderEntry for Volume Name=EFI
28:702  0:002          skipped because entry is hidden
28:703  0:001  - [09]: 'MacintoshSSD'
28:712  0:008          AddLoaderEntry for Volume Name=MacintoshSSD
28:716  0:003      Check if volume Is Hibernated:
28:718  0:001      Check sleep image 'by signature':
28:729  0:011      read prefs \Library\Preferences\com.apple.PowerManagement.plist status=Success
28:732  0:002      using default sleep image name = \private\var\vm\sleepimage
28:738  0:005      sleepimage not found -> Not Found
28:739  0:001      hibernated: no - sign
28:742  0:002  - [10]: 'Recovery HD'
28:747  0:004          AddLoaderEntry for Volume Name=Recovery HD
28:750  0:003  - [11]: 'EFI'
28:754  0:003  - [14]: 'MacSystemOS'
28:761  0:007  - [15]: 'MisCosas'
28:772  0:010  === [ AddCustomTool ] ===========================
28:774  0:001  found tool \EFI\CLOVER\tools\Shell64U.efi
28:775  0:001  Checking EFI partition Volume 8 for Clover
28:778  0:002   Found Clover
28:781  0:002  === [ GetEfiBootDeviceFromNvram ] ===============
28:783  0:001  Default boot entry not found
28:784  0:001  DefaultIndex=-1 and MainMenu.Entries.size()=9
28:857  0:072  GUI ready
38:405  9:548  exit from MainMenu 1
42:655  4:249  exit from MainMenu 1
42:657  0:001  ParseBootOption: invalid boot variable
42:658  0:001  BootVariable of the entry is empty
42:660  0:001  === [ StartLoader ] =============================
42:662  0:001  Finally: ExternalClock=328MHz BusSpeed=327977kHz CPUFreq=2788MHz PIS: hw.busfrequency=1312000000Hz
42:666  0:004  start loader
42:668  0:001  Loading boot.efi  status=Success
42:733  0:064  GetOSVersion: 10.13.6 (17G66)
42:736  0:003  CSR_CFG: CSR_ALLOW_UNTRUSTED_KEXTS | CSR_ALLOW_UNRESTRICTED_FS
42:738  0:001  Will not patch boot.efi
42:739  0:001  === [ PatchSmbios ] =============================
42:741  0:001  insert table 9 for dev 0:0
42:743  0:001  insert table 9 for dev 0:0
42:745  0:002  Trusting SMBIOS...
42:748  0:002  Detected alternating SMBIOS channel banks
42:749  0:001  Channels: 2
42:751  0:001  Interleave: 0 2 1 3 4 6 5 7 8 10 9 11 12 14 13 15 16 18 17 19 20 22 21 23
42:794  0:042   partNum=PartNum0
42:796  0:001  SMBIOS Type 17 Index = 0 => 0 0:
42:797  0:001   DIMM1 800MHz 2048MB(Ext:827149641MB)
42:799  0:001   partNum=PartNum1
42:801  0:001  SMBIOS Type 17 Index = 1 => 1 2:
42:802  0:001   DIMM2 800MHz 2048MB(Ext:843926857MB)
42:804  0:001  mTotalSystemMemory = 4096
42:806  0:001  NumberOfMemoryDevices = 2
42:808  0:002  Type20[0]->End = 0x1FFFFF, Type17[0] = 0x800
42:810  0:001  Type20[1]->End = 0x3FFFFF, Type17[1] = 0x1800
42:812  0:001  === [ PatchACPI ] ===============================
42:813  0:001  Xsdt is not found! Creating new one
42:815  0:001  RsdPointer is Acpi 1.0 - creating new one Acpi 2.0
42:817  0:001  RsdPointer Acpi 2.0 installed
42:818  0:001  RSDT entries = 7
42:820  0:001  Xsdt reallocation done
42:822  0:001  old FADT length=84
42:823  0:001   SignatureFixup: 0x0 -> 0x0
42:826  0:002  Apply DsdtFixMask=0x00009051
42:828  0:001     drop _DSM mask=0xFFFF
42:829  0:001  === [ FixBiosDsdt ] =============================
42:831  0:001    0 replacements
42:833  0:001  found PIC had IRQNoFlag will move -3 bytes
42:835  0:001  Start HPET Fix
42:837  0:002  Name HDAC present at 0x3EFB, renaming to HDEF
42:839  0:001  Name HDAC present at 0x4241, renaming to HDEF
42:841  0:002  PreCleanup XSDT: count=7, length=92
42:843  0:001  PreCleanup XSDT, corrected XSDT: count=7, length=92
42:846  0:002  === [ ACPIDropTables ] ==========================
42:847  0:001  ApicCPUNum=4
42:849  0:001  Cleanup XSDT: count=7, length=92
42:851  0:001  corrected XSDT count=7, length=92
42:852  0:001  === [ RestSetup macOS ] =========================
42:854  0:001  mem_detected 256Mb
42:856  0:001  read_nVidia_ROM
42:857  0:001  Using PRAMIN fixups
42:945  0:087  version 60.84.49.00.00
42:946  0:001  nVidia MSI GeForce 8600 GT  256MB NV84 [10DE:0402] :: PcieRoot(0x0)\Pci(0x1,0x0)\Pci(0x0,0x0) => device #1
42:951  0:004  Nvidia: VideoPorts: undefined, default to: 2
42:954  0:003  set NVCAP: 04000000-00000300-0C000000-00000007-00000000
42:956  0:001   setting specified layout-id=1 (0x1)
42:958  0:001  stringlength = 3360
42:960  0:001  CurrentMode: Width=1280 Height=1024
42:961  0:001  Beginning FSInjection
42:964  0:002  Use origin smbios table type 1 guid.
42:966  0:002  Preparing kexts injection for arch=x86_64 from EFI\CLOVER\kexts\Other
42:968  0:001  ->Extra kext: EFI\CLOVER\kexts\Other\XHCI-x99-injector.kext (v.0.5.0)
43:008  0:039  ->Extra kext: EFI\CLOVER\kexts\Other\XHCI-300-series-injector.kext (v.0.5.0)
43:046  0:038  ->Extra kext: EFI\CLOVER\kexts\Other\XHCI-200-series-injector.kext (v.0.5.0)
43:085  0:038  ->Extra kext: EFI\CLOVER\kexts\Other\WhateverGreen.kext (v.1.3.7)
44:519  1:433  ->Extra kext: EFI\CLOVER\kexts\Other\VirtualSMC.kext (v.1.1.1)
44:882  0:362  ->Extra kext: EFI\CLOVER\kexts\Other\USBInjectAll.kext (v.0.6.5)
46:116  1:234  ->Extra kext: EFI\CLOVER\kexts\Other\SmallTreeIntel82576.kext (v.1.0.6)
46:730  0:614  ->Extra kext: EFI\CLOVER\kexts\Other\RealtekRTL8111.kext (v.2.2.1)
48:154  1:423  ->Extra kext: EFI\CLOVER\kexts\Other\NullCPUPowerManagement.kext (v.1.0.0d2)
48:594  0:439  ->Extra kext: EFI\CLOVER\kexts\Other\Lilu.kext (v.1.2.4)
49:081  0:487  ->Extra kext: EFI\CLOVER\kexts\Other\IntelMausiEthernet.kext (v.2.2.0)
49:683  0:601  ->Extra kext: EFI\CLOVER\kexts\Other\IntelGraphicsFixup.kext (v.1.2.7)
50:810  1:127  ->Extra kext: EFI\CLOVER\kexts\Other\FakeSMC.kext (v.1765)
51:294  0:484  ->Extra kext: EFI\CLOVER\kexts\Other\CodecCommander.kext (v.2.6.3)
51:683  0:388  ->Extra kext: EFI\CLOVER\kexts\Other\AtherosE2200Ethernet.kext (v.2.2.0)
51:989  0:305  ->Extra kext: EFI\CLOVER\kexts\Other\AppleALC.kext (v.1.2.8)
55:605  3:616  Preparing kexts injection for arch=x86_64 from EFI\CLOVER\kexts\Off
55:607  0:001  Preparing kexts injection for arch=x86_64 from EFI\CLOVER\kexts\10
55:608  0:001  Preparing kexts injection for arch=x86_64 from EFI\CLOVER\kexts\10_normal
55:611  0:002  Preparing kexts injection for arch=x86_64 from EFI\CLOVER\kexts\10.13
55:613  0:001  Preparing kexts injection for arch=x86_64 from EFI\CLOVER\kexts\10.13_normal
55:614  0:001  Preparing kexts injection for arch=x86_64 from EFI\CLOVER\kexts\10.13.6
55:616  0:001  Preparing kexts injection for arch=x86_64 from EFI\CLOVER\kexts\10.13.6_normal
55:626  0:010  SetStartupDiskVolume:
55:628  0:001    * Volume: 'MacintoshSSD'
55:630  0:001    * LoaderPath: '<null string>'
55:632  0:002    * DevPath: MacintoshSSD
55:634  0:001    * GUID = 8335DD5E-AAFA-4616-8D0D-FCCDD448A878
55:636  0:001    * efi-boot-device: <array><dict><key>IOMatch</key><dict><key>IOProviderClass</key><string>IOMedia</string><key>IOPropertyMatch</key><dict><key>UUID</key><string>8335DD5E-AAFA-4616-8D0D-FCCDD448A878</string></dict></dict></dict></array>
55:637  0:001  Custom boot screen not used because entry has unset use graphics
55:639  0:001  Closing log
58:028  2:389  USB UHCI reset for device 27C8
58:032  0:003  USB UHCI reset for device 27C9
58:035  0:002  USB UHCI reset for device 27CA
58:038  0:002  USB UHCI reset for device 27CB
58:040  0:002  Legacy USB Off Done
58:042  0:002  USB EHCI Ownership for device 27CC value=1000001
