0:100  0:100  MemLog inited, TSC freq: 2787795367
0:100  0:000  CPU was calibrated with ACPI PM Timer
0:100  0:000  LegacyRegion2: Chipset/proc: 0x29C08086
0:100  0:000   Intel Series 4 and similar (PAM 0x90-0x96)
0:100  0:000   Test PAM1=(0x41=90, 0x5a=00, 0x81=00, 0x91=11) at chipset 29C08086
0:100  0:000  , Install = Success
0:108  0:008  BiosVideoDriverBindingStart!
0:108  0:000  BiosVideoCheckForVbe
0:108  0:000  EdidOverride not found
0:335  0:226   Edid1-
0:562  0:226   Edid0-
0:748  0:186   Edid1-
0:811  0:062   Edid0+
0:811  0:000   found Detail Timing 1366x768
0:823  0:012     0 640x480 attr=3BF - ok, edid+, 640x480, working, highest, pref=0
0:823  0:000     1 800x600 attr=3BF - ok, edid+, 800x600, working, highest, pref=1
0:824  0:000     2 1024x768 attr=3BF - ok, edid+, 1024x768, working, highest, pref=2
0:824  0:000     3 1280x1024 attr=3BF - ok, edid+, working, highest, pref=3
0:827  0:003     4 1600x1200 attr=3BF - ok, edid-
0:827  0:000  BV new mode: 3 1280x1024
1:136  0:309   SetMode pref 3 (3) = Success
9:925  8:788  CloverX64 : Image base = 0xC9AE5000
9:925  0:000  
9:925  0:000  Now is 02.03.2021,  20:32:19 (GMT)
9:925  0:000  Starting Clover revision: 5131 (master, commit 949da631b) on CLOVER EFI
9:925  0:000  Build id: 20210221183006-949da63-5131-dirty
9:925  0:000  Build with: [Args: -D NO_GRUB_DRIVERS_EMBEDDED -D LESS_DEBUG -t GCC53 | -D NO_GRUB_DRIVERS_EMBEDDED -D LESS_DEBUG --conf=/Users/sergey/src/CloverBootloader/Conf -D USE_LOW_EBDA -a X64 -b RELEASE -t GCC53 -n 5 | OS: 10.14.6]
9:927  0:001  SimpleTextEx Status=Success
9:927  0:000  === [ GetDefaultSettings ] ======================
9:927  0:000  === [ Get Smbios ] ==============================
9:927  0:000  Type 16 Index = 0
9:927  0:000  Total Memory Slots Count = 2
9:927  0:000  Type 17 Index = 0
9:927  0:000  Ignoring insane frequency value 0MHz
9:927  0:000  Type 17 Index = 1
9:927  0:000  Ignoring insane frequency value 0MHz
9:927  0:000  Boot status=0
9:927  0:000  Running on: 'To Be Filled By O.E.M.' with board 'G31M-S. '
9:927  0:000  === [ GetCPUProperties ] ========================
9:927  0:000  CPU Vendor = 756E6547 Model=1067A
9:927  0:000   The CPU supported SSE4.1
9:927  0:000  BrandString = Intel(R) Core(TM)2 Quad CPU    Q9500  @ 2.83GHz
9:927  0:000  got cores from CPUID_1 = 4
9:927  0:000   The CPU not supported turbo
9:927  0:000   Energy PerfBias is  not visible:
9:927  0:000  MSR dumps:
9:927  0:000  	@0x00CD=80000a04
9:927  0:000  	@0x0198=616482506004825
9:927  0:000  FSBFrequency = 334 MHz, DMI FSBFrequency = 333 MHz, Corrected FSBFrequency = 333 MHz
9:927  0:000  MaxDiv/MinDiv: 8.5/6
9:927  0:000  Turbo: 9/0/0/0
9:927  0:000  Features: 0x408E3BDBFEBFBFF
9:927  0:000  Threads: 4
9:927  0:000  Cores: 4
9:927  0:000  FSB: 333 MHz
9:927  0:000  CPU: 2833 MHz
9:927  0:000  TSC: 2833 MHz
9:927  0:000  PIS: 1333 MHz
9:927  0:000  ExternalClock: 333 MHz
9:927  0:000  === [ GetDefaultCpuSettings ] ===================
9:927  0:000  === [ GetDevices ] ==============================
9:927  0:000  GOP found at: PcieRoot(0x0)/Pci(0x1,0x0)/Pci(0x0,0x0)/AcpiAdr(0x80010100)
9:927  0:000  PCI (00|00:00.00) : 8086 29C0 class=060000
9:927  0:000  PCI (00|00:01.00) : 8086 29C1 class=060400
9:927  0:000  PCI (00|04:00.00) : 10DE 0402 class=030000
9:927  0:000   - GOP: Provided by device
9:927  0:000   - GFX: Model=MSI GeForce 8600 GT family 84 (Tesla)
9:927  0:000  PCI (00|00:1B.00) : 8086 27D8 class=040300
9:927  0:000  PCI (00|00:1C.00) : 8086 27D0 class=060400
9:927  0:000  PCI (00|00:1C.01) : 8086 27D2 class=060400
9:927  0:000  PCI (00|01:00.00) : 10EC 8136 class=020000
9:927  0:000   - LAN: 0 Vendor=Realtek
9:927  0:000  PCI (00|00:1D.00) : 8086 27C8 class=0C0300
9:927  0:000  PCI (00|00:1D.01) : 8086 27C9 class=0C0300
9:927  0:000  PCI (00|00:1D.02) : 8086 27CA class=0C0300
9:927  0:000  PCI (00|00:1D.03) : 8086 27CB class=0C0300
9:927  0:000  PCI (00|00:1D.07) : 8086 27CC class=0C0320
9:927  0:000  PCI (00|00:1E.00) : 8086 244E class=060401
9:927  0:000  PCI (00|00:1F.00) : 8086 27B8 class=060100
9:927  0:000  PCI (00|00:1F.02) : 8086 27C0 class=01018A
9:927  0:000  PCI (00|00:1F.03) : 8086 27DA class=0C0500
9:927  0:000  Clover load options size = 0 bytes
9:927  0:000  _checkOEMPath Look for oem dir at path '\EFI\CLOVER\OEM\To Be Filled By O.E.M.--00-00-00-00-00-00'. Dir doesn't exist.
9:927  0:000  _checkOEMPath Look for oem dir at path '\EFI\CLOVER\OEM\To Be Filled By O.E.M.'. Dir doesn't exist.
9:927  0:000  _checkOEMPath Look for oem dir at path '\EFI\CLOVER\OEM\To Be Filled By O.E.M.-2833'. Dir doesn't exist.
9:927  0:000  _checkOEMPath Look for oem dir at path '\EFI\CLOVER\OEM\G31M-S. '. Dir doesn't exist.
9:927  0:000  _checkOEMPath Look for oem dir at path '\EFI\CLOVER\OEM\G31M-S. -2833'. Dir doesn't exist.
9:929  0:001  Using config.plist at path: \EFI\CLOVER
9:929  0:000  \EFI\CLOVER\config.plist  loaded: Success
9:929  0:000  === [ GetListOfThemes ] =========================
9:930  0:000  - [00]: BeautyDark
9:932  0:002  - [01]: Carbon
9:933  0:001  - [02]: Catalina
9:934  0:001  - [03]: Catalina4k
9:936  0:001  - [04]: HexagonDark
9:938  0:001  - [05]: HighSierra
9:939  0:001  - [06]: InsanelyLook
9:941  0:001  - [07]: Leather
9:942  0:001  - [08]: Lightness
9:943  0:000  - [09]: Luxury
9:945  0:002  - [10]: Luxury2.0
9:947  0:001  - [11]: Material
9:948  0:001  - [12]: MaterialBox
9:950  0:001  - [13]: MaterialDark
9:950  0:000  - [14]: Mojave
9:952  0:001  - [15]: Neon
9:953  0:001  - [16]: Nightwish
9:955  0:001  === [ Found config plists ] =====================
9:955  0:000  - config 2.plist
9:955  0:000  - config.plist
9:955  0:000  === [ GetEarlyUserSettings ] ====================
9:955  0:000  timeout set to 3
9:955  0:000  Custom boot CUSTOM_BOOT_DISABLED (0x0)
9:955  0:000  Default theme: embedded
9:955  0:000  Hiding entries with string Windows
9:955  0:000  Hiding entries with string BOOTX64.EFI
9:956  0:000  === [ LoadDrivers ] =============================
9:956  0:000  Loading apfs.efi  status=Success
9:960  0:003   - driver needs connecting
9:960  0:000  Loading ApfsDriverLoader.efi  status=Success
9:960  0:000   - driver needs connecting
9:960  0:000  Loading AudioDxe.efi  status=Success
9:960  0:000   - driver needs connecting
9:960  0:000  Loading FSInject.efi  status=Success
9:960  0:000  Loading GrubEXFAT.efi  status=Success
9:961  0:000   - driver needs connecting
9:961  0:000  Loading GrubISO9660.efi  status=Success
9:961  0:000   - driver needs connecting
9:961  0:000  Loading GrubNTFS.efi  status=Success
9:962  0:000   - driver needs connecting
9:962  0:000  Loading GrubUDF.efi  status=Success
9:962  0:000   - driver needs connecting
9:962  0:000  Loading HFSPlus.efi  status=Success
9:962  0:000   - driver needs connecting
9:962  0:000  Loading NTFS.efi  status=Success
9:963  0:000   - driver needs connecting
9:963  0:000  Loading VirtualSmc.efi  status=Success
10:064  0:100  Loading XhciDxe.efi  status=Success
10:064  0:000   - driver needs connecting
10:064  0:000  10 drivers needs connecting ...
10:064  0:000  PlatformDriverOverrideProtocol->GetDriver overriden
10:064  0:000  HFS+ driver loaded
10:064  0:000  APFS driver loaded
13:209  3:144  === [ InitScreen ] ==============================
13:209  0:000  Console modes reported: 4, available modes:
13:209  0:000   - [01]: 80x25
13:209  0:000   - [02]: 80x50
13:209  0:000   - [03]: 100x31
13:209  0:000   - [04]: 160x53 (current mode)
13:209  0:000  SetScreenResolution: 1366x768 - not found!
13:209  0:000  SetScreenResolution: 1280x1024 - already set
13:210  0:001  Using embedded font
13:211  0:000  === [ GetMacAddress ] ===========================
13:211  0:000  === [ ScanSPD ] =================================
13:211  0:000  Scanning SMBus [8086:27DA], mmio: 0x0, ioport: 0x400, hostc: 0x1
13:327  0:116  Slot: 0 Type 19 2048MB 800MHz Vendor=Kingston PartNo= SerialNo=4BCC9297
13:437  0:110  Slot: 2 Type 19 2048MB 800MHz Vendor=SK Hynix PartNo=HMP125U6EFR8C-S6 SerialNo=00004012
13:443  0:005  === [ GetAcpiTablesList ] =======================
13:443  0:000  Get Acpi Tables List from RSDT:
13:443  0:000   - [00]: FACP  OEMFACP  len=132
13:443  0:000   - [01]: APIC  APIC2110 len=108
13:443  0:000   - [02]: MCFG  OEMMCFG  len=60
13:443  0:000   - [03]: OEMB  OEMB2110 len=114
13:443  0:000   - [04]: AAFT  OEMAAFT  len=39
13:443  0:000   - [05]: HPET  OEMHPET  len=56
13:443  0:000   - [06]: GSCI  GMCHSCI  len=8228
13:443  0:000  Calibrated TSC Frequency = 2787795367 = 2787MHz
13:443  0:000  === [ GetUserSettings ] =========================
13:443  0:000  USB FixOwnership: yes
13:443  0:000   - final DSDT Fix mask=00009755
13:443  0:000  C3Latency: 0
13:443  0:000  MinMultiplier: 0
13:443  0:000  MaxMultiplier: 0
13:443  0:000  PluginType: 0
13:443  0:000  ResetVal: 0x0
13:443  0:000  Using ProductName from config: iMac14,3
13:443  0:000  Using latest BiosVersion from config
13:443  0:000  BiosVersion: IM143.88Z.F000.B00.1912181604
13:443  0:000  BiosReleaseDate: 12/18/2019
13:443  0:000  Using latest EfiVersion from clover: 143.0.0.0.0
13:443  0:000  Using FirmwareFeatures from config: 0xE00FE137
13:443  0:000  Using FirmwareFeaturesMask from config: 0xFF1FFF3F
13:443  0:000  Board-ID set from config as Mac-77EB7D7DAF985301
13:443  0:000  BoardType: 0xA
13:443  0:000  ChassisType: 0xD
13:443  0:000  CpuType: 0
13:443  0:000  The UUID is valid
13:443  0:000   - [00]: Drop table : 5354414D,                0 :  no
13:443  0:000  Cannot find smbios.plist at path '\EFI\CLOVER' : Not Found
13:444  0:000  === [ Found DSDT tables ] =======================
13:444  0:000  === [ InitKextList ] ============================
13:490  0:046  === [ ScanVolumes ] =============================
13:490  0:000  Found 12 volumes with blockIO
13:490  0:000  - [00]: Volume: PcieRoot(0x0)\Pci(0x1D,0x7)\USB(0x6,0x0)\Unit(0x0)
13:490  0:000  - [01]: Volume: PcieRoot(0x0)\Pci(0x1D,0x7)\USB(0x6,0x0)\Unit(0x1)
13:490  0:000  - [02]: Volume: PcieRoot(0x0)\Pci(0x1D,0x7)\USB(0x6,0x0)\Unit(0x2)
13:490  0:000  - [03]: Volume: PcieRoot(0x0)\Pci(0x1D,0x7)\USB(0x6,0x0)\Unit(0x3)
13:490  0:000  - [04]: Volume: PcieRoot(0x0)\Pci(0x1F,0x2)\Ata(0x0)
13:490  0:000          Result of bootcode detection: bootable unknown (legacy)
13:491  0:000  - [05]: Volume: PcieRoot(0x0)\Pci(0x1F,0x2)\Ata(0x0)
13:491  0:000  - [06]: Volume: PcieRoot(0x0)\Pci(0x1F,0x2)\Ata(0x0)\HD(1,GPT,27FFAA17-912A-4547-BA08-8D2080A4DCEE,0x28,0x64000)
13:491  0:000          Result of bootcode detection: bootable unknown (legacy)
13:493  0:001            label : EFI
13:493  0:000          This is SelfVolume !!
13:493  0:000  - [07]: Volume: PcieRoot(0x0)\Pci(0x1F,0x2)\Ata(0x0)\HD(2,GPT,60FEEF84-B3C7-43BF-A97C-3A5E57882649,0x64028,0xDDFAC40)
13:493  0:000            label : Macintosh SSD
13:493  0:000  - [08]: Volume: PcieRoot(0x0)\Pci(0x1F,0x2)\Ata(0x0)\HD(3,GPT,C028C705-C3B4-4D18-99ED-1A93B066D230,0xDE5EC68,0x135F20)
13:493  0:000            label : Recovery HD
13:493  0:000  - [09]: Volume: PcieRoot(0x0)\Pci(0x1F,0x2)\Ata(0x0)\HD(1,GPT,E76CBA19-05C7-4993-864D-8ED69D69AA2B,0x28,0x64000)
13:493  0:000          Result of bootcode detection: bootable unknown (legacy)
13:513  0:019            label : EFI
13:513  0:000  - [10]: Volume: PcieRoot(0x0)\Pci(0x1F,0x2)\Ata(0x0)\HD(2,GPT,FB1C0C88-A02B-49B9-ABC1-BF8CCE316C29,0x64028,0x129A5530)
13:513  0:000            label : System
13:513  0:000  - [11]: Volume: PcieRoot(0x0)\Pci(0x1F,0x2)\Ata(0x0)\HD(3,GPT,1281D7B2-0F55-44DA-8369-970BEC01B0C4,0x12A49558,0x129A5530)
13:513  0:000            label : MisCosas
13:513  0:000  Searching volumes for latest nvram.plist ...
13:513  0:000   Modified = 2021-3-2 20:28:22 (3897318502000 ms)
13:513  0:000   - newer - will use this one
13:513  0:000   - [1] no nvram.plist - skipping!
13:513  0:000  Loading nvram.plist from EFI index 0  begin load gNvramDict=0x0
13:513  0:000   loaded, size=3041
13:514  0:000  loaded Status=Success
13:514  0:000  === [ PutNvramPlistToRtVars ] ===================
13:514  0:000   Adding Key: ActualDensity: Size = 2, Data: E1 00 
13:514  0:000   Adding Key: Clover.NVRamDisk: Size = 3, Data: 59 65 73 
13:514  0:000   Adding Key: Clover.Theme: Size = 10, Data: 42 65 61 75 74 79 44 61 72 6B 
13:514  0:000   Adding Key: DensityThreshold: Size = 2, Data: 96 00 
13:514  0:000   Adding Key: EFILoginHiDPI: Size = 4, Data: 00 00 00 00 
13:514  0:000   Adding Key: csr-active-config: Size = 4, Data: 03 00 00 00 
13:514  0:000   Adding Key: fakesmc-key-#KEY-ui32: Size = 4, Data: 00 00 00 00 
13:514  0:000   Adding Key: fakesmc-key-$Adr-ui32: Size = 4, Data: 00 00 03 00 
13:514  0:000   Adding Key: fakesmc-key-$Num-ui8: Size = 1, Data: 01 
13:514  0:000   Adding Key: fakesmc-key-BATP-flag: Size = 1, Data: 00 
13:514  0:000   Adding Key: fakesmc-key-BEMB-flag: Size = 1, Data: 00 
13:514  0:000   Adding Key: fakesmc-key-BNum-ui8: Size = 1, Data: 00 
13:514  0:000   Adding Key: fakesmc-key-EPCI-ui32: Size = 4, Data: 06 F0 F0 00 
13:514  0:000   Adding Key: fakesmc-key-MSAc-ui16: Size = 2, Data: 00 00 
13:514  0:000   Adding Key: fakesmc-key-MSFW-ui8: Size = 2, Data: 01 00 
13:514  0:000   Adding Key: fakesmc-key-MSPS-ui16: Size = 2, Data: 00 03 
13:514  0:000   Adding Key: fakesmc-key-MSTc-ui8: Size = 1, Data: 00 
13:514  0:000   Adding Key: fakesmc-key-MSWr-ui8: Size = 1, Data: 00 
13:514  0:000   Adding Key: fakesmc-key-RBr -ch8*: Size = 8, Data: 6A 39 30 00 32 33 00 00 
13:514  0:000   Adding Key: fakesmc-key-REV -ch8*: Size = 6, Data: 02 20 0F 00 00 18 
13:514  0:000   Adding Key: fakesmc-key-RMde-char: Size = 1, Data: 41 
13:514  0:000   Adding Key: fakesmc-key-RPlt-ch8*: Size = 8, Data: 6A 39 30 00 00 00 00 00 
13:514  0:000   Adding Key: flagstate: Size = 32, Data: 00 00 00 00 00 00 00 00 00 00 00 00 00 00 00 00 00 00 00 00 00 00 00 00 00 00 00 00 00 00 00 00 
13:514  0:000   Adding Key: fmm-computer-name: Size = 18, Data: 6A 75 61 6E 6A 6F E2 80 99 73 20 4D 61 63 20 50 72 6F 
13:514  0:000   Adding Key: fmm-mobileme-token-FMM: Size = 894, Data: 62 70 6C 69 73 74 30 30 DC 01 02 03 04 05 06 07 08 09 0A 0B 0C 0D 0E 10 0D 11 0D 12 13 14 15 16 1D 5F 10 0F 75 6E 72 65 67 69 73 74 65 72 53 74 61 74 65 5F 10 12 65 6E 61 62 6C 65 64 44 61 74 61 63 6C 61 73 73 65 73 59 61 75 74 68 54 6F 6B 65 6E 5E 64 69 73 61 62 6C 65 43 6F 6E 74 65 78 74 56 75 73 65 72 69 64 5D 65 6E 61 62 6C 65 43 6F 6E 74 65 78 74 58 75 73 65 72 6E 61 6D 65 58 70 65 72 73 6F 6E 49 44 57 61 64 64 54 69 6D 65 54 67 75 69 64 58 75 73 65 72 49 6E 66 6F 5F 10 13 64 61 74 61 63 6C 61 73 73 50 72 6F 70 65 72 74 69 65 73 10 00 A1 0F 5F 10 21 63 6F 6D 2E 61 70 70 6C 65 2E 44 61 74 61 63 6C 61 73 73 2E 44 65 76 69 63 65 4C 6F 63 61 74 6F 72 5F 10 CC 45 41 41 55 41 41 41 41 42 4C 77 49 41 41 41 41 41 47 41 2D 44 79 77 52 44 6D 64 7A 4C 6D 6C 6A 62 47 39 31 5A 43 35 68 64 58 52 6F 76 51 44 6D 6E 39 34 6D 2D 72 5A 53 6D 73 74 44 55 70 6B 6B 67 6D 7A 7A 47 53 72 47 71 6D 78 32 67 53 35 42 45 59 36 35 4A 63 49 42 44 32 6A 6A 30 78 76 55 71 37 4F 43 4D 52 77 76 6F 78 6F 36 4A 51 35 53 6E 53 74 63 4F 61 68 4E 43 43 70 4B 76 5F 71 48 4D 32 43 6A 49 64 42 34 36 30 67 6E 41 76 63 35 66 66 68 65 49 33 53 32 4D 5A 36 6E 76 69 50 52 77 30 74 65 4A 4A 34 64 79 50 31 48 32 51 39 31 6F 55 32 63 67 7A 54 70 31 64 63 50 75 48 72 5A 61 6F 2D 66 59 69 6D 4D 66 77 7E 7E 11 01 F5 5F 10 1B 6A 75 6A 6F 68 65 72 73 61 6D 61 73 74 65 72 40 68 6F 74 6D 61 69 6C 2E 63 6F 6D 5B 32 30 30 35 38 36 31 36 30 30 30 23 41 D8 0F 83 CC 95 86 CA 5F 10 24 33 30 45 45 31 37 39 34 2D 45 34 38 32 2D 34 31 41 45 2D 41 33 44 31 2D 41 35 33 44 37 39 31 41 30 42 32 31 D3 17 18 19 1A 1B 1C 5F 10 15 49 6E 55 73 65 4F 77 6E 65 72 44 69 73 70 6C 61 79 4E 61 6D 65 5F 10 13 49 6E 55 73 65 4F 77 6E 65 72 46 69 72 73 74 4E 61 6D 65 5F 10 12 49 6E 55 73 65 4F 77 6E 65 72 4C 61 73 74 4E 61 6D 65 6F 10 19 00 4A 00 75 00 61 00 6E 00 20 00 4A 00 6F 00 73 00 65 00 20 00 48 00 65 00 72 00 72 00 65 00 72 00 61 00 20 00 53 00 61 00 6C 00 64 00 61 00 F1 00 61 59 4A 75 61 6E 20 4A 6F 73 65 6F 10 0F 00 48 00 65 00 72 00 72 00 65 00 72 00 61 00 20 00 53 00 61 00 6C 00 64 00 61 00 F1 00 61 D1 0F 1E D4 1F 20 21 22 23 24 25 26 56 61 70 73 45 6E 76 58 68 6F 73 74 6E 61 6D 65 5D 61 75 74 68 4D 65 63 68 61 6E 69 73 6D 56 73 63 68 65 6D 65 5A 70 72 6F 64 75 63 74 69 6F 6E 5F 10 13 70 34 39 2D 66 6D 69 70 2E 69 63 6C 6F 75 64 2E 63 6F 6D 55 74 6F 6B 65 6E 55 68 74 74 70 73 00 08 00 21 00 33 00 48 00 52 00 61 00 68 00 76 00 7F 00 88 00 90 00 95 00 9E 00 B4 00 B6 00 B8 00 DC 01 AB 01 AE 01 CC 01 D8 01 E1 02 08 02 0F 02 27 02 3D 02 52 02 87 02 91 02 B2 02 B5 02 BE 02 C5 02 CE 02 DC 02 E3 02 EE 03 04 03 0A 00 00 00 00 00 00 02 01 00 00 00 00 00 00 00 27 00 00 00 00 00 00 00 00 00 00 00 00 00 00 03 10 
13:514  0:000   Adding Key: prev-lang:kbd: Size = 4, Data: 65 6E 3A 30 
13:514  0:000   Adding Key: security-mode: String: Size = 4, Val = 'none'
13:514  0:000   Adding Key: wake-failure: Size = 5, Data: 00 00 00 00 00 
13:514  0:000  found 1 handles with audio
13:514  0:000  No AudioIoDevice stored
13:514  0:000  no stored audio parameters
13:514  0:000  Found Audio Device Realtek ALC662v2 (LineOut) at index 0
13:514  0:000  Found Audio Device Realtek ALC662v2 (Headphones) at index 1
13:514  0:000  === [ InitXTheme ] ==============================
13:514  0:000  use Daylight theme
13:514  0:000   using embedded theme
13:534  0:019  sound play end with status=Device Error
13:535  0:000  Using embedded font
13:535  0:000  theme inited
13:535  0:000  Chosen embedded theme
13:535  0:000  after NVRAM boot-args=dart=0 PCIRootUID=0 USBBusFix=Yes -v
13:535  0:000  Scanning legacy ...
13:535  0:000  === [ Dump SMC keys from NVRAM ] ================
13:535  0:000  found AppleSMC protocol
13:535  0:000     fakesmc-key-#KEY-ui32:00 00 00 00 
13:535  0:000     fakesmc-key-$Adr-ui32:00 00 03 00 
13:535  0:000     fakesmc-key-$Num-ui8:01 
13:535  0:000     fakesmc-key-BATP-flag:00 
13:535  0:000     fakesmc-key-BEMB-flag:00 
13:535  0:000     fakesmc-key-BNum-ui8:00 
13:535  0:000     fakesmc-key-EPCI-ui32:06 F0 F0 00 
13:535  0:000     fakesmc-key-MSAc-ui16:00 00 
13:535  0:000     fakesmc-key-MSFW-ui8:01 00 
13:535  0:000     fakesmc-key-MSPS-ui16:00 03 
13:535  0:000     fakesmc-key-MSTc-ui8:00 
13:535  0:000     fakesmc-key-MSWr-ui8:00 
13:535  0:000     fakesmc-key-RBr -ch8*:6A 39 30 00 32 33 00 00 
13:535  0:000     fakesmc-key-REV -ch8*:02 20 0F 00 00 18 
13:535  0:000     fakesmc-key-RMde-char:41 
13:535  0:000     fakesmc-key-RPlt-ch8*:6A 39 30 00 00 00 00 00 
13:535  0:000  === [ AddCustomEntries ] ========================
13:535  0:000      Checking volume "EFI" (PcieRoot(0x0)\Pci(0x1F,0x2)\Ata(0x0)\HD(1,GPT,27FFAA17-912A-4547-BA08-8D2080A4DCEE,0x28,0x64000)) ... skipped because volume does not match
13:535  0:000      Checking volume "Macintosh SSD" (PcieRoot(0x0)\Pci(0x1F,0x2)\Ata(0x0)\HD(2,GPT,60FEEF84-B3C7-43BF-A97C-3A5E57882649,0x64028,0xDDFAC40)) ... skipped because volume does not match
13:535  0:000      Checking volume "Recovery HD" (PcieRoot(0x0)\Pci(0x1F,0x2)\Ata(0x0)\HD(3,GPT,C028C705-C3B4-4D18-99ED-1A93B066D230,0xDE5EC68,0x135F20)) ... skipped because volume does not match
13:535  0:000      Checking volume "EFI" (PcieRoot(0x0)\Pci(0x1F,0x2)\Ata(0x0)\HD(1,GPT,E76CBA19-05C7-4993-864D-8ED69D69AA2B,0x28,0x64000)) ... skipped because volume does not match
13:535  0:000      Checking volume "System" (PcieRoot(0x0)\Pci(0x1F,0x2)\Ata(0x0)\HD(2,GPT,FB1C0C88-A02B-49B9-ABC1-BF8CCE316C29,0x64028,0x129A5530)) ... skipped because volume does not match
13:535  0:000      Checking volume "MisCosas" (PcieRoot(0x0)\Pci(0x1F,0x2)\Ata(0x0)\HD(3,GPT,1281D7B2-0F55-44DA-8369-970BEC01B0C4,0x12A49558,0x129A5530)) ... skipped because volume does not match
13:535  0:000  === [ ScanLoader ] ==============================
13:535  0:000  - [06]: 'EFI'
13:539  0:003        AddLoaderEntry for Volume Name=EFI, idx=0
13:539  0:000        OSVersion= 
13:539  0:000        IconName=unknown comma=-1 size=7
13:539  0:000        Full=unknown
13:539  0:000        Loader entry created for 'PcieRoot(0x0)\Pci(0x1F,0x2)\Ata(0x0)\HD(1,GPT,27FFAA17-912A-4547-BA08-8D2080A4DCEE,0x28,0x64000)\EFI\BOOT\BOOTX64.efi'
13:539  0:000       hiding entry: \EFI\BOOT\BOOTX64.efi
13:539  0:000        Menu entry added at index 0
13:539  0:000       hiding entry because DiskKind is DISK_KIND_INTERNAL: \EFI\BOOT\BOOTX64.efi
13:539  0:000  - [07]: 'Macintosh SSD'
13:542  0:003        AddLoaderEntry for Volume Name=Macintosh SSD, idx=1
13:544  0:001        OSVersion=10.13.6 
13:544  0:000        Check if volume Is Hibernated:
13:544  0:000        Check sleep image 'by signature':
13:546  0:002        read prefs \Library\Preferences\com.apple.PowerManagement.plist status=Success
13:546  0:000        using default sleep image name = \private\var\vm\sleepimage
13:547  0:001        cannot open sleepimage -> Not Found
13:547  0:000        hibernated: no - sign
13:547  0:000        IconName=hsierra,mac comma=7 size=11
13:547  0:000        first=os_hsierra
13:547  0:000        Second=os_mac
13:547  0:000        Loader entry created for 'PcieRoot(0x0)\Pci(0x1F,0x2)\Ata(0x0)\HD(2,GPT,60FEEF84-B3C7-43BF-A97C-3A5E57882649,0x64028,0xDDFAC40)\System\Library\CoreServices\boot.efi'
13:548  0:000        Menu entry added at index 1
13:548  0:000  - [08]: 'Recovery HD'
13:548  0:000        AddLoaderEntry for Volume Name=Recovery HD, idx=2
13:549  0:000        OSVersion=10.13.6 
13:549  0:000        IconName=hsierra,mac comma=7 size=11
13:549  0:000        first=os_hsierra
13:549  0:000        Second=os_mac
13:549  0:000        Loader entry created for 'PcieRoot(0x0)\Pci(0x1F,0x2)\Ata(0x0)\HD(3,GPT,C028C705-C3B4-4D18-99ED-1A93B066D230,0xDE5EC68,0x135F20)\com.apple.recovery.boot\boot.efi'
13:549  0:000        Menu entry added at index 2
13:549  0:000  - [09]: 'EFI'
13:549  0:000  - [10]: 'System'
13:550  0:000  - [11]: 'MisCosas'
13:550  0:000  Entries list before ordering
13:550  0:000      Entry 0 : Boot UEFI internal from EFI (hidden)
13:550  0:000      Entry 1 : Boot macOS from Macintosh SSD
13:550  0:000      Entry 2 : Boot Recovery from Recovery HD
13:550  0:000  Entries after before ordering
13:550  0:000    Entry 0 : Boot UEFI internal from EFI (hidden)
13:550  0:000    Entry 1 : Boot macOS from Macintosh SSD
13:550  0:000    Entry 2 : Boot Recovery from Recovery HD
13:550  0:000  === [ AddCustomTool ] ===========================
13:551  0:000  === [ GetEfiBootDeviceFromNvram ] ===============
13:551  0:000   - [!] efi-boot-device-data not found
13:551  0:000  Default boot entry not found
13:551  0:000  BannerPlace at Clear Screen [576,196]
13:594  0:042  AnimeRun=0
13:638  0:044  GUI ready
21:037  7:398  Using config.plist at path: \EFI\CLOVER
21:038  0:001  === [ GetUserSettings ] =========================
21:038  0:000  USB FixOwnership: yes
21:038  0:000   - final DSDT Fix mask=00009755
21:038  0:000  C3Latency: 0
21:038  0:000  MinMultiplier: 0
21:038  0:000  MaxMultiplier: 0
21:038  0:000  PluginType: 0
21:038  0:000  ResetVal: 0x0
21:038  0:000  Using ProductName from config: iMac14,3
21:038  0:000  Using latest BiosVersion from config
21:038  0:000  BiosVersion: IM143.88Z.F000.B00.1912181604
21:038  0:000  BiosReleaseDate: 12/18/2019
21:038  0:000  Using latest EfiVersion from clover: 143.0.0.0.0
21:038  0:000  Using FirmwareFeatures from config: 0xE00FE137
21:038  0:000  Using FirmwareFeaturesMask from config: 0xFF1FFF3F
21:038  0:000  Board-ID set from config as Mac-77EB7D7DAF985301
21:038  0:000  BoardType: 0xA
21:038  0:000  ChassisType: 0xD
21:038  0:000  CpuType: 0
21:038  0:000  The UUID is valid
21:038  0:000  refill kernel patches bcoz GlobalConfig.gBootChanged
21:038  0:000  FakeCPUID: 0
21:038  0:000  Theme from new config: embedded
37:295  16:256  ReinitRefitLib after theme change
37:295  0:000  === [ Found DSDT tables ] =======================
37:295  0:000  === [ ScanVolumes ] =============================
37:295  0:000  Found 12 volumes with blockIO
37:295  0:000  - [00]: Volume: PcieRoot(0x0)\Pci(0x1D,0x7)\USB(0x6,0x0)\Unit(0x0)
37:295  0:000  - [01]: Volume: PcieRoot(0x0)\Pci(0x1D,0x7)\USB(0x6,0x0)\Unit(0x1)
37:295  0:000  - [02]: Volume: PcieRoot(0x0)\Pci(0x1D,0x7)\USB(0x6,0x0)\Unit(0x2)
37:295  0:000  - [03]: Volume: PcieRoot(0x0)\Pci(0x1D,0x7)\USB(0x6,0x0)\Unit(0x3)
37:295  0:000  - [04]: Volume: PcieRoot(0x0)\Pci(0x1F,0x2)\Ata(0x0)
37:295  0:000          Result of bootcode detection: bootable unknown (legacy)
37:295  0:000  - [05]: Volume: PcieRoot(0x0)\Pci(0x1F,0x2)\Ata(0x0)
37:296  0:000  - [06]: Volume: PcieRoot(0x0)\Pci(0x1F,0x2)\Ata(0x0)\HD(1,GPT,27FFAA17-912A-4547-BA08-8D2080A4DCEE,0x28,0x64000)
37:296  0:000          Result of bootcode detection: bootable unknown (legacy)
37:296  0:000            label : EFI
37:296  0:000          This is SelfVolume !!
37:296  0:000  - [07]: Volume: PcieRoot(0x0)\Pci(0x1F,0x2)\Ata(0x0)\HD(2,GPT,60FEEF84-B3C7-43BF-A97C-3A5E57882649,0x64028,0xDDFAC40)
37:296  0:000            label : Macintosh SSD
37:296  0:000  - [08]: Volume: PcieRoot(0x0)\Pci(0x1F,0x2)\Ata(0x0)\HD(3,GPT,C028C705-C3B4-4D18-99ED-1A93B066D230,0xDE5EC68,0x135F20)
37:296  0:000            label : Recovery HD
37:296  0:000  - [09]: Volume: PcieRoot(0x0)\Pci(0x1F,0x2)\Ata(0x0)\HD(1,GPT,E76CBA19-05C7-4993-864D-8ED69D69AA2B,0x28,0x64000)
37:297  0:000          Result of bootcode detection: bootable unknown (legacy)
37:297  0:000            label : EFI
37:297  0:000  - [10]: Volume: PcieRoot(0x0)\Pci(0x1F,0x2)\Ata(0x0)\HD(2,GPT,FB1C0C88-A02B-49B9-ABC1-BF8CCE316C29,0x64028,0x129A5530)
37:297  0:000            label : System
37:297  0:000  - [11]: Volume: PcieRoot(0x0)\Pci(0x1F,0x2)\Ata(0x0)\HD(3,GPT,1281D7B2-0F55-44DA-8369-970BEC01B0C4,0x12A49558,0x129A5530)
37:297  0:000            label : MisCosas
37:297  0:000  found 1 handles with audio
37:297  0:000  No AudioIoDevice stored
37:297  0:000  no stored audio parameters
37:297  0:000  Found Audio Device Realtek ALC662v2 (LineOut) at index 0
37:297  0:000  Found Audio Device Realtek ALC662v2 (Headphones) at index 1
37:297  0:000  change theme
37:297  0:000  === [ InitXTheme ] ==============================
37:297  0:000  use Daylight theme
37:298  0:001  Using theme 'Mojave' (Mojave)
37:298  0:000  chosen theme Mojave
37:298  0:000  OS main and drive as badge
37:348  0:049  sound play end with status=Device Error
37:349  0:001  theme inited
37:349  0:000  Chosen theme Mojave
37:349  0:000  after NVRAM boot-args=dart=0 PCIRootUID=0 USBBusFix=Yes -v
37:349  0:000  Scanning legacy ...
37:349  0:000  === [ AddCustomEntries ] ========================
37:349  0:000      Checking volume "EFI" (PcieRoot(0x0)\Pci(0x1F,0x2)\Ata(0x0)\HD(1,GPT,27FFAA17-912A-4547-BA08-8D2080A4DCEE,0x28,0x64000)) ... skipped because volume does not match
37:349  0:000      Checking volume "Macintosh SSD" (PcieRoot(0x0)\Pci(0x1F,0x2)\Ata(0x0)\HD(2,GPT,60FEEF84-B3C7-43BF-A97C-3A5E57882649,0x64028,0xDDFAC40)) ... skipped because volume does not match
37:349  0:000      Checking volume "Recovery HD" (PcieRoot(0x0)\Pci(0x1F,0x2)\Ata(0x0)\HD(3,GPT,C028C705-C3B4-4D18-99ED-1A93B066D230,0xDE5EC68,0x135F20)) ... skipped because volume does not match
37:349  0:000      Checking volume "EFI" (PcieRoot(0x0)\Pci(0x1F,0x2)\Ata(0x0)\HD(1,GPT,E76CBA19-05C7-4993-864D-8ED69D69AA2B,0x28,0x64000)) ... skipped because volume does not match
37:349  0:000      Checking volume "System" (PcieRoot(0x0)\Pci(0x1F,0x2)\Ata(0x0)\HD(2,GPT,FB1C0C88-A02B-49B9-ABC1-BF8CCE316C29,0x64028,0x129A5530)) ... skipped because volume does not match
37:349  0:000      Checking volume "MisCosas" (PcieRoot(0x0)\Pci(0x1F,0x2)\Ata(0x0)\HD(3,GPT,1281D7B2-0F55-44DA-8369-970BEC01B0C4,0x12A49558,0x129A5530)) ... skipped because volume does not match
37:349  0:000  === [ ScanLoader ] ==============================
37:349  0:000  - [06]: 'EFI'
37:351  0:001        AddLoaderEntry for Volume Name=EFI, idx=0
37:351  0:000        OSVersion= 
37:351  0:000        IconName=unknown comma=-1 size=7
37:351  0:000        Full=unknown
37:351  0:000        Loader entry created for 'PcieRoot(0x0)\Pci(0x1F,0x2)\Ata(0x0)\HD(1,GPT,27FFAA17-912A-4547-BA08-8D2080A4DCEE,0x28,0x64000)\EFI\BOOT\BOOTX64.efi'
37:351  0:000       hiding entry: \EFI\BOOT\BOOTX64.efi
37:351  0:000        Menu entry added at index 0
37:351  0:000       hiding entry because DiskKind is DISK_KIND_INTERNAL: \EFI\BOOT\BOOTX64.efi
37:351  0:000  - [07]: 'Macintosh SSD'
37:352  0:001        AddLoaderEntry for Volume Name=Macintosh SSD, idx=1
37:353  0:000        OSVersion=10.13.6 
37:353  0:000        Check if volume Is Hibernated:
37:353  0:000        Check sleep image 'by signature':
37:353  0:000        read prefs \Library\Preferences\com.apple.PowerManagement.plist status=Success
37:353  0:000        using default sleep image name = \private\var\vm\sleepimage
37:353  0:000        cannot open sleepimage -> Not Found
37:353  0:000        hibernated: no - sign
37:353  0:000        IconName=hsierra,mac comma=7 size=11
37:353  0:000        first=os_hsierra
37:354  0:000        Loader entry created for 'PcieRoot(0x0)\Pci(0x1F,0x2)\Ata(0x0)\HD(2,GPT,60FEEF84-B3C7-43BF-A97C-3A5E57882649,0x64028,0xDDFAC40)\System\Library\CoreServices\boot.efi'
37:354  0:000        Menu entry added at index 1
37:354  0:000  - [08]: 'Recovery HD'
37:354  0:000        AddLoaderEntry for Volume Name=Recovery HD, idx=2
37:354  0:000        OSVersion=10.13.6 
37:354  0:000        IconName=hsierra,mac comma=7 size=11
37:354  0:000        first=os_hsierra
37:354  0:000        Loader entry created for 'PcieRoot(0x0)\Pci(0x1F,0x2)\Ata(0x0)\HD(3,GPT,C028C705-C3B4-4D18-99ED-1A93B066D230,0xDE5EC68,0x135F20)\com.apple.recovery.boot\boot.efi'
37:355  0:000        Menu entry added at index 2
37:355  0:000  - [09]: 'EFI'
37:355  0:000  - [10]: 'System'
37:355  0:000  - [11]: 'MisCosas'
37:356  0:000  Entries list before ordering
37:356  0:000      Entry 0 : Boot UEFI internal from EFI (hidden)
37:356  0:000      Entry 1 : Boot macOS from Macintosh SSD
37:356  0:000      Entry 2 : Boot Recovery from Recovery HD
37:356  0:000  Entries after before ordering
37:356  0:000    Entry 0 : Boot UEFI internal from EFI (hidden)
37:356  0:000    Entry 1 : Boot macOS from Macintosh SSD
37:356  0:000    Entry 2 : Boot Recovery from Recovery HD
37:356  0:000  === [ AddCustomTool ] ===========================
37:356  0:000  === [ GetEfiBootDeviceFromNvram ] ===============
37:356  0:000   - [!] efi-boot-device-data not found
37:356  0:000  Default boot entry not found
37:356  0:000  BannerPlace at Clear Screen [608,260]
37:457  0:100  AnimeRun=0
47:696  10:239  AnimeRun=0
51:115  3:419  BootVariable of the entry is empty
51:115  0:000  === [ StartLoader ] =============================
51:115  0:000  Starting PcieRoot(0x0)\Pci(0x1F,0x2)\Ata(0x0)\HD(2,GPT,60FEEF84-B3C7-43BF-A97C-3A5E57882649,0x64028,0xDDFAC40)\System\Library\CoreServices\boot.efi
51:115  0:000  Finally: ExternalClock=328MHz BusSpeed=327976kHz CPUFreq=2788MHz PIS: hw.busfrequency=1312000000Hz
51:115  0:000  Beginning OC
51:115  0:000  OCST: Missing vault data, ignoring...
51:123  0:007  config-oc.plist isn't use at all
51:123  0:000  AddKextsInArray from Other
51:123  0:000  ->Extra kext: Other\AppleALC.kext (v.1.5.8)
51:123  0:000  ->Extra kext: Other\FakeSMC.kext (v.1800)
51:123  0:000  ->Extra kext: Other\AtherosE2200Ethernet.kext (v.2.2.0)
51:123  0:000  ->Extra kext: Other\CodecCommander.kext (v.2.6.3)
51:123  0:000  ->Extra kext: Other\FakeSMC_ACPISensors.kext (v.1800)
51:123  0:000  ->Extra kext: Other\IntelGraphicsFixup.kext (v.1.2.7)
51:123  0:000  ->Extra kext: Other\IntelMausiEthernet.kext (v.2.2.0)
51:123  0:000  ->Extra kext: Other\Lilu.kext (v.1.5.1)
51:123  0:000  ->Extra kext: Other\NullCPUPowerManagement.kext (v.1.0.0d2)
51:123  0:000  ->Extra kext: Other\RealtekRTL8111.kext (v.2.2.1)
51:123  0:000  ->Extra kext: Other\SmallTreeIntel82576.kext (v.1.0.6)
51:123  0:000  ->Extra kext: Other\USBInjectAll.kext (v.0.7.1)
51:123  0:000  ->Extra kext: Other\FakeSMC_CPUSensors.kext (v.1800)
51:123  0:000  ->Extra kext: Other\VirtualSMC.kext (v.1.2.1)
51:123  0:000  ->Extra kext: Other\WhateverGreen.kext (v.1.4.8)
51:123  0:000  ->Extra kext: Other\XHCI-200-series-injector.kext (v.0.5.0)
51:123  0:000  ->Extra kext: Other\XHCI-300-series-injector.kext (v.0.5.0)
51:123  0:000  ->Extra kext: Other\XHCI-x99-injector.kext (v.0.5.0)
51:123  0:000  ->Extra kext: Other\FakeSMC_GPUSensors.kext (v.1800)
51:123  0:000  GetOtherKextsDir(FALSE) return NULL
51:123  0:000  AddKextsInArray from 10
51:123  0:000  AddKextsInArray from 10_normal
51:123  0:000  AddKextsInArray from 10.13
51:123  0:000  AddKextsInArray from 10.13_normal
51:123  0:000  AddKextsInArray from 10.13.6
51:123  0:000  AddKextsInArray from 10.13.6_normal
51:123  0:000  Bridge kext to OC : Path=Lilu.kext
51:123  0:000  info plist path: Kexts\Other\Lilu.kext\Contents\Info.plist
51:125  0:001  assign executable as 'Contents\MacOS\Lilu'
51:125  0:000  Bridge kext to OC : Path=VirtualSMC.kext
51:125  0:000  info plist path: Kexts\Other\VirtualSMC.kext\Contents\Info.plist
51:126  0:001  assign executable as 'Contents\MacOS\VirtualSMC'
51:126  0:000  Bridge kext to OC : Path=WhateverGreen.kext
51:126  0:000  info plist path: Kexts\Other\WhateverGreen.kext\Contents\Info.plist
51:126  0:000  assign executable as 'Contents\MacOS\WhateverGreen'
51:126  0:000  Bridge kext to OC : Path=AppleALC.kext
51:126  0:000  info plist path: Kexts\Other\AppleALC.kext\Contents\Info.plist
51:145  0:018  assign executable as 'Contents\MacOS\AppleALC'
51:145  0:000  Bridge kext to OC : Path=FakeSMC.kext
51:145  0:000  info plist path: Kexts\Other\FakeSMC.kext\Contents\Info.plist
51:146  0:000  assign executable as 'Contents\MacOS\FakeSMC'
51:146  0:000  Bridge kext to OC : Path=AtherosE2200Ethernet.kext
51:146  0:000  info plist path: Kexts\Other\AtherosE2200Ethernet.kext\Contents\Info.plist
51:146  0:000  assign executable as 'Contents\MacOS\AtherosE2200Ethernet'
51:146  0:000  Bridge kext to OC : Path=CodecCommander.kext
51:146  0:000  info plist path: Kexts\Other\CodecCommander.kext\Contents\Info.plist
51:147  0:000  assign executable as 'Contents\MacOS\CodecCommander'
51:147  0:000  Bridge kext to OC : Path=FakeSMC_ACPISensors.kext
51:147  0:000  info plist path: Kexts\Other\FakeSMC_ACPISensors.kext\Contents\Info.plist
51:147  0:000  assign executable as 'Contents\MacOS\ACPISensors'
51:147  0:000  Bridge kext to OC : Path=IntelGraphicsFixup.kext
51:148  0:000  info plist path: Kexts\Other\IntelGraphicsFixup.kext\Contents\Info.plist
51:148  0:000  assign executable as 'Contents\MacOS\IntelGraphicsFixup'
51:148  0:000  Bridge kext to OC : Path=IntelMausiEthernet.kext
51:148  0:000  info plist path: Kexts\Other\IntelMausiEthernet.kext\Contents\Info.plist
51:148  0:000  assign executable as 'Contents\MacOS\IntelMausiEthernet'
51:148  0:000  Bridge kext to OC : Path=NullCPUPowerManagement.kext
51:148  0:000  info plist path: Kexts\Other\NullCPUPowerManagement.kext\Contents\Info.plist
51:149  0:000  assign executable as 'Contents\MacOS\NullCPUPowerManagement'
51:149  0:000  Bridge kext to OC : Path=RealtekRTL8111.kext
51:149  0:000  info plist path: Kexts\Other\RealtekRTL8111.kext\Contents\Info.plist
51:149  0:000  assign executable as 'Contents\MacOS\RealtekRTL8111'
51:149  0:000  Bridge kext to OC : Path=SmallTreeIntel82576.kext
51:149  0:000  info plist path: Kexts\Other\SmallTreeIntel82576.kext\Contents\Info.plist
51:149  0:000  assign executable as 'Contents\MacOS\SmallTreeIntel82576'
51:149  0:000  Bridge kext to OC : Path=USBInjectAll.kext
51:149  0:000  info plist path: Kexts\Other\USBInjectAll.kext\Contents\Info.plist
51:154  0:004  assign executable as 'Contents\MacOS\USBInjectAll'
51:154  0:000  Bridge kext to OC : Path=FakeSMC_CPUSensors.kext
51:154  0:000  info plist path: Kexts\Other\FakeSMC_CPUSensors.kext\Contents\Info.plist
51:154  0:000  assign executable as 'Contents\MacOS\CPUSensors'
51:154  0:000  Bridge kext to OC : Path=XHCI-200-series-injector.kext
51:154  0:000  info plist path: Kexts\Other\XHCI-200-series-injector.kext\Contents\Info.plist
51:154  0:000  Bridge kext to OC : Path=XHCI-300-series-injector.kext
51:154  0:000  info plist path: Kexts\Other\XHCI-300-series-injector.kext\Contents\Info.plist
51:155  0:000  Bridge kext to OC : Path=XHCI-x99-injector.kext
51:155  0:000  info plist path: Kexts\Other\XHCI-x99-injector.kext\Contents\Info.plist
51:155  0:000  Bridge kext to OC : Path=FakeSMC_GPUSensors.kext
51:155  0:000  info plist path: Kexts\Other\FakeSMC_GPUSensors.kext\Contents\Info.plist
51:155  0:000  assign executable as 'Contents\MacOS\GPUSensors'
51:155  0:000  Load OpenRuntime.efi : Status Not Found
51:155  0:000  Start OpenRuntime.efi : Status Invalid Parameter
51:155  0:000  OC: OcMiscEarlyInit...
51:159  0:003  OC: Watchdog status is 1
51:161  0:002  OC: OpenCore DBG-061-2021-02-23 is loading in Optional mode (0/0)...
51:164  0:003  OC: Boot timestamp - 2021.03.02 20:33:01
51:166  0:001  OCCPU: Found Intel(R) Core(TM)2 Quad CPU    Q9500  @ 2.83GHz
51:168  0:001  OCCPU: Signature 1067A Stepping A Model 17 Family 6 Type 0 ExtModel 1 ExtFamily 0 uCode A07
51:170  0:001  OCCPU: EIST CFG Lock 0
51:172  0:002  OCCPU: Ratio Min 0 Max 8 Current 0 Turbo 0 0 0 0
51:275  0:102  TscFrequency 2787795904
51:277  0:001  OCCPU: Detected Apple Processor Type: 04 -> 0402
51:279  0:001  OCCPU: CPUFrequencyFromTSC  2787795904Hz  2787MHz
51:282  0:003  OCCPU: CPUFrequency  2787795904Hz  2787MHz
51:284  0:001  OCCPU: FSBFrequency   348474488Hz   348MHz
51:286  0:001  OCCPU: Pkg 0 Cores 4 Threads 4
51:288  0:001  OC: OcLoadNvramSupport...
51:290  0:001  OC: Current version is DBG-061-2021-02-23
51:292  0:002  OC: OcMiscMiddleInit...
51:294  0:001  OC: LoadHandle 0 with BootProtect in  mode - Unsupported
51:296  0:001  OC: OcLoadUefiSupport...
51:298  0:002  OcAppleEventInstallProtocol
51:300  0:001  InternalCreateQueueEvent
51:303  0:003  EventCreateSimplePointerInstallNotifyEvent
51:305  0:001  InternalSimplePointerInstallNotifyFunction
51:307  0:001  InternalRegisterSimplePointerInterface
51:309  0:001  InternalRegisterSimplePointerInterface
51:311  0:002  InternalRegisterSimplePointerInterface
51:313  0:001  OcOSInfoInstallProtocol
51:315  0:001  OCRTC: OcAppleRtcRamInstallProtocol
51:317  0:002  OCRTC: Wake log is 0xD4 0x10   5 0xFC
51:319  0:001  OcAppleFbInfoInstallProtocol
51:321  0:002  OC: Loading Apple Secure Boot with Disabled (level 0)
51:324  0:003  OCABC: RTDFRG 0 DEVMMIO 0 NOSU 0 NOVRWR 0 NOSB 0 NOHBMAP 0 SMSLIDE 0 WRUNPROT 0
51:326  0:001  OCABC: FEXITBS 0 PRMRG 0 CSLIDE 0 MSLIDE 0 PRSRV 0 RBMAP 0 VMAP 0 APPLOS 0 RTPERMS 0
51:328  0:001  OCABC: Awaiting rendezvous with OpenRuntime r11
51:330  0:001  OC: RBVR 0 DDBR 0
51:332  0:002  OC: Got 0 drivers
51:334  0:001  OCC: GOP exists on ConsoleOutHandle and has 5 modes
51:336  0:001  OC: Requested resolution is 1366x768@0 (max: 0) from 1366x768
51:339  0:003  OCC: Requesting 1366x768@0 (max: 0) resolution, curr 3, total 5
51:341  0:002  OCC: Mode 0 - 640x480:1
51:343  0:001  OCC: Mode 1 - 800x600:1
51:345  0:001  OCC: Mode 2 - 1024x768:1
51:347  0:001  OCC: Mode 3 - 1280x1024:1
51:349  0:001  OCC: Mode 4 - 1600x1200:1
51:351  0:002  OCC: No compatible mode for 1366x768@0 (max: 0) resolution
51:353  0:001  OC: Changed resolution to 1366x768@0 (max: 0) from 1366x768 - Not Found
51:355  0:001  OCC: Using builtin text renderer with 1 scale
51:393  0:037  OCC: Install console control (C9C106A0/0/0), current - Success
51:395  0:002  OCC: Setup ASCII Output - Success
51:397  0:001  OC: Requested console mode is 0x0 (max: 0) from 
51:399  0:001  OC: Requested not to use audio
51:401  0:002  OC: OcMiscLateInit...
51:403  0:001  OC: Invalid HibernateMode: 
51:405  0:001  OC: Translated HibernateMode  to 0
51:407  0:001  OC: Hibernation detection status is Not Found
51:409  0:002  OC: Panic log does not exist
51:411  0:002  OC: OcLoadKernelSupport...
51:414  0:003  OC: All green, starting boot management...
51:420  0:005  OCB: Arch filtering C8546018(576056)->C8546018(576056) caps 4 - Success
51:457  0:037  GetOSVersion: 10.13.6 (17G66)
51:457  0:000  Will not patch boot.efi
51:457  0:000  === [ PatchSmbios ] =============================
51:457  0:000  insert table 9 for dev 0:0
51:457  0:000  insert table 9 for dev 0:0
51:458  0:000  Trusting SMBIOS...
51:458  0:000  Detected alternating SMBIOS channel banks
51:458  0:000  Channels: 2
51:458  0:000  Interleave: 0 2 1 3 4 6 5 7 8 10 9 11 12 14 13 15 16 18 17 19 20 22 21 23
51:458  0:000  trusted SMBIOS data:
51:458  0:000  SmbiosTable.Type17->Vendor = Manufacturer0
51:458  0:000  SmbiosTable.Type17->SerialNumber = SerNum0
51:458  0:000  SmbiosTable.Type17->PartNumber = PartNum0
51:458  0:000   partNum=PartNum0
51:458  0:000  SPD data in use:
51:458  0:000  SmbiosTable.Type17->Vendor = Kingston
51:458  0:000  SmbiosTable.Type17->SerialNumber = 4BCC9297
51:458  0:000  SmbiosTable.Type17->PartNumber = 
51:458  0:000  SMBIOS Type 17 Index = 0 => 0 0:
51:458  0:000  BANK 0 DIMM0 800MHz 2048MB(Ext:810372425MB)
51:458  0:000  trusted SMBIOS data:
51:458  0:000  SmbiosTable.Type17->Vendor = Manufacturer1
51:458  0:000  SmbiosTable.Type17->SerialNumber = SerNum1
51:458  0:000  SmbiosTable.Type17->PartNumber = PartNum1
51:458  0:000   partNum=PartNum1
51:458  0:000  SPD data in use:
51:458  0:000  SmbiosTable.Type17->Vendor = SK Hynix
51:458  0:000  SmbiosTable.Type17->SerialNumber = 00004012
51:458  0:000  SmbiosTable.Type17->PartNumber = HMP125U6EFR8C-S6
51:458  0:000  SMBIOS Type 17 Index = 1 => 1 2:
51:458  0:000  BANK 1 DIMM0 800MHz 2048MB(Ext:810372425MB)
51:458  0:000  mTotalSystemMemory = 4096
51:458  0:000  NumberOfMemoryDevices = 2
51:458  0:000  Type20[0]->End = 0x1FFFFF, Type17[0] = 800
51:458  0:000  Type20[1]->End = 0x3FFFFF, Type17[1] = 1800
51:458  0:000  === [ PatchACPI ] ===============================
51:458  0:000  Xsdt is not found! Creating new one
51:458  0:000  RsdPointer is Acpi 1.0 - creating new one Acpi 2.0
51:458  0:000  RsdPointer Acpi 2.0 installed
51:458  0:000  RSDT entries = 7
51:458  0:000  Xsdt reallocation done
51:458  0:000  old FADT length=84
51:458  0:000   SignatureFixup: 0x0 -> 0x0
51:458  0:000  Apply DsdtFixMask=0x00009755
51:458  0:000  === [ FixBiosDsdt ] =============================
51:459  0:000  found PIC had IRQNoFlag will move -3 bytes
51:459  0:000  Start HPET Fix
51:459  0:000  Start Display0 Fix
51:459  0:000  add device GFX0
51:459  0:000  Skipping Method(_DSM) for 10DE card
51:459  0:000  patch Display #0 of Vendor=0x10DE
51:459  0:000  Name HDAC present at 0x3F09, renaming to HDEF
51:459  0:000  Name HDAC present at 0x424F, renaming to HDEF
51:460  0:000  PreCleanup XSDT: count=7, length=92
51:460  0:000  PreCleanup XSDT, corrected XSDT: count=7, length=92
51:460  0:000  === [ ACPIDropTables ] ==========================
51:460  0:000  ApicCPUNum=4
51:460  0:000  Drop tables from XSDT, SIGN=APIC TableID= Length=0
51:460  0:000   Table[1]: APIC  APIC2110  108 dropped
51:460  0:000  Found subtable in MADT: type=0
51:460  0:000  AcpiProcessorId: 0x01
51:460  0:000  Found subtable in MADT: type=0
51:460  0:000  AcpiProcessorId: 0x02
51:460  0:000  Found subtable in MADT: type=0
51:460  0:000  AcpiProcessorId: 0x03
51:460  0:000  Found subtable in MADT: type=0
51:460  0:000  AcpiProcessorId: 0x04
51:460  0:000  Found subtable in MADT: type=1
51:460  0:000  Found subtable in MADT: type=2
51:460  0:000  Found subtable in MADT: type=2
51:460  0:000  ApicTable new Length=132
51:460  0:000  New APIC table successfully inserted
51:460  0:000  Cleanup XSDT: count=8, length=100
51:460  0:000  corrected XSDT count=7, length=92
51:460  0:000  === [ RestSetup macOS ] =========================
51:460  0:000  mem_detected 256Mb
51:460  0:000  read_nVidia_ROM
51:460  0:000  Using PRAMIN fixups
51:546  0:085  version 60.84.49.00.00
51:546  0:000  nVidia MSI GeForce 8600 GT  256MB NV84 [10DE:0402] :: PcieRoot(0x0)\Pci(0x1,0x0)\Pci(0x0,0x0) => device #1
51:546  0:000  Nvidia: VideoPorts: undefined, default to: 2
51:546  0:000  set NVCAP: 04000000-00000300-0C000000-00000007-00000000
51:546  0:000   setting specified layout-id=1 (0x1)
51:546  0:000  stringlength = 2868
51:546  0:000  CurrentMode: Width=1280 Height=1024
51:546  0:000  SetNvramVariable (FirmwareFeaturesMask, guid, 0x6, 4):
51:546  0:000   -> writing new (Success)
51:546  0:000  SetNvramVariable (HW_BID, guid, 0x6, 20):
51:546  0:000   -> writing new (Success)
51:546  0:000  SetNvramVariable (security-mode, guid, 0x7, 5):
51:546  0:000  set DefaultBackgroundColor=0x0
51:546  0:000  DeleteNvramVariable (ActualDensity, guid = Success):
51:546  0:000  DeleteNvramVariable (DensityThreshold, guid = Success):
51:546  0:000  DeleteNvramVariable (EFILoginHiDPI, guid = Success):
51:546  0:000  DeleteNvramVariable (flagstate, guid = Success):
51:546  0:000  DeleteNvramVariable (csr-active-config, guid = Success):
51:546  0:000  DeleteNvramVariable (bootercfg, guid = Not Found):
51:546  0:000  DeleteNvramVariable (nvda_drv, guid = Not Found):
51:546  0:000  DeleteNvramVariable (recovery-boot-mode, guid = Not Found):
51:546  0:000  SetNvramVariable (wake-failure, guid, 0x7, 5):
51:546  0:000  Use origin smbios table type 1 guid.
51:547  0:000  SetStartupDiskVolume:
51:547  0:000    * Volume: 'Macintosh SSD'
51:547  0:000    * LoaderPath: ''
51:547  0:000    * DevPath: Macintosh SSD
51:547  0:000    * GUID = 60FEEF84-B3C7-43BF-A97C-3A5E57882649
51:547  0:000    * efi-boot-device: <array><dict><key>IOMatch</key><dict><key>IOProviderClass</key><string>IOMedia</string><key>IOPropertyMatch</key><dict><key>UUID</key><string>60FEEF84-B3C7-43BF-A97C-3A5E57882649</string></dict></dict></dict></array>
51:547  0:000  Custom boot screen not used because entry has unset use graphics
51:547  0:000  DeleteNvramVariable (IOHibernateRTCVariables, guid = Not Found):
51:547  0:000  DeleteNvramVariable (boot-image, guid = Not Found):
51:547  0:000  Closing log
51:547  0:000  OC: Supported boot capabilities 4
51:550  0:003  OCOS: OS set: <null> Mac OS X 10.12
51:552  0:002  OCOS: OS set: Apple Inc. Mac OS X 10.12
51:554  0:001  OCOS: Should use black background
51:557  0:003  OC: Opening file System\Library\Kernels\kernel with 1 mode gave - Success
51:559  0:002  OC: Opening file \System\Library\CoreServices\com.apple.Boot.plist with 1 mode gave - Not Found
51:561  0:002  OC: Opening file Library\Preferences\SystemConfiguration\com.apple.Boot.plist with 1 mode gave - Success
51:578  0:016  OC: Opening file \System\Library\CoreServices\PlatformSupport.plist with 1 mode gave - Success
51:582  0:003  OC: Opening file \System\Library\CoreServices\boot.efi with 1 mode gave - Success
51:593  0:011  OC: Opening file System\Library\PrelinkedKernels\prelinkedkernel.development with 1 mode gave - Not Found
51:595  0:002  OC: Opening file System\Library\PrelinkedKernels\prelinkedkernel with 1 mode gave - Success
51:624  0:028  OC: Kext reservation size info 594000 exe 3F8000
51:628  0:004  OC: Trying 64-bit XNU hook on System\Library\PrelinkedKernels\prelinkedkernel
52:334  0:705  OCAK: Compressed result has C40EC018 magic
52:336  0:002  OCAK: Found 64-bit Mach-O compressed 1 offset 28 size 52232192
52:338  0:001  OC: Result of 64-bit XNU hook on System\Library\PrelinkedKernels\prelinkedkernel (00000000) is Success
52:395  0:057  OCAK: Read kernel version 17.7.0 (170700)
52:436  0:040  OCAK: Reducing prelink size from 31D0000 to 2F3A000 via plist
52:440  0:003  OCAK: as.vit9696.Lilu got KXLD 0 0
52:442  0:002  OCAK: Requesting __LINKEDIT for as.vit9696.Lilu - C7026438 at 2F3A000
52:444  0:001  OCAK: Requesting SymbolTable for as.vit9696.Lilu - 520
52:446  0:001  OCAK: Requesting __LINKEDIT for __kernel__ - 0 at 0
52:448  0:002  OCAK: Requesting SymbolTable for __kernel__ - 22893
52:474  0:026  OCAK: com.apple.kpi.bsd got KXLD 0 0
52:476  0:001  OCAK: Requesting __LINKEDIT for com.apple.kpi.bsd - C4E29038 at D3D000
52:479  0:003  OCAK: Requesting SymbolTable for com.apple.kpi.bsd - 832
52:482  0:002  OCAK: com.apple.kpi.dsep got KXLD 0 0
52:484  0:001  OCAK: Requesting __LINKEDIT for com.apple.kpi.dsep - C52AE038 at 11C2000
52:486  0:001  OCAK: Requesting SymbolTable for com.apple.kpi.dsep - 37
52:488  0:002  OCAK: com.apple.kpi.iokit got KXLD 0 0
52:490  0:001  OCAK: Requesting __LINKEDIT for com.apple.kpi.iokit - C4E07038 at D1B000
52:492  0:002  OCAK: Requesting SymbolTable for com.apple.kpi.iokit - 2155
52:494  0:002  OCAK: com.apple.kpi.libkern got KXLD 0 0
52:498  0:003  OCAK: Requesting __LINKEDIT for com.apple.kpi.libkern - C4DE8038 at CFC000
52:500  0:001  OCAK: Requesting SymbolTable for com.apple.kpi.libkern - 897
52:502  0:002  OCAK: com.apple.kpi.mach got KXLD 0 0
52:504  0:001  OCAK: Requesting __LINKEDIT for com.apple.kpi.mach - C4DF6038 at D0A000
52:506  0:001  OCAK: Requesting SymbolTable for com.apple.kpi.mach - 70
52:508  0:002  OCAK: com.apple.kpi.unsupported got KXLD 0 0
52:510  0:001  OCAK: Requesting __LINKEDIT for com.apple.kpi.unsupported - C4E76038 at D8A000
52:513  0:003  OCAK: Requesting SymbolTable for com.apple.kpi.unsupported - 262
52:525  0:012  OC: Prelinked injection Kexts\Other\Lilu.kext () - Success
52:527  0:002  OCAK: as.vit9696.VirtualSMC got KXLD 0 0
52:529  0:001  OCAK: Requesting __LINKEDIT for as.vit9696.VirtualSMC - C7053438 at 2F67000
52:532  0:002  OCAK: Requesting SymbolTable for as.vit9696.VirtualSMC - 452
52:534  0:001  OCAK: Requesting SymbolTable for as.vit9696.Lilu - 137
52:537  0:003  OCAK: com.apple.iokit.IOACPIFamily got KXLD 0 0
52:539  0:001  OCAK: Requesting __LINKEDIT for com.apple.iokit.IOACPIFamily - C4FB0398 at EC4000
52:541  0:002  OCAK: Requesting SymbolTable for com.apple.iokit.IOACPIFamily - 167
52:543  0:002  OCAK: com.apple.kpi.private got KXLD 0 0
52:545  0:001  OCAK: Requesting __LINKEDIT for com.apple.kpi.private - C4DFA038 at D0E000
52:547  0:001  OCAK: Requesting SymbolTable for com.apple.kpi.private - 924
52:563  0:016  OC: Prelinked injection Kexts\Other\VirtualSMC.kext () - Success
52:567  0:003  OCAK: as.vit9696.WhateverGreen got KXLD 0 0
52:569  0:001  OCAK: Requesting __LINKEDIT for as.vit9696.WhateverGreen - C706D3E8 at 2F81000
52:571  0:002  OCAK: Requesting SymbolTable for as.vit9696.WhateverGreen - 412
52:573  0:002  OCAK: com.apple.iokit.IOPCIFamily got KXLD 0 0
52:575  0:001  OCAK: Requesting __LINKEDIT for com.apple.iokit.IOPCIFamily - C4E7C3E8 at D90000
52:577  0:001  OCAK: Requesting SymbolTable for com.apple.iokit.IOPCIFamily - 680
52:597  0:020  OC: Prelinked injection Kexts\Other\WhateverGreen.kext () - Success
52:605  0:007  OCAK: as.vit9696.AppleALC got KXLD 0 0
52:607  0:002  OCAK: Requesting __LINKEDIT for as.vit9696.AppleALC - C70E93E8 at 2FFD000
52:609  0:001  OCAK: Requesting SymbolTable for as.vit9696.AppleALC - 438
52:627  0:018  OC: Prelinked injection Kexts\Other\AppleALC.kext () - Success
52:629  0:002  OCAK: org.netkas.driver.FakeSMC got KXLD 0 0
52:632  0:002  OCAK: Requesting __LINKEDIT for org.netkas.driver.FakeSMC - C72633E8 at 3177000
52:635  0:003  OCAK: Requesting SymbolTable for org.netkas.driver.FakeSMC - 760
52:658  0:023  OC: Prelinked injection Kexts\Other\FakeSMC.kext () - Success
52:660  0:002  OCAK: com.insanelymac.AtherosE2200Ethernet got KXLD 0 0
52:662  0:002  OCAK: Requesting __LINKEDIT for com.insanelymac.AtherosE2200Ethernet - C7280398 at 3194000
52:664  0:001  OCAK: Requesting SymbolTable for com.insanelymac.AtherosE2200Ethernet - 1001
52:667  0:002  OCAK: com.apple.iokit.IONetworkingFamily got KXLD 0 0
52:670  0:003  OCAK: Requesting __LINKEDIT for com.apple.iokit.IONetworkingFamily - C5B763E8 at 1A8A000
52:672  0:002  OCAK: Requesting SymbolTable for com.apple.iokit.IONetworkingFamily - 1038
52:696  0:023  OC: Prelinked injection Kexts\Other\AtherosE2200Ethernet.kext () - Success
52:698  0:002  OCAK: org.tw.CodecCommander got KXLD 0 0
52:700  0:001  OCAK: Requesting __LINKEDIT for org.tw.CodecCommander - C7295398 at 31A9000
52:702  0:002  OCAK: Requesting SymbolTable for org.tw.CodecCommander - 1122
52:705  0:003  OCAK: com.apple.iokit.IOAudioFamily got KXLD 0 0
52:707  0:001  OCAK: Requesting __LINKEDIT for com.apple.iokit.IOAudioFamily - C523E438 at 1152000
52:709  0:001  OCAK: Requesting SymbolTable for com.apple.iokit.IOAudioFamily - 1353
52:712  0:002  OCAK: com.apple.vecLib.kext got KXLD 0 0
52:714  0:001  OCAK: Requesting __LINKEDIT for com.apple.vecLib.kext - C5193258 at 10A7000
52:716  0:001  OCAK: Requesting SymbolTable for com.apple.vecLib.kext - 57
52:719  0:003  OCAK: com.apple.kec.Libm got KXLD 0 0
52:721  0:002  OCAK: Requesting __LINKEDIT for com.apple.kec.Libm - C51831B8 at 1097000
52:723  0:001  OCAK: Requesting SymbolTable for com.apple.kec.Libm - 77
52:752  0:028  OC: Prelinked injection Kexts\Other\CodecCommander.kext () - Success
52:754  0:002  OCAK: org.hwsensors.driver.ACPISensors got KXLD 0 0
52:756  0:001  OCAK: Requesting __LINKEDIT for org.hwsensors.driver.ACPISensors - C72AC3E8 at 31C0000
52:758  0:001  OCAK: Requesting SymbolTable for org.hwsensors.driver.ACPISensors - 509
52:761  0:003  OCAK: Requesting SymbolTable for org.netkas.driver.FakeSMC - 296
52:783  0:021  OC: Prelinked injection Kexts\Other\FakeSMC_ACPISensors.kext () - Success
52:785  0:002  OCAK: as.lvs1974.IntelGraphicsFixup got KXLD 0 0
52:787  0:001  OCAK: Requesting __LINKEDIT for as.lvs1974.IntelGraphicsFixup - C72BF3E8 at 31D3000
52:789  0:001  OCAK: Requesting SymbolTable for as.lvs1974.IntelGraphicsFixup - 712
52:802  0:012  OC: Prelinked injection Kexts\Other\IntelGraphicsFixup.kext () - Success
52:805  0:003  OCAK: com.insanelymac.IntelMausiEthernet got KXLD 0 0
52:807  0:001  OCAK: Requesting __LINKEDIT for com.insanelymac.IntelMausiEthernet - C731A398 at 322E000
52:809  0:001  OCAK: Requesting SymbolTable for com.insanelymac.IntelMausiEthernet - 2063
52:824  0:015  OC: Prelinked injection Kexts\Other\IntelMausiEthernet.kext () - Success
52:826  0:002  OCAK: org.tgwbd.driver.NullCPUPowerManagement got KXLD 0 0
52:828  0:001  OCAK: Requesting __LINKEDIT for org.tgwbd.driver.NullCPUPowerManagement - C7343348 at 3257000
52:831  0:003  OCAK: Requesting SymbolTable for org.tgwbd.driver.NullCPUPowerManagement - 426
52:842  0:010  OC: Prelinked injection Kexts\Other\NullCPUPowerManagement.kext () - Success
52:844  0:002  OCAK: com.insanelymac.RealtekRTL8111 got KXLD 0 0
52:846  0:001  OCAK: Requesting __LINKEDIT for com.insanelymac.RealtekRTL8111 - C734C398 at 3260000
52:848  0:001  OCAK: Requesting SymbolTable for com.insanelymac.RealtekRTL8111 - 566
52:864  0:016  OC: Prelinked injection Kexts\Other\RealtekRTL8111.kext () - Success
52:866  0:002  OCAK: com.smalltree.driver.SmallTreeIntel82576 got KXLD 0 0
52:868  0:001  OCAK: Requesting __LINKEDIT for com.smalltree.driver.SmallTreeIntel82576 - C73BD398 at 32D1000
52:870  0:001  OCAK: Requesting SymbolTable for com.smalltree.driver.SmallTreeIntel82576 - 974
52:888  0:017  OC: Prelinked injection Kexts\Other\SmallTreeIntel82576.kext () - Success
52:893  0:005  OCAK: com.rehabman.driver.USBInjectAll got KXLD 0 0
52:896  0:003  OCAK: Requesting __LINKEDIT for com.rehabman.driver.USBInjectAll - C73EB398 at 32FF000
52:898  0:001  OCAK: Requesting SymbolTable for com.rehabman.driver.USBInjectAll - 351
52:912  0:013  OC: Prelinked injection Kexts\Other\USBInjectAll.kext () - Success
52:914  0:002  OCAK: org.hwsensors.driver.CPUSensors got KXLD 0 0
52:916  0:001  OCAK: Requesting __LINKEDIT for org.hwsensors.driver.CPUSensors - C73F63E8 at 330A000
52:918  0:001  OCAK: Requesting SymbolTable for org.hwsensors.driver.CPUSensors - 366
52:930  0:012  OC: Prelinked injection Kexts\Other\FakeSMC_CPUSensors.kext () - Success
52:932  0:002  OC: Prelinked injection Kexts\Other\XHCI-200-series-injector.kext () - Success
52:934  0:002  OC: Prelinked injection Kexts\Other\XHCI-300-series-injector.kext () - Success
52:936  0:002  OC: Prelinked injection Kexts\Other\XHCI-x99-injector.kext () - Success
52:939  0:002  OCAK: org.hwsensors.driver.GPUSensors got KXLD 0 0
52:941  0:001  OCAK: Requesting __LINKEDIT for org.hwsensors.driver.GPUSensors - C74013E8 at 3315000
52:944  0:003  OCAK: Requesting SymbolTable for org.hwsensors.driver.GPUSensors - 566
52:960  0:016  OC: Prelinked injection Kexts\Other\FakeSMC_GPUSensors.kext () - Success
52:962  0:002  OC: Prelink size 53682176 kext offset 49520640 reserved 4161536
53:021  0:058  OC: Prelinked status - Success
53:105  0:084  FixOwnership() -> begin
53:105  0:000  USB UHCI Base=C481 PortBase=624
53:106  0:001  USB UHCI reset for device 27C8
53:106  0:000  USB UHCI Base=C801 PortBase=640
53:107  0:001  USB UHCI reset for device 27C9
53:107  0:000  USB UHCI Base=C881 PortBase=644
53:108  0:001  USB UHCI reset for device 27CA
53:108  0:000  USB UHCI Base=CC01 PortBase=660
53:109  0:001  USB UHCI reset for device 27CB
53:109  0:000  Base=F9EFBC00 Oper=F9EFBC20 eecp=68
53:109  0:000  usbcmd=00080000 usbsts=00001000 usbintr=00000000
53:109  0:000  usblegsup=01000001 isOSowned=1 isBIOSowned=0 usblegctlsts=40002000
53:110  0:000  usbcmd=00080000 usbsts=00001000 usbintr=00000000
53:110  0:000  usbcmd=00080000 usbsts=00001000 usbintr=00000000
53:110  0:000  usblegsup=00000001 isOSowned=0 isBIOSowned=0 usblegctlsts=20000000
53:110  0:000  Legacy USB Off Done
53:110  0:000  USB EHCI Ownership for device 27CC value=1000001
53:110  0:000  ++++++++++++++++++++++++++++++++
