0:100  0:100  MemLog inited, TSC freq: 2778287110
0:100  0:000  CPU was calibrated with ACPI PM Timer
0:100  0:000  LegacyRegion2: Chipset/proc: 0x29C08086
0:100  0:000   Intel Series 4 and similar (PAM 0x90-0x96)
0:100  0:000   Test PAM1=(0x41=90, 0x5a=00, 0x81=00, 0x91=11) at chipset 29C08086
0:100  0:000  , Install = Success
0:108  0:008  BiosVideoDriverBindingStart!
0:108  0:000  BiosVideoCheckForVbe
0:108  0:000  EdidOverride not found
0:334  0:226   Edid1-
0:561  0:226   Edid0-
0:748  0:187   Edid1-
0:811  0:062   Edid0+
0:811  0:000   found Detail Timing 1366x768
0:823  0:012     0 640x480 attr=3BF - ok, edid+, 640x480, working, highest, pref=0
0:823  0:000     1 800x600 attr=3BF - ok, edid+, 800x600, working, highest, pref=1
0:824  0:000     2 1024x768 attr=3BF - ok, edid+, 1024x768, working, highest, pref=2
0:824  0:000     3 1280x1024 attr=3BF - ok, edid+, working, highest, pref=3
0:827  0:003     4 1600x1200 attr=3BF - ok, edid-
0:827  0:000  BV new mode: 3 1280x1024
1:138  0:310   SetMode pref 3 (3) = Success
7:017  5:879  CloverX64 : Image base = 0xC9AE8000
7:017  0:000  
7:017  0:000  Now is 02.03.2021,  23:22:06 (GMT)
7:017  0:000  Starting Clover revision: 5131 (master, commit 949da631b) on CLOVER EFI
7:017  0:000  Build id: 20210221183006-949da63-5131-dirty
7:017  0:000  Build with: [Args: -D NO_GRUB_DRIVERS_EMBEDDED -D LESS_DEBUG -t GCC53 | -D NO_GRUB_DRIVERS_EMBEDDED -D LESS_DEBUG --conf=/Users/sergey/src/CloverBootloader/Conf -D USE_LOW_EBDA -a X64 -b RELEASE -t GCC53 -n 5 | OS: 10.14.6]
7:018  0:001  SimpleTextEx Status=Success
7:018  0:000  === [ GetDefaultSettings ] ======================
7:018  0:000  === [ Get Smbios ] ==============================
7:018  0:000  Type 16 Index = 0
7:018  0:000  Total Memory Slots Count = 2
7:018  0:000  Type 17 Index = 0
7:018  0:000  Ignoring insane frequency value 0MHz
7:018  0:000  Type 17 Index = 1
7:018  0:000  Ignoring insane frequency value 0MHz
7:018  0:000  Boot status=0
7:018  0:000  Running on: 'To Be Filled By O.E.M.' with board 'G31M-S. '
7:018  0:000  === [ GetCPUProperties ] ========================
7:019  0:000  CPU Vendor = 756E6547 Model=1067A
7:019  0:000   The CPU supported SSE4.1
7:019  0:000  BrandString = Intel(R) Core(TM)2 Quad CPU    Q9500  @ 2.83GHz
7:019  0:000  got cores from CPUID_1 = 4
7:019  0:000   The CPU not supported turbo
7:019  0:000   Energy PerfBias is  not visible:
7:019  0:000  MSR dumps:
7:019  0:000  	@0x00CD=80000a04
7:019  0:000  	@0x0198=616482506004825
7:019  0:000  FSBFrequency = 334 MHz, DMI FSBFrequency = 333 MHz, Corrected FSBFrequency = 333 MHz
7:019  0:000  MaxDiv/MinDiv: 8.5/6
7:019  0:000  Turbo: 9/0/0/0
7:019  0:000  Features: 0x408E3BDBFEBFBFF
7:019  0:000  Threads: 4
7:019  0:000  Cores: 4
7:019  0:000  FSB: 333 MHz
7:019  0:000  CPU: 2833 MHz
7:019  0:000  TSC: 2833 MHz
7:019  0:000  PIS: 1333 MHz
7:019  0:000  ExternalClock: 333 MHz
7:019  0:000  === [ GetDefaultCpuSettings ] ===================
7:019  0:000  === [ GetDevices ] ==============================
7:019  0:000  GOP found at: PcieRoot(0x0)/Pci(0x1,0x0)/Pci(0x0,0x0)/AcpiAdr(0x80010100)
7:019  0:000  PCI (00|00:00.00) : 8086 29C0 class=060000
7:019  0:000  PCI (00|00:01.00) : 8086 29C1 class=060400
7:019  0:000  PCI (00|04:00.00) : 10DE 0402 class=030000
7:019  0:000   - GOP: Provided by device
7:019  0:000   - GFX: Model=MSI GeForce 8600 GT family 84 (Tesla)
7:019  0:000  PCI (00|00:1B.00) : 8086 27D8 class=040300
7:019  0:000  PCI (00|00:1C.00) : 8086 27D0 class=060400
7:019  0:000  PCI (00|00:1C.01) : 8086 27D2 class=060400
7:019  0:000  PCI (00|01:00.00) : 10EC 8136 class=020000
7:019  0:000   - LAN: 0 Vendor=Realtek
7:019  0:000  PCI (00|00:1D.00) : 8086 27C8 class=0C0300
7:019  0:000  PCI (00|00:1D.01) : 8086 27C9 class=0C0300
7:019  0:000  PCI (00|00:1D.02) : 8086 27CA class=0C0300
7:019  0:000  PCI (00|00:1D.03) : 8086 27CB class=0C0300
7:019  0:000  PCI (00|00:1D.07) : 8086 27CC class=0C0320
7:019  0:000  PCI (00|00:1E.00) : 8086 244E class=060401
7:019  0:000  PCI (00|00:1F.00) : 8086 27B8 class=060100
7:019  0:000  PCI (00|00:1F.01) : 8086 27DF class=01018A
7:019  0:000  PCI (00|00:1F.02) : 8086 27C0 class=01018F
7:019  0:000  PCI (00|00:1F.03) : 8086 27DA class=0C0500
7:019  0:000  Clover load options size = 0 bytes
7:019  0:000  _checkOEMPath Look for oem dir at path '\EFI\CLOVER\OEM\To Be Filled By O.E.M.--00-00-00-00-00-00'. Dir doesn't exist.
7:019  0:000  _checkOEMPath Look for oem dir at path '\EFI\CLOVER\OEM\To Be Filled By O.E.M.'. Dir doesn't exist.
7:019  0:000  _checkOEMPath Look for oem dir at path '\EFI\CLOVER\OEM\To Be Filled By O.E.M.-2833'. Dir doesn't exist.
7:019  0:000  _checkOEMPath Look for oem dir at path '\EFI\CLOVER\OEM\G31M-S. '. Dir doesn't exist.
7:019  0:000  _checkOEMPath Look for oem dir at path '\EFI\CLOVER\OEM\G31M-S. -2833'. Dir doesn't exist.
7:021  0:001  Using config.plist at path: \EFI\CLOVER
7:021  0:000  \EFI\CLOVER\config.plist  loaded: Success
7:021  0:000  === [ GetListOfThemes ] =========================
7:021  0:000  - [00]: BeautyDark
7:023  0:001  - [01]: Carbon
7:025  0:001  - [02]: Catalina
7:026  0:001  - [03]: Catalina4k
7:028  0:001  - [04]: HexagonDark
7:029  0:001  - [05]: HighSierra
7:031  0:002  - [06]: InsanelyLook
7:032  0:000  - [07]: Leather
7:034  0:001  - [08]: Lightness
7:034  0:000  - [09]: Luxury
7:036  0:001  - [10]: Luxury2.0
7:038  0:001  - [11]: Material
7:039  0:001  - [12]: MaterialBox
7:041  0:001  - [13]: MaterialDark
7:042  0:000  - [14]: Mojave
7:043  0:001  - [15]: Neon
7:045  0:001  - [16]: Nightwish
7:046  0:001  === [ Found config plists ] =====================
7:046  0:000  - config.plist
7:047  0:001  === [ GetEarlyUserSettings ] ====================
7:047  0:000  timeout set to 4
7:047  0:000  Custom boot CUSTOM_BOOT_DISABLED (0x0)
7:047  0:000  Default theme: Mojave
7:047  0:000  Hiding entries with string Preboot
7:047  0:000  === [ LoadDrivers ] =============================
7:048  0:000  Loading apfs.efi  status=Success
7:052  0:003   - driver needs connecting
7:052  0:000  Loading ApfsDriverLoader.efi  status=Success
7:052  0:000   - driver needs connecting
7:052  0:000  Loading AudioDxe.efi  status=Success
7:052  0:000   - driver needs connecting
7:052  0:000  Loading FSInject.efi  status=Success
7:052  0:000  Loading GrubEXFAT.efi  status=Success
7:053  0:000   - driver needs connecting
7:053  0:000  Loading GrubISO9660.efi  status=Success
7:053  0:000   - driver needs connecting
7:053  0:000  Loading GrubNTFS.efi  status=Success
7:054  0:000   - driver needs connecting
7:054  0:000  Loading GrubUDF.efi  status=Success
7:054  0:000   - driver needs connecting
7:054  0:000  Loading HFSPlus.efi  status=Success
7:054  0:000   - driver needs connecting
7:054  0:000  Loading NTFS.efi  status=Success
7:055  0:000   - driver needs connecting
7:055  0:000  Loading VirtualSmc.efi  status=Success
7:156  0:100  Loading XhciDxe.efi  status=Success
7:156  0:000   - driver needs connecting
7:156  0:000  10 drivers needs connecting ...
7:156  0:000  PlatformDriverOverrideProtocol->GetDriver overriden
7:156  0:000  HFS+ driver loaded
7:156  0:000  APFS driver loaded
10:208  3:052  === [ InitScreen ] ==============================
10:208  0:000  Console modes reported: 4, available modes:
10:208  0:000   - [01]: 80x25
10:208  0:000   - [02]: 80x50
10:208  0:000   - [03]: 100x31
10:208  0:000   - [04]: 160x53 (current mode)
10:208  0:000  SetScreenResolution: 1366x768 - not found!
10:208  0:000  SetScreenResolution: 1280x1024 - already set
10:210  0:001  Using embedded font
10:211  0:000  === [ GetMacAddress ] ===========================
10:211  0:000   get legacy LAN MAC, 1 card found
10:211  0:000  Legacy MAC address of LAN #0= 00:25:22:2E:1E:88:
10:211  0:000  === [ ScanSPD ] =================================
10:211  0:000  Scanning SMBus [8086:27DA], mmio: 0x0, ioport: 0x400, hostc: 0x1
10:327  0:116  Slot: 0 Type 19 2048MB 800MHz Vendor=Kingston PartNo= SerialNo=4BCC9297
10:437  0:110  Slot: 2 Type 19 2048MB 800MHz Vendor=SK Hynix PartNo=HMP125U6EFR8C-S6 SerialNo=00004012
10:442  0:005  === [ GetAcpiTablesList ] =======================
10:442  0:000  Get Acpi Tables List from RSDT:
10:442  0:000   - [00]: FACP  OEMFACP  len=132
10:442  0:000   - [01]: APIC  APIC2110 len=108
10:442  0:000   - [02]: MCFG  OEMMCFG  len=60
10:442  0:000   - [03]: OEMB  OEMB2110 len=114
10:442  0:000   - [04]: AAFT  OEMAAFT  len=39
10:442  0:000   - [05]: HPET  OEMHPET  len=56
10:442  0:000   - [06]: GSCI  GMCHSCI  len=8228
10:442  0:000  Calibrated TSC Frequency = 2778287110 = 2778MHz
10:443  0:000  === [ GetUserSettings ] =========================
10:443  0:000  Add 1 properties:
10:443  0:000   - [00]: NVidia Key: AAPL,snb-platform-id, len: 4
10:443  0:000  USB FixOwnership: yes
10:443  0:000   - final DSDT Fix mask=000197D7
10:443  0:000  PatchesDSDT: 6 requested
10:443  0:000   - [00]: (change EHC1 to EH01) lenToFind: 4, lenToReplace: 4
10:443  0:000   - [01]: (change EHC2 to EH02) lenToFind: 4, lenToReplace: 4
10:443  0:000   - [02]: (change PEGP to GFX0) lenToFind: 4, lenToReplace: 4
10:443  0:000   - [03]: (change HDAS to HDEF) lenToFind: 4, lenToReplace: 4
10:443  0:000   - [04]: (change SAT0 to SATA) lenToFind: 4, lenToReplace: 4
10:443  0:000   - [05]: (change HECI to IMEI) lenToFind: 4, lenToReplace: 4
10:443  0:000  EnableC4: yes
10:443  0:000  C3Latency: 0
10:443  0:000  MinMultiplier: 0
10:443  0:000  MaxMultiplier: 0
10:443  0:000  PluginType: 0
10:443  0:000  ResetVal: 0x0
10:443  0:000  Using ProductName from config: iMac18,1
10:443  0:000  Using latest BiosVersion from config
10:443  0:000  BiosVersion: IM181.88Z.F000.B00.1912161654
10:443  0:000  BiosReleaseDate: 12/16/2019
10:443  0:000  Using latest EfiVersion from clover: 183.0.0.0.0
10:443  0:000  Using FirmwareFeatures from config: 0xFC0FE176
10:443  0:000  Using FirmwareFeaturesMask from config: 0xFF1FFF7F
10:443  0:000  Board-ID set from config as Mac-4B682C642B45593E
10:443  0:000  BoardType: 0xA
10:443  0:000  ChassisType: 0x9
10:443  0:000  The UUID is valid
10:443  0:000   - [00]: Drop table : 52414D44,                0 :  no
10:443  0:000   - [01]: Drop table : 54445353,       6d50757043 :  no
10:443  0:000   - [02]: Drop table : 54445353,   74734930757043 :  no
10:443  0:000  Cannot find smbios.plist at path '\EFI\CLOVER' : Not Found
10:444  0:000  === [ Found DSDT tables ] =======================
10:444  0:000  === [ InitKextList ] ============================
10:508  0:064  === [ ScanVolumes ] =============================
10:508  0:000  Found 12 volumes with blockIO
10:508  0:000  - [00]: Volume: PcieRoot(0x0)\Pci(0x1D,0x7)\USB(0x6,0x0)\Unit(0x0)
10:508  0:000  - [01]: Volume: PcieRoot(0x0)\Pci(0x1D,0x7)\USB(0x6,0x0)\Unit(0x1)
10:508  0:000  - [02]: Volume: PcieRoot(0x0)\Pci(0x1D,0x7)\USB(0x6,0x0)\Unit(0x2)
10:508  0:000  - [03]: Volume: PcieRoot(0x0)\Pci(0x1D,0x7)\USB(0x6,0x0)\Unit(0x3)
10:508  0:000  - [04]: Volume: PcieRoot(0x0)\Pci(0x1F,0x2)\Ata(0x0)
10:509  0:000          Result of bootcode detection: bootable unknown (legacy)
10:509  0:000  - [05]: Volume: PcieRoot(0x0)\Pci(0x1F,0x2)\Ata(0x0)
10:509  0:000  - [06]: Volume: PcieRoot(0x0)\Pci(0x1F,0x2)\Ata(0x0)\HD(1,GPT,27FFAA17-912A-4547-BA08-8D2080A4DCEE,0x28,0x64000)
10:509  0:000          Result of bootcode detection: bootable unknown (legacy)
10:511  0:001            label : EFI
10:511  0:000          This is SelfVolume !!
10:511  0:000  - [07]: Volume: PcieRoot(0x0)\Pci(0x1F,0x2)\Ata(0x0)\HD(2,GPT,60FEEF84-B3C7-43BF-A97C-3A5E57882649,0x64028,0xDDFAC40)
10:511  0:000            label : Macintosh SSD
10:511  0:000  - [08]: Volume: PcieRoot(0x0)\Pci(0x1F,0x2)\Ata(0x0)\HD(3,GPT,C028C705-C3B4-4D18-99ED-1A93B066D230,0xDE5EC68,0x135F20)
10:511  0:000            label : Recovery HD
10:511  0:000  - [09]: Volume: PcieRoot(0x0)\Pci(0x1F,0x2)\Ata(0x0)\HD(1,GPT,E76CBA19-05C7-4993-864D-8ED69D69AA2B,0x28,0x64000)
10:512  0:000          Result of bootcode detection: bootable unknown (legacy)
10:585  0:073            label : EFI
10:585  0:000  - [10]: Volume: PcieRoot(0x0)\Pci(0x1F,0x2)\Ata(0x0)\HD(2,GPT,FB1C0C88-A02B-49B9-ABC1-BF8CCE316C29,0x64028,0x129A5530)
10:585  0:000            label : System
10:585  0:000  - [11]: Volume: PcieRoot(0x0)\Pci(0x1F,0x2)\Ata(0x0)\HD(3,GPT,1281D7B2-0F55-44DA-8369-970BEC01B0C4,0x12A49558,0x129A5530)
10:585  0:000            label : MisCosas
10:585  0:000  Searching volumes for latest nvram.plist ...
10:585  0:000   Modified = 2021-3-2 23:19:20 (3897328760000 ms)
10:585  0:000   - newer - will use this one
10:585  0:000   - [1] no nvram.plist - skipping!
10:585  0:000  Loading nvram.plist from EFI index 0  begin load gNvramDict=0x0
10:586  0:000   loaded, size=701
10:586  0:000  loaded Status=Success
10:586  0:000  === [ PutNvramPlistToRtVars ] ===================
10:586  0:000   Adding Key: ActualDensity: Size = 2, Data: E1 00 
10:586  0:000   Adding Key: DensityThreshold: Size = 2, Data: 96 00 
10:586  0:000   Adding Key: EFILoginHiDPI: Size = 4, Data: 01 00 00 00 
10:586  0:000   Adding Key: csr-active-config: Size = 4, Data: 67 00 00 00 
10:586  0:000   Adding Key: flagstate: Size = 32, Data: 01 00 00 00 00 00 00 00 00 00 00 00 00 00 00 00 00 00 00 00 00 00 00 00 00 00 00 00 00 00 00 00 
10:586  0:000   Adding Key: fmm-computer-name: Size = 18, Data: 6A 75 61 6E 6A 6F E2 80 99 73 20 4D 61 63 20 50 72 6F 
10:586  0:000   Adding Key: nvda_drv: Size = 2, Data: 31 00 
10:586  0:000   Adding Key: security-mode: String: Size = 4, Val = 'none'
10:586  0:000   Adding Key: wake-failure: Size = 5, Data: 00 00 00 00 00 
10:586  0:000  found 1 handles with audio
10:586  0:000  No AudioIoDevice stored
10:586  0:000  no stored audio parameters
10:586  0:000  Found Audio Device Realtek ALC662v2 (LineOut) at index 0
10:586  0:000  Found Audio Device Realtek ALC662v2 (Headphones) at index 1
10:586  0:000  === [ InitXTheme ] ==============================
10:586  0:000  use Daylight theme
10:587  0:001  Using theme 'Mojave' (Mojave)
10:587  0:000  chosen theme Mojave
10:587  0:000  OS main and drive as badge
10:637  0:049  sound play end with status=Device Error
10:639  0:001  theme inited
10:639  0:000  Chosen theme Mojave
10:639  0:000  after NVRAM boot-args=dart=0 PCIRootUID=0 USBBusFix=Yes -v
10:639  0:000  === [ Dump SMC keys from NVRAM ] ================
10:639  0:000  found AppleSMC protocol
10:639  0:000  === [ ScanLoader ] ==============================
10:639  0:000  - [06]: 'EFI'
10:643  0:004        AddLoaderEntry for Volume Name=EFI, idx=0
10:643  0:000        OSVersion= 
10:643  0:000        IconName=unknown comma=-1 size=7
10:643  0:000        Full=unknown
10:643  0:000        Loader entry created for 'PcieRoot(0x0)\Pci(0x1F,0x2)\Ata(0x0)\HD(1,GPT,27FFAA17-912A-4547-BA08-8D2080A4DCEE,0x28,0x64000)\EFI\BOOT\BOOTX64.efi'
10:643  0:000        Menu entry added at index 0
10:643  0:000       hiding entry because DiskKind is DISK_KIND_INTERNAL: \EFI\BOOT\BOOTX64.efi
10:643  0:000  - [07]: 'Macintosh SSD'
10:646  0:003        AddLoaderEntry for Volume Name=Macintosh SSD, idx=1
10:647  0:001        OSVersion=10.13.6 
10:647  0:000      hibernated: set as never
10:647  0:000        IconName=hsierra,mac comma=7 size=11
10:647  0:000        first=os_hsierra
10:647  0:000        Loader entry created for 'PcieRoot(0x0)\Pci(0x1F,0x2)\Ata(0x0)\HD(2,GPT,60FEEF84-B3C7-43BF-A97C-3A5E57882649,0x64028,0xDDFAC40)\System\Library\CoreServices\boot.efi'
10:648  0:000        Menu entry added at index 1
10:648  0:000  - [08]: 'Recovery HD'
10:648  0:000        AddLoaderEntry for Volume Name=Recovery HD, idx=2
10:649  0:000        OSVersion=10.13.6 
10:649  0:000        IconName=hsierra,mac comma=7 size=11
10:649  0:000        first=os_hsierra
10:649  0:000        Loader entry created for 'PcieRoot(0x0)\Pci(0x1F,0x2)\Ata(0x0)\HD(3,GPT,C028C705-C3B4-4D18-99ED-1A93B066D230,0xDE5EC68,0x135F20)\com.apple.recovery.boot\boot.efi'
10:649  0:000        Menu entry added at index 2
10:649  0:000  - [09]: 'EFI'
10:649  0:000  - [10]: 'System'
10:650  0:000  - [11]: 'MisCosas'
10:650  0:000  Entries list before ordering
10:650  0:000      Entry 0 : Boot UEFI internal from EFI (hidden)
10:650  0:000      Entry 1 : Boot macOS from Macintosh SSD
10:650  0:000      Entry 2 : Boot Recovery from Recovery HD
10:650  0:000  Entries after before ordering
10:650  0:000    Entry 0 : Boot UEFI internal from EFI (hidden)
10:650  0:000    Entry 1 : Boot macOS from Macintosh SSD
10:650  0:000    Entry 2 : Boot Recovery from Recovery HD
10:650  0:000  Scanning legacy ...
10:650  0:000  === [ AddCustomTool ] ===========================
10:651  0:000  === [ GetEfiBootDeviceFromNvram ] ===============
10:651  0:000   - [!] efi-boot-device-data not found
10:651  0:000   - found entry 0. 'Boot macOS from Macintosh SSD', Volume 'Macintosh SSD', DevicePath 'PcieRoot(0x0)\Pci(0x1F,0x2)\Ata(0x0)\HD(2,GPT,60FEEF84-B3C7-43BF-A97C-3A5E57882649,0x64028,0xDDFAC40)\System\Library\CoreServices\boot.efi'
10:651  0:000  BannerPlace at Clear Screen [608,260]
10:760  0:108  AnimeRun=0
10:807  0:047  GUI ready
16:060  5:252  === [ StartLoader ] =============================
16:060  0:000  Starting PcieRoot(0x0)\Pci(0x1F,0x2)\Ata(0x0)\HD(2,GPT,60FEEF84-B3C7-43BF-A97C-3A5E57882649,0x64028,0xDDFAC40)\System\Library\CoreServices\boot.efi
16:060  0:000  Finally: ExternalClock=327MHz BusSpeed=326858kHz CPUFreq=2778MHz PIS: hw.busfrequency=1308000000Hz
16:060  0:000  Beginning OC
16:060  0:000  OCST: Missing vault data, ignoring...
