0:100  0:100  MemLog inited, TSC freq: 2780188356
0:100  0:000  CPU was calibrated with ACPI PM Timer
0:100  0:000  LegacyRegion2: Chipset/proc: 0x29C08086
0:100  0:000   Intel Series 4 and similar (PAM 0x90-0x96)
0:100  0:000   Test PAM1=(0x41=90, 0x5a=00, 0x81=00, 0x91=11) at chipset 29C08086
0:100  0:000  , Install = Success
0:108  0:008  BiosVideoDriverBindingStart!
0:108  0:000  BiosVideoCheckForVbe
0:108  0:000  EdidOverride not found
0:335  0:226   Edid1-
0:562  0:226   Edid0-
0:749  0:186   Edid1-
0:811  0:062   Edid0+
0:811  0:000   found Detail Timing 1366x768
0:824  0:012     0 640x480 attr=3BF - ok, edid+, 640x480, working, highest, pref=0
0:824  0:000     1 800x600 attr=3BF - ok, edid+, 800x600, working, highest, pref=1
0:825  0:000     2 1024x768 attr=3BF - ok, edid+, 1024x768, working, highest, pref=2
0:825  0:000     3 1280x1024 attr=3BF - ok, edid+, working, highest, pref=3
0:828  0:003     4 1600x1200 attr=3BF - ok, edid-
0:828  0:000  BV new mode: 3 1280x1024
1:131  0:303   SetMode pref 3 (3) = Success
6:968  5:836  CloverX64 : Image base = 0xC9AEA000
6:968  0:000  
6:968  0:000  Now is 02.03.2021,  23:23:59 (GMT)
6:968  0:000  Starting Clover revision: 5131 (master, commit 949da631b) on CLOVER EFI
6:968  0:000  Build id: 20210221183006-949da63-5131-dirty
6:968  0:000  Build with: [Args: -D NO_GRUB_DRIVERS_EMBEDDED -D LESS_DEBUG -t GCC53 | -D NO_GRUB_DRIVERS_EMBEDDED -D LESS_DEBUG --conf=/Users/sergey/src/CloverBootloader/Conf -D USE_LOW_EBDA -a X64 -b RELEASE -t GCC53 -n 5 | OS: 10.14.6]
6:970  0:001  SimpleTextEx Status=Success
6:970  0:000  === [ GetDefaultSettings ] ======================
6:970  0:000  === [ Get Smbios ] ==============================
6:970  0:000  Type 16 Index = 0
6:970  0:000  Total Memory Slots Count = 2
6:970  0:000  Type 17 Index = 0
6:970  0:000  Ignoring insane frequency value 0MHz
6:970  0:000  Type 17 Index = 1
6:970  0:000  Ignoring insane frequency value 0MHz
6:970  0:000  Boot status=0
6:970  0:000  Running on: 'To Be Filled By O.E.M.' with board 'G31M-S. '
6:970  0:000  === [ GetCPUProperties ] ========================
6:970  0:000  CPU Vendor = 756E6547 Model=1067A
6:970  0:000   The CPU supported SSE4.1
6:970  0:000  BrandString = Intel(R) Core(TM)2 Quad CPU    Q9500  @ 2.83GHz
6:970  0:000  got cores from CPUID_1 = 4
6:970  0:000   The CPU not supported turbo
6:970  0:000   Energy PerfBias is  not visible:
6:970  0:000  MSR dumps:
6:970  0:000  	@0x00CD=80000a04
6:970  0:000  	@0x0198=616482506004825
6:970  0:000  FSBFrequency = 334 MHz, DMI FSBFrequency = 333 MHz, Corrected FSBFrequency = 333 MHz
6:970  0:000  MaxDiv/MinDiv: 8.5/6
6:970  0:000  Turbo: 9/0/0/0
6:970  0:000  Features: 0x408E3BDBFEBFBFF
6:970  0:000  Threads: 4
6:970  0:000  Cores: 4
6:970  0:000  FSB: 333 MHz
6:970  0:000  CPU: 2833 MHz
6:970  0:000  TSC: 2833 MHz
6:970  0:000  PIS: 1333 MHz
6:970  0:000  ExternalClock: 333 MHz
6:970  0:000  === [ GetDefaultCpuSettings ] ===================
6:970  0:000  === [ GetDevices ] ==============================
6:970  0:000  GOP found at: PcieRoot(0x0)/Pci(0x1,0x0)/Pci(0x0,0x0)/AcpiAdr(0x80010100)
6:970  0:000  PCI (00|00:00.00) : 8086 29C0 class=060000
6:970  0:000  PCI (00|00:01.00) : 8086 29C1 class=060400
6:970  0:000  PCI (00|04:00.00) : 10DE 0402 class=030000
6:970  0:000   - GOP: Provided by device
6:970  0:000   - GFX: Model=MSI GeForce 8600 GT family 84 (Tesla)
6:970  0:000  PCI (00|00:1B.00) : 8086 27D8 class=040300
6:970  0:000  PCI (00|00:1C.00) : 8086 27D0 class=060400
6:970  0:000  PCI (00|00:1C.01) : 8086 27D2 class=060400
6:970  0:000  PCI (00|01:00.00) : 10EC 8136 class=020000
6:970  0:000   - LAN: 0 Vendor=Realtek
6:970  0:000  PCI (00|00:1D.00) : 8086 27C8 class=0C0300
6:970  0:000  PCI (00|00:1D.01) : 8086 27C9 class=0C0300
6:970  0:000  PCI (00|00:1D.02) : 8086 27CA class=0C0300
6:970  0:000  PCI (00|00:1D.03) : 8086 27CB class=0C0300
6:970  0:000  PCI (00|00:1D.07) : 8086 27CC class=0C0320
6:970  0:000  PCI (00|00:1E.00) : 8086 244E class=060401
6:970  0:000  PCI (00|00:1F.00) : 8086 27B8 class=060100
6:970  0:000  PCI (00|00:1F.02) : 8086 27C0 class=01018A
6:970  0:000  PCI (00|00:1F.03) : 8086 27DA class=0C0500
6:970  0:000  Clover load options size = 0 bytes
6:971  0:000  _checkOEMPath Look for oem dir at path '\EFI\CLOVER\OEM\To Be Filled By O.E.M.--00-00-00-00-00-00'. Dir doesn't exist.
6:971  0:000  _checkOEMPath Look for oem dir at path '\EFI\CLOVER\OEM\To Be Filled By O.E.M.'. Dir doesn't exist.
6:971  0:000  _checkOEMPath Look for oem dir at path '\EFI\CLOVER\OEM\To Be Filled By O.E.M.-2833'. Dir doesn't exist.
6:971  0:000  _checkOEMPath Look for oem dir at path '\EFI\CLOVER\OEM\G31M-S. '. Dir doesn't exist.
6:971  0:000  _checkOEMPath Look for oem dir at path '\EFI\CLOVER\OEM\G31M-S. -2833'. Dir doesn't exist.
6:972  0:001  Using config.plist at path: \EFI\CLOVER
6:972  0:000  \EFI\CLOVER\config.plist  loaded: Success
6:972  0:000  === [ GetListOfThemes ] =========================
6:973  0:000  - [00]: BeautyDark
6:975  0:001  - [01]: Carbon
6:976  0:001  - [02]: Catalina
6:978  0:001  - [03]: Catalina4k
6:979  0:001  - [04]: HexagonDark
6:981  0:001  - [05]: HighSierra
6:983  0:001  - [06]: InsanelyLook
6:984  0:000  - [07]: Leather
6:985  0:001  - [08]: Lightness
6:986  0:000  - [09]: Luxury
6:988  0:001  - [10]: Luxury2.0
6:989  0:001  - [11]: Material
6:991  0:001  - [12]: MaterialBox
6:992  0:001  - [13]: MaterialDark
6:993  0:000  - [14]: Mojave
6:994  0:001  - [15]: Neon
6:996  0:001  - [16]: Nightwish
6:997  0:001  === [ Found config plists ] =====================
6:997  0:000  - config.plist
6:998  0:001  === [ GetEarlyUserSettings ] ====================
6:998  0:000  timeout set to 4
6:998  0:000  Custom boot CUSTOM_BOOT_DISABLED (0x0)
6:998  0:000  Default theme: Mojave
6:998  0:000  Hiding entries with string Preboot
6:998  0:000  === [ LoadDrivers ] =============================
6:999  0:000  Loading apfs.efi  status=Success
7:003  0:003   - driver needs connecting
7:003  0:000  Loading ApfsDriverLoader.efi  status=Success
7:003  0:000   - driver needs connecting
7:003  0:000  Loading AudioDxe.efi  status=Success
7:003  0:000   - driver needs connecting
7:003  0:000  Loading FSInject.efi  status=Success
7:003  0:000  Loading GrubEXFAT.efi  status=Success
7:004  0:000   - driver needs connecting
7:004  0:000  Loading GrubISO9660.efi  status=Success
7:004  0:000   - driver needs connecting
7:004  0:000  Loading GrubNTFS.efi  status=Success
7:005  0:000   - driver needs connecting
7:005  0:000  Loading GrubUDF.efi  status=Success
7:005  0:000   - driver needs connecting
7:005  0:000  Loading HFSPlus.efi  status=Success
7:005  0:000   - driver needs connecting
7:005  0:000  Loading NTFS.efi  status=Success
7:006  0:000   - driver needs connecting
7:006  0:000  Loading VirtualSmc.efi  status=Success
7:107  0:100  Loading XhciDxe.efi  status=Success
7:107  0:000   - driver needs connecting
7:107  0:000  10 drivers needs connecting ...
7:107  0:000  PlatformDriverOverrideProtocol->GetDriver overriden
7:107  0:000  HFS+ driver loaded
7:107  0:000  APFS driver loaded
10:170  3:062  === [ InitScreen ] ==============================
10:170  0:000  Console modes reported: 4, available modes:
10:170  0:000   - [01]: 80x25
10:170  0:000   - [02]: 80x50
10:170  0:000   - [03]: 100x31
10:170  0:000   - [04]: 160x53 (current mode)
10:170  0:000  SetScreenResolution: 1366x768 - not found!
10:170  0:000  SetScreenResolution: 1280x1024 - already set
10:171  0:001  Using embedded font
10:172  0:000  === [ GetMacAddress ] ===========================
10:172  0:000   get legacy LAN MAC, 1 card found
10:172  0:000  Legacy MAC address of LAN #0= 00:25:22:2E:1E:88:
10:172  0:000  === [ ScanSPD ] =================================
10:172  0:000  Scanning SMBus [8086:27DA], mmio: 0x0, ioport: 0x400, hostc: 0x1
10:288  0:116  Slot: 0 Type 19 2048MB 800MHz Vendor=Kingston PartNo= SerialNo=4BCC9297
10:398  0:110  Slot: 2 Type 19 2048MB 800MHz Vendor=SK Hynix PartNo=HMP125U6EFR8C-S6 SerialNo=00004012
10:404  0:005  === [ GetAcpiTablesList ] =======================
10:404  0:000  Get Acpi Tables List from RSDT:
10:404  0:000   - [00]: FACP  OEMFACP  len=132
10:404  0:000   - [01]: APIC  APIC2110 len=108
10:404  0:000   - [02]: MCFG  OEMMCFG  len=60
10:404  0:000   - [03]: OEMB  OEMB2110 len=114
10:404  0:000   - [04]: AAFT  OEMAAFT  len=39
10:404  0:000   - [05]: HPET  OEMHPET  len=56
10:404  0:000   - [06]: GSCI  GMCHSCI  len=8228
10:404  0:000  Calibrated TSC Frequency = 2780188356 = 2780MHz
10:404  0:000  === [ GetUserSettings ] =========================
10:404  0:000  Add 1 properties:
10:404  0:000   - [00]: NVidia Key: AAPL,snb-platform-id, len: 4
10:404  0:000  USB FixOwnership: yes
10:404  0:000   - final DSDT Fix mask=000197D7
10:404  0:000  PatchesDSDT: 6 requested
10:404  0:000   - [00]: (change EHC1 to EH01) lenToFind: 4, lenToReplace: 4
10:404  0:000   - [01]: (change EHC2 to EH02) lenToFind: 4, lenToReplace: 4
10:404  0:000   - [02]: (change PEGP to GFX0) lenToFind: 4, lenToReplace: 4
10:404  0:000   - [03]: (change HDAS to HDEF) lenToFind: 4, lenToReplace: 4
10:404  0:000   - [04]: (change SAT0 to SATA) lenToFind: 4, lenToReplace: 4
10:404  0:000   - [05]: (change HECI to IMEI) lenToFind: 4, lenToReplace: 4
10:404  0:000  EnableC4: yes
10:404  0:000  C3Latency: 0
10:404  0:000  MinMultiplier: 0
10:404  0:000  MaxMultiplier: 0
10:404  0:000  PluginType: 0
10:404  0:000  ResetVal: 0x0
10:404  0:000  Using ProductName from config: iMac18,1
10:404  0:000  Using latest BiosVersion from config
10:404  0:000  BiosVersion: IM181.88Z.F000.B00.1912161654
10:404  0:000  BiosReleaseDate: 12/16/2019
10:404  0:000  Using latest EfiVersion from clover: 183.0.0.0.0
10:404  0:000  Using FirmwareFeatures from config: 0xFC0FE176
10:404  0:000  Using FirmwareFeaturesMask from config: 0xFF1FFF7F
10:404  0:000  Board-ID set from config as Mac-4B682C642B45593E
10:404  0:000  BoardType: 0xA
10:404  0:000  ChassisType: 0x9
10:404  0:000  The UUID is valid
10:404  0:000   - [00]: Drop table : 52414D44,                0 :  no
10:404  0:000   - [01]: Drop table : 54445353,       6d50757043 :  no
10:404  0:000   - [02]: Drop table : 54445353,   74734930757043 :  no
10:404  0:000  Cannot find smbios.plist at path '\EFI\CLOVER' : Not Found
10:405  0:000  === [ Found DSDT tables ] =======================
10:405  0:000  === [ InitKextList ] ============================
10:469  0:064  === [ ScanVolumes ] =============================
10:469  0:000  Found 12 volumes with blockIO
10:469  0:000  - [00]: Volume: PcieRoot(0x0)\Pci(0x1D,0x7)\USB(0x6,0x0)\Unit(0x0)
10:469  0:000  - [01]: Volume: PcieRoot(0x0)\Pci(0x1D,0x7)\USB(0x6,0x0)\Unit(0x1)
10:469  0:000  - [02]: Volume: PcieRoot(0x0)\Pci(0x1D,0x7)\USB(0x6,0x0)\Unit(0x2)
10:469  0:000  - [03]: Volume: PcieRoot(0x0)\Pci(0x1D,0x7)\USB(0x6,0x0)\Unit(0x3)
10:469  0:000  - [04]: Volume: PcieRoot(0x0)\Pci(0x1F,0x2)\Ata(0x0)
10:469  0:000          Result of bootcode detection: bootable unknown (legacy)
10:469  0:000  - [05]: Volume: PcieRoot(0x0)\Pci(0x1F,0x2)\Ata(0x0)
10:469  0:000  - [06]: Volume: PcieRoot(0x0)\Pci(0x1F,0x2)\Ata(0x0)\HD(1,GPT,27FFAA17-912A-4547-BA08-8D2080A4DCEE,0x28,0x64000)
10:470  0:000          Result of bootcode detection: bootable unknown (legacy)
10:471  0:001            label : EFI
10:471  0:000          This is SelfVolume !!
10:471  0:000  - [07]: Volume: PcieRoot(0x0)\Pci(0x1F,0x2)\Ata(0x0)\HD(2,GPT,60FEEF84-B3C7-43BF-A97C-3A5E57882649,0x64028,0xDDFAC40)
10:472  0:000            label : Macintosh SSD
10:472  0:000  - [08]: Volume: PcieRoot(0x0)\Pci(0x1F,0x2)\Ata(0x0)\HD(3,GPT,C028C705-C3B4-4D18-99ED-1A93B066D230,0xDE5EC68,0x135F20)
10:472  0:000            label : Recovery HD
10:472  0:000  - [09]: Volume: PcieRoot(0x0)\Pci(0x1F,0x2)\Ata(0x0)\HD(1,GPT,E76CBA19-05C7-4993-864D-8ED69D69AA2B,0x28,0x64000)
10:472  0:000          Result of bootcode detection: bootable unknown (legacy)
10:549  0:076            label : EFI
10:549  0:000  - [10]: Volume: PcieRoot(0x0)\Pci(0x1F,0x2)\Ata(0x0)\HD(2,GPT,FB1C0C88-A02B-49B9-ABC1-BF8CCE316C29,0x64028,0x129A5530)
10:549  0:000            label : System
10:549  0:000  - [11]: Volume: PcieRoot(0x0)\Pci(0x1F,0x2)\Ata(0x0)\HD(3,GPT,1281D7B2-0F55-44DA-8369-970BEC01B0C4,0x12A49558,0x129A5530)
10:549  0:000            label : MisCosas
10:549  0:000  Searching volumes for latest nvram.plist ...
10:549  0:000   Modified = 2021-3-2 23:19:20 (3897328760000 ms)
10:549  0:000   - newer - will use this one
10:549  0:000   - [1] no nvram.plist - skipping!
10:549  0:000  Loading nvram.plist from EFI index 0  begin load gNvramDict=0x0
10:550  0:000   loaded, size=701
10:550  0:000  loaded Status=Success
10:550  0:000  === [ PutNvramPlistToRtVars ] ===================
10:550  0:000   Adding Key: ActualDensity: Size = 2, Data: E1 00 
10:550  0:000   Adding Key: DensityThreshold: Size = 2, Data: 96 00 
10:550  0:000   Adding Key: EFILoginHiDPI: Size = 4, Data: 01 00 00 00 
10:550  0:000   Adding Key: csr-active-config: Size = 4, Data: 67 00 00 00 
10:550  0:000   Adding Key: flagstate: Size = 32, Data: 01 00 00 00 00 00 00 00 00 00 00 00 00 00 00 00 00 00 00 00 00 00 00 00 00 00 00 00 00 00 00 00 
10:550  0:000   Adding Key: fmm-computer-name: Size = 18, Data: 6A 75 61 6E 6A 6F E2 80 99 73 20 4D 61 63 20 50 72 6F 
10:550  0:000   Adding Key: nvda_drv: Size = 2, Data: 31 00 
10:550  0:000   Adding Key: security-mode: String: Size = 4, Val = 'none'
10:550  0:000   Adding Key: wake-failure: Size = 5, Data: 00 00 00 00 00 
10:550  0:000  found 1 handles with audio
10:550  0:000  No AudioIoDevice stored
10:550  0:000  no stored audio parameters
10:550  0:000  Found Audio Device Realtek ALC662v2 (LineOut) at index 0
10:550  0:000  Found Audio Device Realtek ALC662v2 (Headphones) at index 1
10:550  0:000  === [ InitXTheme ] ==============================
10:550  0:000  use Daylight theme
10:551  0:001  Using theme 'Mojave' (Mojave)
10:551  0:000  chosen theme Mojave
10:551  0:000  OS main and drive as badge
10:600  0:049  sound play end with status=Device Error
10:602  0:001  theme inited
10:602  0:000  Chosen theme Mojave
10:602  0:000  after NVRAM boot-args=dart=0 PCIRootUID=0 USBBusFix=Yes -v
10:602  0:000  === [ Dump SMC keys from NVRAM ] ================
10:602  0:000  found AppleSMC protocol
10:602  0:000  === [ ScanLoader ] ==============================
10:602  0:000  - [06]: 'EFI'
10:606  0:004        AddLoaderEntry for Volume Name=EFI, idx=0
10:606  0:000        OSVersion= 
10:606  0:000        IconName=unknown comma=-1 size=7
10:606  0:000        Full=unknown
10:606  0:000        Loader entry created for 'PcieRoot(0x0)\Pci(0x1F,0x2)\Ata(0x0)\HD(1,GPT,27FFAA17-912A-4547-BA08-8D2080A4DCEE,0x28,0x64000)\EFI\BOOT\BOOTX64.efi'
10:606  0:000        Menu entry added at index 0
10:606  0:000       hiding entry because DiskKind is DISK_KIND_INTERNAL: \EFI\BOOT\BOOTX64.efi
10:606  0:000  - [07]: 'Macintosh SSD'
10:609  0:003        AddLoaderEntry for Volume Name=Macintosh SSD, idx=1
10:611  0:001        OSVersion=10.13.6 
10:611  0:000      hibernated: set as never
10:611  0:000        IconName=hsierra,mac comma=7 size=11
10:611  0:000        first=os_hsierra
10:611  0:000        Loader entry created for 'PcieRoot(0x0)\Pci(0x1F,0x2)\Ata(0x0)\HD(2,GPT,60FEEF84-B3C7-43BF-A97C-3A5E57882649,0x64028,0xDDFAC40)\System\Library\CoreServices\boot.efi'
10:611  0:000        Menu entry added at index 1
10:611  0:000  - [08]: 'Recovery HD'
10:611  0:000        AddLoaderEntry for Volume Name=Recovery HD, idx=2
10:612  0:000        OSVersion=10.13.6 
10:612  0:000        IconName=hsierra,mac comma=7 size=11
10:612  0:000        first=os_hsierra
10:612  0:000        Loader entry created for 'PcieRoot(0x0)\Pci(0x1F,0x2)\Ata(0x0)\HD(3,GPT,C028C705-C3B4-4D18-99ED-1A93B066D230,0xDE5EC68,0x135F20)\com.apple.recovery.boot\boot.efi'
10:612  0:000        Menu entry added at index 2
10:613  0:000  - [09]: 'EFI'
10:613  0:000  - [10]: 'System'
10:613  0:000  - [11]: 'MisCosas'
10:613  0:000  Entries list before ordering
10:613  0:000      Entry 0 : Boot UEFI internal from EFI (hidden)
10:613  0:000      Entry 1 : Boot macOS from Macintosh SSD
10:613  0:000      Entry 2 : Boot Recovery from Recovery HD
10:613  0:000  Entries after before ordering
10:613  0:000    Entry 0 : Boot UEFI internal from EFI (hidden)
10:613  0:000    Entry 1 : Boot macOS from Macintosh SSD
10:613  0:000    Entry 2 : Boot Recovery from Recovery HD
10:613  0:000  Scanning legacy ...
10:613  0:000  === [ AddCustomTool ] ===========================
10:614  0:000  === [ GetEfiBootDeviceFromNvram ] ===============
10:614  0:000   - [!] efi-boot-device-data not found
10:614  0:000   - found entry 0. 'Boot macOS from Macintosh SSD', Volume 'Macintosh SSD', DevicePath 'PcieRoot(0x0)\Pci(0x1F,0x2)\Ata(0x0)\HD(2,GPT,60FEEF84-B3C7-43BF-A97C-3A5E57882649,0x64028,0xDDFAC40)\System\Library\CoreServices\boot.efi'
10:614  0:000  BannerPlace at Clear Screen [608,260]
10:723  0:108  AnimeRun=0
10:770  0:047  GUI ready
34:486  23:716  applied ConsoleGopEnable=N
44:454  9:967  EDITED: 0x00000000
68:346  23:891  AnimeRun=0
76:156  7:810  AnimeRun=0
77:936  1:780  DeleteNvramVariable (vsmc-status, guid = Success):
77:936  0:000  DeleteNvramVariable (ActualDensity, guid = Success):
77:936  0:000  DeleteNvramVariable (DensityThreshold, guid = Success):
77:936  0:000  DeleteNvramVariable (EFILoginHiDPI, guid = Success):
77:936  0:000  DeleteNvramVariable (csr-active-config, guid = Success):
77:936  0:000  DeleteNvramVariable (flagstate, guid = Success):
77:936  0:000  DeleteNvramVariable (fmm-computer-name, guid = Success):
77:936  0:000  DeleteNvramVariable (nvda_drv, guid = Success):
77:936  0:000  DeleteNvramVariable (security-mode, guid = Success):
77:936  0:000  DeleteNvramVariable (wake-failure, guid = Success):
77:938  0:001  ConnectAll after refresh menu
78:338  0:400  ReinitRefitLib after theme change
78:338  0:000  === [ ScanVolumes ] =============================
78:338  0:000  Found 12 volumes with blockIO
78:338  0:000  - [00]: Volume: PcieRoot(0x0)\Pci(0x1D,0x7)\USB(0x6,0x0)\Unit(0x0)
78:338  0:000  - [01]: Volume: PcieRoot(0x0)\Pci(0x1D,0x7)\USB(0x6,0x0)\Unit(0x1)
78:338  0:000  - [02]: Volume: PcieRoot(0x0)\Pci(0x1D,0x7)\USB(0x6,0x0)\Unit(0x2)
78:338  0:000  - [03]: Volume: PcieRoot(0x0)\Pci(0x1D,0x7)\USB(0x6,0x0)\Unit(0x3)
78:338  0:000  - [04]: Volume: PcieRoot(0x0)\Pci(0x1F,0x2)\Ata(0x0)
78:338  0:000          Result of bootcode detection: bootable unknown (legacy)
78:338  0:000  - [05]: Volume: PcieRoot(0x0)\Pci(0x1F,0x2)\Ata(0x0)
78:339  0:000  - [06]: Volume: PcieRoot(0x0)\Pci(0x1F,0x2)\Ata(0x0)\HD(1,GPT,27FFAA17-912A-4547-BA08-8D2080A4DCEE,0x28,0x64000)
78:339  0:000          Result of bootcode detection: bootable unknown (legacy)
78:339  0:000            label : EFI
78:339  0:000          This is SelfVolume !!
78:339  0:000  - [07]: Volume: PcieRoot(0x0)\Pci(0x1F,0x2)\Ata(0x0)\HD(2,GPT,60FEEF84-B3C7-43BF-A97C-3A5E57882649,0x64028,0xDDFAC40)
78:339  0:000            label : Macintosh SSD
78:339  0:000  - [08]: Volume: PcieRoot(0x0)\Pci(0x1F,0x2)\Ata(0x0)\HD(3,GPT,C028C705-C3B4-4D18-99ED-1A93B066D230,0xDE5EC68,0x135F20)
78:339  0:000            label : Recovery HD
78:339  0:000  - [09]: Volume: PcieRoot(0x0)\Pci(0x1F,0x2)\Ata(0x0)\HD(1,GPT,E76CBA19-05C7-4993-864D-8ED69D69AA2B,0x28,0x64000)
78:340  0:000          Result of bootcode detection: bootable unknown (legacy)
78:340  0:000            label : EFI
78:340  0:000  - [10]: Volume: PcieRoot(0x0)\Pci(0x1F,0x2)\Ata(0x0)\HD(2,GPT,FB1C0C88-A02B-49B9-ABC1-BF8CCE316C29,0x64028,0x129A5530)
78:340  0:000            label : System
78:340  0:000  - [11]: Volume: PcieRoot(0x0)\Pci(0x1F,0x2)\Ata(0x0)\HD(3,GPT,1281D7B2-0F55-44DA-8369-970BEC01B0C4,0x12A49558,0x129A5530)
78:340  0:000            label : MisCosas
78:340  0:000  === [ PutNvramPlistToRtVars ] ===================
78:340  0:000   Adding Key: ActualDensity: Size = 2, Data: E1 00 
78:340  0:000   Adding Key: DensityThreshold: Size = 2, Data: 96 00 
78:340  0:000   Adding Key: EFILoginHiDPI: Size = 4, Data: 01 00 00 00 
78:340  0:000   Adding Key: csr-active-config: Size = 4, Data: 67 00 00 00 
78:340  0:000   Adding Key: flagstate: Size = 32, Data: 01 00 00 00 00 00 00 00 00 00 00 00 00 00 00 00 00 00 00 00 00 00 00 00 00 00 00 00 00 00 00 00 
78:340  0:000   Adding Key: fmm-computer-name: Size = 18, Data: 6A 75 61 6E 6A 6F E2 80 99 73 20 4D 61 63 20 50 72 6F 
78:340  0:000   Adding Key: nvda_drv: Size = 2, Data: 31 00 
78:340  0:000   Adding Key: security-mode: String: Size = 4, Val = 'none'
78:340  0:000   Adding Key: wake-failure: Size = 5, Data: 00 00 00 00 00 
78:340  0:000  found 1 handles with audio
78:340  0:000  No AudioIoDevice stored
78:340  0:000  no stored audio parameters
78:340  0:000  Found Audio Device Realtek ALC662v2 (LineOut) at index 0
78:340  0:000  Found Audio Device Realtek ALC662v2 (Headphones) at index 1
78:340  0:000  theme inited
78:340  0:000  Chosen theme Mojave
78:340  0:000  after NVRAM boot-args=dart=0 PCIRootUID=0 USBBusFix=Yes -v
78:340  0:000  === [ ScanLoader ] ==============================
78:340  0:000  - [06]: 'EFI'
78:341  0:001        AddLoaderEntry for Volume Name=EFI, idx=0
78:341  0:000        OSVersion= 
78:341  0:000        IconName=unknown comma=-1 size=7
78:341  0:000        Full=unknown
78:341  0:000        Loader entry created for 'PcieRoot(0x0)\Pci(0x1F,0x2)\Ata(0x0)\HD(1,GPT,27FFAA17-912A-4547-BA08-8D2080A4DCEE,0x28,0x64000)\EFI\BOOT\BOOTX64.efi'
78:341  0:000        Menu entry added at index 0
78:341  0:000       hiding entry because DiskKind is DISK_KIND_INTERNAL: \EFI\BOOT\BOOTX64.efi
78:341  0:000  - [07]: 'Macintosh SSD'
78:343  0:001        AddLoaderEntry for Volume Name=Macintosh SSD, idx=1
78:343  0:000        OSVersion=10.13.6 
78:343  0:000      hibernated: set as never
78:343  0:000        IconName=hsierra,mac comma=7 size=11
78:343  0:000        first=os_hsierra
78:343  0:000        Loader entry created for 'PcieRoot(0x0)\Pci(0x1F,0x2)\Ata(0x0)\HD(2,GPT,60FEEF84-B3C7-43BF-A97C-3A5E57882649,0x64028,0xDDFAC40)\System\Library\CoreServices\boot.efi'
78:343  0:000        Menu entry added at index 1
78:344  0:000  - [08]: 'Recovery HD'
78:344  0:000        AddLoaderEntry for Volume Name=Recovery HD, idx=2
78:344  0:000        OSVersion=10.13.6 
78:344  0:000        IconName=hsierra,mac comma=7 size=11
78:344  0:000        first=os_hsierra
78:344  0:000        Loader entry created for 'PcieRoot(0x0)\Pci(0x1F,0x2)\Ata(0x0)\HD(3,GPT,C028C705-C3B4-4D18-99ED-1A93B066D230,0xDE5EC68,0x135F20)\com.apple.recovery.boot\boot.efi'
78:344  0:000        Menu entry added at index 2
78:344  0:000  - [09]: 'EFI'
78:344  0:000  - [10]: 'System'
78:345  0:000  - [11]: 'MisCosas'
78:345  0:000  Entries list before ordering
78:345  0:000      Entry 0 : Boot UEFI internal from EFI (hidden)
78:345  0:000      Entry 1 : Boot macOS from Macintosh SSD
78:345  0:000      Entry 2 : Boot Recovery from Recovery HD
78:345  0:000  Entries after before ordering
78:345  0:000    Entry 0 : Boot UEFI internal from EFI (hidden)
78:345  0:000    Entry 1 : Boot macOS from Macintosh SSD
78:345  0:000    Entry 2 : Boot Recovery from Recovery HD
78:345  0:000  Scanning legacy ...
78:345  0:000  === [ AddCustomTool ] ===========================
78:345  0:000  === [ GetEfiBootDeviceFromNvram ] ===============
78:345  0:000   - [!] efi-boot-device-data not found
78:345  0:000   - found entry 0. 'Boot macOS from Macintosh SSD', Volume 'Macintosh SSD', DevicePath 'PcieRoot(0x0)\Pci(0x1F,0x2)\Ata(0x0)\HD(2,GPT,60FEEF84-B3C7-43BF-A97C-3A5E57882649,0x64028,0xDDFAC40)\System\Library\CoreServices\boot.efi'
78:345  0:000  AnimeRun=0
84:066  5:720  AnimeRun=0
89:456  5:390  BootVariable of the entry is empty
89:456  0:000  === [ StartLoader ] =============================
89:456  0:000  Starting PcieRoot(0x0)\Pci(0x1F,0x2)\Ata(0x0)\HD(2,GPT,60FEEF84-B3C7-43BF-A97C-3A5E57882649,0x64028,0xDDFAC40)\System\Library\CoreServices\boot.efi
89:456  0:000  Finally: ExternalClock=328MHz BusSpeed=327081kHz CPUFreq=2780MHz PIS: hw.busfrequency=1312000000Hz
89:456  0:000  Beginning OC
89:456  0:000  OCST: Missing vault data, ignoring...
89:467  0:010  config-oc.plist isn't use at all
89:467  0:000  AddKextsInArray from Other
89:467  0:000  ->Extra kext: Other\AppleALC.kext (v.1.5.8)
89:467  0:000  ->Extra kext: Other\FakeSMC.kext (v.1737)
89:467  0:000  ->Extra kext: Other\AtherosE2200Ethernet.kext (v.2.2.0)
89:467  0:000  ->Extra kext: Other\CodecCommander.kext (v.2.6.3)
89:467  0:000  ->Extra kext: Other\GenericUSBXHCI.kext (v.1.2.11)
89:467  0:000  ->Extra kext: Other\IntelGraphicsFixup.kext (v.1.2.7)
89:467  0:000  ->Extra kext: Other\IntelMausiEthernet.kext (v.2.2.0)
89:467  0:000  ->Extra kext: Other\Lilu.kext (v.1.5.1)
89:467  0:000  ->Extra kext: Other\ACS6x.kext (v.3.5.3)
89:467  0:000  ->Extra kext: Other\NullCPUPowerManagement.kext (v.1.0.0d2)
89:467  0:000  ->Extra kext: Other\RealtekRTL8111.kext (v.2.2.1)
89:467  0:000  ->Extra kext: Other\SmallTreeIntel82576.kext (v.1.0.6)
89:467  0:000  ->Extra kext: Other\USBInjectAll.kext (v.0.5.17)
89:467  0:000  ->Extra kext: Other\AHCI_3rdParty_eSATA.kext (v.0.5)
89:467  0:000  ->Extra kext: Other\VirtualSMC.kext (v.1.2.1)
89:467  0:000  ->Extra kext: Other\WhateverGreen.kext (v.1.4.8)
89:467  0:000  ->Extra kext: Other\XHCI-200-series-injector.kext (v.0.5.0)
89:467  0:000  ->Extra kext: Other\XHCI-300-series-injector.kext (v.0.5.0)
89:467  0:000  ->Extra kext: Other\XHCI-x99-injector.kext (v.0.5.0)
89:467  0:000  ->Extra kext: Other\AHCIPortInjector.kext (v.1.0.1)
89:467  0:000  ->Extra kext: Other\AHCI_Intel_Generic_SATA.kext (v.0.4)
89:467  0:000  ->Extra kext: Other\AHCI_3rdParty_SATA.kext (v.0.6)
89:467  0:000  ->Extra kext: Other\ApplePS2SmartTouchPad.kext (v.4.6.8)
89:467  0:000      |-- PlugIn kext: Other\ApplePS2SmartTouchPad.kext\Contents\PlugIns\ApplePS2Controller.kext (v.4.6.8)
89:467  0:000      |-- PlugIn kext: Other\ApplePS2SmartTouchPad.kext\Contents\PlugIns\ApplePS2Keyboard.kext (v.4.6.8)
89:467  0:000  GetOtherKextsDir(FALSE) return NULL
89:467  0:000  AddKextsInArray from 10
89:467  0:000  AddKextsInArray from 10_normal
89:467  0:000  AddKextsInArray from 10.13
89:467  0:000  AddKextsInArray from 10.13_normal
89:467  0:000  AddKextsInArray from 10.13.6
89:467  0:000  AddKextsInArray from 10.13.6_normal
89:468  0:000  Bridge kext to OC : Path=Lilu.kext
89:468  0:000  info plist path: Kexts\Other\Lilu.kext\Contents\Info.plist
89:469  0:001  assign executable as 'Contents\MacOS\Lilu'
89:469  0:000  Bridge kext to OC : Path=VirtualSMC.kext
89:469  0:000  info plist path: Kexts\Other\VirtualSMC.kext\Contents\Info.plist
89:470  0:001  assign executable as 'Contents\MacOS\VirtualSMC'
89:470  0:000  Bridge kext to OC : Path=WhateverGreen.kext
89:470  0:000  info plist path: Kexts\Other\WhateverGreen.kext\Contents\Info.plist
89:471  0:000  assign executable as 'Contents\MacOS\WhateverGreen'
89:471  0:000  Bridge kext to OC : Path=AppleALC.kext
89:471  0:000  info plist path: Kexts\Other\AppleALC.kext\Contents\Info.plist
89:491  0:019  assign executable as 'Contents\MacOS\AppleALC'
89:491  0:000  Bridge kext to OC : Path=FakeSMC.kext
89:491  0:000  info plist path: Kexts\Other\FakeSMC.kext\Contents\Info.plist
89:492  0:000  assign executable as 'Contents\MacOS\FakeSMC'
89:492  0:000  Bridge kext to OC : Path=AtherosE2200Ethernet.kext
89:492  0:000  info plist path: Kexts\Other\AtherosE2200Ethernet.kext\Contents\Info.plist
89:492  0:000  assign executable as 'Contents\MacOS\AtherosE2200Ethernet'
89:492  0:000  Bridge kext to OC : Path=CodecCommander.kext
89:492  0:000  info plist path: Kexts\Other\CodecCommander.kext\Contents\Info.plist
89:493  0:000  assign executable as 'Contents\MacOS\CodecCommander'
89:493  0:000  Bridge kext to OC : Path=GenericUSBXHCI.kext
89:493  0:000  info plist path: Kexts\Other\GenericUSBXHCI.kext\Contents\Info.plist
89:493  0:000  assign executable as 'Contents\MacOS\GenericUSBXHCI'
89:493  0:000  Bridge kext to OC : Path=IntelGraphicsFixup.kext
89:493  0:000  info plist path: Kexts\Other\IntelGraphicsFixup.kext\Contents\Info.plist
89:494  0:000  assign executable as 'Contents\MacOS\IntelGraphicsFixup'
89:494  0:000  Bridge kext to OC : Path=IntelMausiEthernet.kext
89:494  0:000  info plist path: Kexts\Other\IntelMausiEthernet.kext\Contents\Info.plist
89:494  0:000  assign executable as 'Contents\MacOS\IntelMausiEthernet'
89:494  0:000  Bridge kext to OC : Path=ACS6x.kext
89:494  0:000  info plist path: Kexts\Other\ACS6x.kext\Contents\Info.plist
89:495  0:000  assign executable as 'Contents\MacOS\ACS6x'
89:495  0:000  Bridge kext to OC : Path=NullCPUPowerManagement.kext
89:495  0:000  info plist path: Kexts\Other\NullCPUPowerManagement.kext\Contents\Info.plist
89:495  0:000  assign executable as 'Contents\MacOS\NullCPUPowerManagement'
89:495  0:000  Bridge kext to OC : Path=RealtekRTL8111.kext
89:495  0:000  info plist path: Kexts\Other\RealtekRTL8111.kext\Contents\Info.plist
89:495  0:000  assign executable as 'Contents\MacOS\RealtekRTL8111'
89:495  0:000  Bridge kext to OC : Path=SmallTreeIntel82576.kext
89:495  0:000  info plist path: Kexts\Other\SmallTreeIntel82576.kext\Contents\Info.plist
89:496  0:000  assign executable as 'Contents\MacOS\SmallTreeIntel82576'
89:496  0:000  Bridge kext to OC : Path=USBInjectAll.kext
89:496  0:000  info plist path: Kexts\Other\USBInjectAll.kext\Contents\Info.plist
89:501  0:005  assign executable as 'Contents\MacOS\USBInjectAll'
89:501  0:000  Bridge kext to OC : Path=AHCI_3rdParty_eSATA.kext
89:501  0:000  info plist path: Kexts\Other\AHCI_3rdParty_eSATA.kext\Contents\Info.plist
89:502  0:000  Bridge kext to OC : Path=XHCI-200-series-injector.kext
89:502  0:000  info plist path: Kexts\Other\XHCI-200-series-injector.kext\Contents\Info.plist
89:502  0:000  Bridge kext to OC : Path=XHCI-300-series-injector.kext
89:502  0:000  info plist path: Kexts\Other\XHCI-300-series-injector.kext\Contents\Info.plist
89:502  0:000  Bridge kext to OC : Path=XHCI-x99-injector.kext
89:502  0:000  info plist path: Kexts\Other\XHCI-x99-injector.kext\Contents\Info.plist
89:502  0:000  Bridge kext to OC : Path=AHCIPortInjector.kext
89:502  0:000  info plist path: Kexts\Other\AHCIPortInjector.kext\Contents\Info.plist
89:503  0:000  Bridge kext to OC : Path=AHCI_Intel_Generic_SATA.kext
89:503  0:000  info plist path: Kexts\Other\AHCI_Intel_Generic_SATA.kext\Contents\Info.plist
89:503  0:000  Bridge kext to OC : Path=AHCI_3rdParty_SATA.kext
89:503  0:000  info plist path: Kexts\Other\AHCI_3rdParty_SATA.kext\Contents\Info.plist
89:503  0:000  Bridge kext to OC : Path=ApplePS2SmartTouchPad.kext
89:503  0:000  info plist path: Kexts\Other\ApplePS2SmartTouchPad.kext\Contents\Info.plist
89:505  0:001  assign executable as 'Contents\MacOS\ApplePS2SmartTouchPad'
89:505  0:000  Bridge kext to OC : Path=ApplePS2Controller.kext
89:505  0:000  info plist path: Kexts\Other\ApplePS2SmartTouchPad.kext\Contents\PlugIns\ApplePS2Controller.kext\Contents\Info.plist
89:505  0:000  assign executable as 'Contents\MacOS\ApplePS2Controller'
89:505  0:000  Bridge kext to OC : Path=ApplePS2Keyboard.kext
89:505  0:000  info plist path: Kexts\Other\ApplePS2SmartTouchPad.kext\Contents\PlugIns\ApplePS2Keyboard.kext\Contents\Info.plist
89:506  0:000  assign executable as 'Contents\MacOS\ApplePS2Keyboard'
89:506  0:000  Load OpenRuntime.efi : Status Not Found
89:506  0:000  Start OpenRuntime.efi : Status Invalid Parameter
89:506  0:000  OC: OcMiscEarlyInit...
89:510  0:004  OC: Watchdog status is 1
89:512  0:002  OC: OpenCore DBG-061-2021-02-23 is loading in Optional mode (0/0)...
89:514  0:002  OC: Boot timestamp - 2021.03.02 23:25:21
89:516  0:001  OCCPU: Found Intel(R) Core(TM)2 Quad CPU    Q9500  @ 2.83GHz
89:519  0:003  OCCPU: Signature 1067A Stepping A Model 17 Family 6 Type 0 ExtModel 1 ExtFamily 0 uCode A07
89:521  0:002  OCCPU: EIST CFG Lock 0
89:523  0:001  OCCPU: Ratio Min 0 Max 8 Current 0 Turbo 0 0 0 0
89:626  0:102  TscFrequency 2780186709
89:628  0:002  OCCPU: Detected Apple Processor Type: 04 -> 0402
89:630  0:001  OCCPU: CPUFrequencyFromTSC  2780186709Hz  2780MHz
89:632  0:001  OCCPU: CPUFrequency  2780186709Hz  2780MHz
89:634  0:001  OCCPU: FSBFrequency   347523338Hz   347MHz
89:641  0:007  OCCPU: Pkg 0 Cores 4 Threads 4
89:643  0:001  OC: OcLoadNvramSupport...
89:645  0:001  OC: Current version is DBG-061-2021-02-23
89:647  0:001  OC: OcMiscMiddleInit...
89:649  0:001  OC: LoadHandle 0 with BootProtect in  mode - Unsupported
89:651  0:002  OC: OcLoadUefiSupport...
89:653  0:002  OcAppleEventInstallProtocol
89:655  0:001  InternalCreateQueueEvent
89:657  0:001  EventCreateSimplePointerInstallNotifyEvent
89:662  0:004  InternalSimplePointerInstallNotifyFunction
89:665  0:003  InternalRegisterSimplePointerInterface
89:667  0:001  InternalRegisterSimplePointerInterface
89:669  0:001  InternalRegisterSimplePointerInterface
89:672  0:002  OcOSInfoInstallProtocol
89:674  0:001  OCRTC: OcAppleRtcRamInstallProtocol
89:676  0:001  OCRTC: Wake log is 0xD4 0xA0   5 0xFC
89:677  0:001  OcAppleFbInfoInstallProtocol
89:679  0:001  OC: Loading Apple Secure Boot with Disabled (level 0)
89:682  0:002  OCABC: RTDFRG 0 DEVMMIO 0 NOSU 0 NOVRWR 0 NOSB 0 NOHBMAP 0 SMSLIDE 0 WRUNPROT 0
89:685  0:003  OCABC: FEXITBS 0 PRMRG 0 CSLIDE 0 MSLIDE 0 PRSRV 0 RBMAP 0 VMAP 0 APPLOS 0 RTPERMS 0
89:687  0:002  OCABC: Awaiting rendezvous with OpenRuntime r11
89:689  0:002  OC: RBVR 0 DDBR 0
89:691  0:001  OC: Got 0 drivers
89:693  0:002  OC: Requested resolution is 1366x768@0 (max: 0) from 1366x768
89:695  0:001  OCC: Requesting 1366x768@0 (max: 0) resolution, curr 3, total 5
89:697  0:001  OCC: Mode 0 - 640x480:1
89:699  0:001  OCC: Mode 1 - 800x600:1
89:701  0:001  OCC: Mode 2 - 1024x768:1
89:704  0:003  OCC: Mode 3 - 1280x1024:1
89:706  0:001  OCC: Mode 4 - 1600x1200:1
89:708  0:001  OCC: No compatible mode for 1366x768@0 (max: 0) resolution
89:710  0:001  OC: Changed resolution to 1366x768@0 (max: 0) from 1366x768 - Not Found
89:712  0:002  OCC: Using builtin text renderer with 1 scale
89:748  0:036  OCC: Install console control (C9C156A0/0/0), current - Success
89:751  0:002  OCC: Setup ASCII Output - Success
89:753  0:002  OC: Requested console mode is 0x0 (max: 0) from 
89:756  0:003  OC: Requested not to use audio
89:758  0:001  OC: OcMiscLateInit...
89:760  0:001  OC: Invalid HibernateMode: 
89:762  0:002  OC: Translated HibernateMode  to 0
89:764  0:001  OC: Hibernation detection status is Not Found
89:766  0:001  OC: Panic log does not exist
89:768  0:001  OC: OcLoadKernelSupport...
89:770  0:001  OC: All green, starting boot management...
89:775  0:005  OCB: Arch filtering C85B2018(576056)->C85B2018(576056) caps 4 - Success
89:812  0:037  GetOSVersion: 10.13.6 (17G66)
89:812  0:000  Will not patch boot.efi
89:812  0:000  === [ PatchSmbios ] =============================
89:813  0:000  insert table 9 for dev 0:0
89:813  0:000  insert table 9 for dev 0:0
89:813  0:000  Trusting SMBIOS...
89:813  0:000  Detected alternating SMBIOS channel banks
89:813  0:000  Channels: 2
89:813  0:000  Interleave: 0 2 1 3 4 6 5 7 8 10 9 11 12 14 13 15 16 18 17 19 20 22 21 23
89:813  0:000  trusted SMBIOS data:
89:813  0:000  SmbiosTable.Type17->Vendor = Manufacturer0
89:813  0:000  SmbiosTable.Type17->SerialNumber = SerNum0
89:813  0:000  SmbiosTable.Type17->PartNumber = PartNum0
89:813  0:000   partNum=PartNum0
89:813  0:000  SPD data in use:
89:813  0:000  SmbiosTable.Type17->Vendor = Kingston
89:813  0:000  SmbiosTable.Type17->SerialNumber = 4BCC9297
89:813  0:000  SmbiosTable.Type17->PartNumber = 
89:813  0:000  SMBIOS Type 17 Index = 0 => 0 0:
89:813  0:000  BANK 0 DIMM0 800MHz 2048MB(Ext:810372425MB)
89:813  0:000  trusted SMBIOS data:
89:813  0:000  SmbiosTable.Type17->Vendor = Manufacturer1
89:813  0:000  SmbiosTable.Type17->SerialNumber = SerNum1
89:813  0:000  SmbiosTable.Type17->PartNumber = PartNum1
89:813  0:000   partNum=PartNum1
89:813  0:000  SPD data in use:
89:813  0:000  SmbiosTable.Type17->Vendor = SK Hynix
89:813  0:000  SmbiosTable.Type17->SerialNumber = 00004012
89:813  0:000  SmbiosTable.Type17->PartNumber = HMP125U6EFR8C-S6
89:813  0:000  SMBIOS Type 17 Index = 1 => 1 2:
89:813  0:000  BANK 1 DIMM0 800MHz 2048MB(Ext:810372425MB)
89:813  0:000  mTotalSystemMemory = 4096
89:813  0:000  NumberOfMemoryDevices = 2
89:813  0:000  Type20[0]->End = 0x1FFFFF, Type17[0] = 800
89:813  0:000  Type20[1]->End = 0x3FFFFF, Type17[1] = 1800
89:813  0:000  === [ PatchACPI ] ===============================
89:813  0:000  Xsdt is not found! Creating new one
89:813  0:000  RsdPointer is Acpi 1.0 - creating new one Acpi 2.0
89:813  0:000  RsdPointer Acpi 2.0 installed
89:813  0:000  RSDT entries = 7
89:813  0:000  Xsdt reallocation done
89:813  0:000  old FADT length=84
89:813  0:000   SignatureFixup: 0x0 -> 0x0
89:813  0:000  Apply DsdtFixMask=0x000197D7
89:813  0:000  === [ FixBiosDsdt ] =============================
89:814  0:000  Patching DSDT:
89:814  0:000   - [change EHC1 to EH01]: pattern 45484331, bin not found / already patched!
89:814  0:000   - [change EHC2 to EH02]: pattern 45484332, bin not found / already patched!
89:814  0:000   - [change PEGP to GFX0]: pattern 50454750, bin not found / already patched!
89:814  0:000   - [change HDAS to HDEF]: pattern 48444153, bin not found / already patched!
89:814  0:000   - [change SAT0 to SATA]: pattern 53415430, bin not found / already patched!
89:814  0:000   - [change HECI to IMEI]: pattern 48454349, bin not found / already patched!
89:814  0:000  found PIC had IRQNoFlag will move -3 bytes
89:814  0:000  Start HPET Fix
89:814  0:000  Start Display0 Fix
89:814  0:000  add device GFX0
89:814  0:000  Skipping Method(_DSM) for 10DE card
89:814  0:000  patch Display #0 of Vendor=0x10DE
89:815  0:000  Name HDAC present at 0x3F09, renaming to HDEF
89:815  0:000  Name HDAC present at 0x433A, renaming to HDEF
89:816  0:001  Name _OSI present at 0x408, renaming to OOSI
89:816  0:000  Name _OSI present at 0x40F, renaming to OOSI
89:816  0:000  Name _OSI present at 0x427, renaming to OOSI
89:816  0:000  Name _OSI present at 0x43F, renaming to OOSI
89:816  0:000  Name _OSI present at 0x45B, renaming to OOSI
89:816  0:000  Name _OSI present at 0x477, renaming to OOSI
89:816  0:000  Name _OSI present at 0x491, renaming to OOSI
89:816  0:000  Name _OSI present at 0x4AF, renaming to OOSI
89:816  0:000  Name _OSI present at 0x4C7, renaming to OOSI
89:816  0:000  PreCleanup XSDT: count=7, length=92
89:816  0:000  PreCleanup XSDT, corrected XSDT: count=7, length=92
89:816  0:000  === [ ACPIDropTables ] ==========================
89:816  0:000  ApicCPUNum=4
89:816  0:000  Initial control=0x4825
89:816  0:000  Maximum control=0x4825
89:816  0:000  UnderVoltStep=0
89:816  0:000  PLimitDict=0
89:816  0:000  PStates count=6
89:816  0:000  SSDT with CPU P-States generated successfully
89:816  0:000  SSDT with CPU C-States generated successfully
89:816  0:000  Cleanup XSDT: count=9, length=108
89:816  0:000  corrected XSDT count=9, length=108
89:816  0:000  === [ RestSetup macOS ] =========================
89:816  0:000  mem_detected 256Mb
89:817  0:001  read_nVidia_ROM
89:817  0:000  Using PRAMIN fixups
89:903  0:085  version 60.84.49.00.00
89:903  0:000  nVidia MSI GeForce 8600 GT  256MB NV84 [10DE:0402] :: PcieRoot(0x0)\Pci(0x1,0x0)\Pci(0x0,0x0) => device #1
89:903  0:000  Nvidia: VideoPorts: undefined, default to: 2
89:903  0:000  custom NVIDIA properties injected, continue
89:903  0:000  set NVCAP: 04000000-00000300-0C000000-00000007-00000000
89:903  0:000   setting specified layout-id=1 (0x1)
89:903  0:000  stringlength = 2976
89:904  0:000  CurrentMode: Width=1280 Height=1024
89:904  0:000  SetNvramVariable (FirmwareFeaturesMask, guid, 0x6, 4):
89:904  0:000   -> writing new (Success)
89:904  0:000  SetNvramVariable (HW_BID, guid, 0x6, 20):
89:904  0:000   -> writing new (Success)
89:904  0:000  SetNvramVariable (security-mode, guid, 0x7, 5):
89:904  0:000  set DefaultBackgroundColor=0x0
89:904  0:000  DeleteNvramVariable (ActualDensity, guid = Success):
89:904  0:000  DeleteNvramVariable (DensityThreshold, guid = Success):
89:904  0:000  DeleteNvramVariable (EFILoginHiDPI, guid = Success):
89:904  0:000  DeleteNvramVariable (flagstate, guid = Success):
89:904  0:000  DeleteNvramVariable (csr-active-config, guid = Success):
89:904  0:000  DeleteNvramVariable (bootercfg, guid = Not Found):
89:904  0:000  DeleteNvramVariable (nvda_drv, guid = Success):
89:904  0:000  DeleteNvramVariable (recovery-boot-mode, guid = Not Found):
89:904  0:000  SetNvramVariable (wake-failure, guid, 0x7, 5):
89:904  0:000  Use origin smbios table type 1 guid.
89:904  0:000  DeleteNvramVariable (efi-boot-device, guid = Not Found):
89:904  0:000  DeleteNvramVariable (efi-boot-device-data, guid = Not Found):
89:904  0:000  DeleteNvramVariable (BootCampHD, guid = Not Found):
89:904  0:000  Custom boot screen not used because entry has unset use graphics
89:904  0:000  DeleteNvramVariable (IOHibernateRTCVariables, guid = Not Found):
89:904  0:000  DeleteNvramVariable (boot-image, guid = Not Found):
89:904  0:000  Closing log
89:904  0:000  OC: Supported boot capabilities 4
89:907  0:003  OCOS: OS set: <null> Mac OS X 10.12
89:909  0:001  OCOS: OS set: Apple Inc. Mac OS X 10.12
89:912  0:003  OCOS: Should use black background
89:916  0:003  OC: Opening file System\Library\Kernels\kernel with 1 mode gave - Success
89:918  0:002  OC: Opening file \System\Library\CoreServices\com.apple.Boot.plist with 1 mode gave - Not Found
89:922  0:004  OC: Opening file Library\Preferences\SystemConfiguration\com.apple.Boot.plist with 1 mode gave - Success
89:925  0:002  OC: Opening file \System\Library\CoreServices\PlatformSupport.plist with 1 mode gave - Success
89:929  0:003  OC: Opening file \System\Library\CoreServices\boot.efi with 1 mode gave - Success
89:941  0:012  OC: Opening file System\Library\PrelinkedKernels\prelinkedkernel.development with 1 mode gave - Not Found
89:943  0:002  OC: Opening file System\Library\PrelinkedKernels\prelinkedkernel with 1 mode gave - Success
89:979  0:035  OC: Kext reservation size info 5B4000 exe 460000
89:983  0:003  OC: Trying 64-bit XNU hook on System\Library\PrelinkedKernels\prelinkedkernel
90:689  0:705  OCAK: Compressed result has C3F52018 magic
90:692  0:003  OCAK: Found 64-bit Mach-O compressed 1 offset 28 size 52133888
90:694  0:001  OC: Result of 64-bit XNU hook on System\Library\PrelinkedKernels\prelinkedkernel (00000000) is Success
90:752  0:057  OCAK: Read kernel version 17.7.0 (170700)
90:792  0:040  OCAK: Reducing prelink size from 31B8000 to 2F23000 via plist
90:795  0:002  OCAK: as.vit9696.Lilu got KXLD 0 0
90:797  0:001  OCAK: Requesting __LINKEDIT for as.vit9696.Lilu - C6E75438 at 2F23000
90:799  0:001  OCAK: Requesting SymbolTable for as.vit9696.Lilu - 520
90:802  0:003  OCAK: Requesting __LINKEDIT for __kernel__ - 0 at 0
90:804  0:002  OCAK: Requesting SymbolTable for __kernel__ - 22893
90:831  0:026  OCAK: com.apple.kpi.bsd got KXLD 0 0
90:833  0:002  OCAK: Requesting __LINKEDIT for com.apple.kpi.bsd - C4C8F038 at D3D000
90:835  0:001  OCAK: Requesting SymbolTable for com.apple.kpi.bsd - 832
90:837  0:002  OCAK: com.apple.kpi.dsep got KXLD 0 0
90:839  0:001  OCAK: Requesting __LINKEDIT for com.apple.kpi.dsep - C50EB038 at 1199000
90:842  0:003  OCAK: Requesting SymbolTable for com.apple.kpi.dsep - 37
90:844  0:002  OCAK: com.apple.kpi.iokit got KXLD 0 0
90:846  0:001  OCAK: Requesting __LINKEDIT for com.apple.kpi.iokit - C4C6D038 at D1B000
90:848  0:001  OCAK: Requesting SymbolTable for com.apple.kpi.iokit - 2155
90:850  0:002  OCAK: com.apple.kpi.libkern got KXLD 0 0
90:852  0:002  OCAK: Requesting __LINKEDIT for com.apple.kpi.libkern - C4C4E038 at CFC000
90:854  0:001  OCAK: Requesting SymbolTable for com.apple.kpi.libkern - 897
90:858  0:003  OCAK: com.apple.kpi.mach got KXLD 0 0
90:859  0:001  OCAK: Requesting __LINKEDIT for com.apple.kpi.mach - C4C5C038 at D0A000
90:862  0:002  OCAK: Requesting SymbolTable for com.apple.kpi.mach - 70
90:864  0:002  OCAK: com.apple.kpi.unsupported got KXLD 0 0
90:866  0:001  OCAK: Requesting __LINKEDIT for com.apple.kpi.unsupported - C4CDC038 at D8A000
90:868  0:001  OCAK: Requesting SymbolTable for com.apple.kpi.unsupported - 262
90:880  0:012  OC: Prelinked injection Kexts\Other\Lilu.kext () - Success
90:883  0:003  OCAK: as.vit9696.VirtualSMC got KXLD 0 0
90:885  0:001  OCAK: Requesting __LINKEDIT for as.vit9696.VirtualSMC - C6EA2438 at 2F50000
90:887  0:001  OCAK: Requesting SymbolTable for as.vit9696.VirtualSMC - 452
90:889  0:001  OCAK: Requesting SymbolTable for as.vit9696.Lilu - 137
90:892  0:002  OCAK: com.apple.iokit.IOACPIFamily got KXLD 0 0
90:894  0:001  OCAK: Requesting __LINKEDIT for com.apple.iokit.IOACPIFamily - C4E16398 at EC4000
90:896  0:001  OCAK: Requesting SymbolTable for com.apple.iokit.IOACPIFamily - 167
90:899  0:003  OCAK: com.apple.kpi.private got KXLD 0 0
90:901  0:001  OCAK: Requesting __LINKEDIT for com.apple.kpi.private - C4C60038 at D0E000
90:903  0:002  OCAK: Requesting SymbolTable for com.apple.kpi.private - 924
90:919  0:016  OC: Prelinked injection Kexts\Other\VirtualSMC.kext () - Success
90:921  0:002  OCAK: as.vit9696.WhateverGreen got KXLD 0 0
90:923  0:001  OCAK: Requesting __LINKEDIT for as.vit9696.WhateverGreen - C6EBC3E8 at 2F6A000
90:927  0:003  OCAK: Requesting SymbolTable for as.vit9696.WhateverGreen - 412
90:929  0:002  OCAK: com.apple.iokit.IOPCIFamily got KXLD 0 0
90:931  0:001  OCAK: Requesting __LINKEDIT for com.apple.iokit.IOPCIFamily - C4CE23E8 at D90000
90:933  0:002  OCAK: Requesting SymbolTable for com.apple.iokit.IOPCIFamily - 680
90:952  0:019  OC: Prelinked injection Kexts\Other\WhateverGreen.kext () - Success
90:959  0:007  OCAK: as.vit9696.AppleALC got KXLD 0 0
90:962  0:002  OCAK: Requesting __LINKEDIT for as.vit9696.AppleALC - C6F383E8 at 2FE6000
90:965  0:003  OCAK: Requesting SymbolTable for as.vit9696.AppleALC - 438
90:983  0:018  OC: Prelinked injection Kexts\Other\AppleALC.kext () - Success
90:985  0:002  OCAK: org.netkas.driver.FakeSMC got KXLD 0 0
90:987  0:001  OCAK: Requesting __LINKEDIT for org.netkas.driver.FakeSMC - C70B23E8 at 3160000
90:989  0:001  OCAK: Requesting SymbolTable for org.netkas.driver.FakeSMC - 751
91:013  0:023  OC: Prelinked injection Kexts\Other\FakeSMC.kext () - Success
91:016  0:003  OCAK: com.insanelymac.AtherosE2200Ethernet got KXLD 0 0
91:018  0:001  OCAK: Requesting __LINKEDIT for com.insanelymac.AtherosE2200Ethernet - C70CF398 at 317D000
91:020  0:001  OCAK: Requesting SymbolTable for com.insanelymac.AtherosE2200Ethernet - 1001
91:023  0:003  OCAK: com.apple.iokit.IONetworkingFamily got KXLD 0 0
91:025  0:001  OCAK: Requesting __LINKEDIT for com.apple.iokit.IONetworkingFamily - C59B33E8 at 1A61000
91:027  0:001  OCAK: Requesting SymbolTable for com.apple.iokit.IONetworkingFamily - 1038
91:052  0:024  OC: Prelinked injection Kexts\Other\AtherosE2200Ethernet.kext () - Success
91:054  0:002  OCAK: org.tw.CodecCommander got KXLD 0 0
91:056  0:001  OCAK: Requesting __LINKEDIT for org.tw.CodecCommander - C70E4398 at 3192000
91:058  0:001  OCAK: Requesting SymbolTable for org.tw.CodecCommander - 1122
91:060  0:002  OCAK: com.apple.iokit.IOAudioFamily got KXLD 0 0
91:062  0:002  OCAK: Requesting __LINKEDIT for com.apple.iokit.IOAudioFamily - C507B438 at 1129000
91:065  0:003  OCAK: Requesting SymbolTable for com.apple.iokit.IOAudioFamily - 1353
91:068  0:002  OCAK: com.apple.vecLib.kext got KXLD 0 0
91:070  0:001  OCAK: Requesting __LINKEDIT for com.apple.vecLib.kext - C4FD0258 at 107E000
91:072  0:002  OCAK: Requesting SymbolTable for com.apple.vecLib.kext - 57
91:074  0:002  OCAK: com.apple.kec.Libm got KXLD 0 0
91:076  0:001  OCAK: Requesting __LINKEDIT for com.apple.kec.Libm - C4FC01B8 at 106E000
91:078  0:001  OCAK: Requesting SymbolTable for com.apple.kec.Libm - 77
91:108  0:029  OC: Prelinked injection Kexts\Other\CodecCommander.kext () - Success
91:110  0:002  OCAK: net.osx86.kexts.GenericUSBXHCI got KXLD 0 0
91:112  0:002  OCAK: Requesting __LINKEDIT for net.osx86.kexts.GenericUSBXHCI - C70FB3E8 at 31A9000
91:114  0:001  OCAK: Requesting SymbolTable for net.osx86.kexts.GenericUSBXHCI - 625
91:117  0:002  OCAK: com.apple.iokit.IOUSBFamily got KXLD 0 0
91:119  0:001  OCAK: Requesting __LINKEDIT for com.apple.iokit.IOUSBFamily - C5A2B3E8 at 1AD9000
91:122  0:003  OCAK: Requesting SymbolTable for com.apple.iokit.IOUSBFamily - 2140
91:125  0:002  OCAK: com.apple.iokit.IOUSBHostFamily got KXLD 0 0
91:127  0:001  OCAK: Requesting __LINKEDIT for com.apple.iokit.IOUSBHostFamily - C582F438 at 18DD000
91:129  0:001  OCAK: Requesting SymbolTable for com.apple.iokit.IOUSBHostFamily - 1461
91:131  0:002  OCAK: com.apple.driver.AppleBusPowerController got KXLD 0 0
91:133  0:001  OCAK: Requesting __LINKEDIT for com.apple.driver.AppleBusPowerController - C581F348 at 18CD000
91:143  0:009  OCAK: Requesting SymbolTable for com.apple.driver.AppleBusPowerController - 65
91:147  0:003  OCAK: com.apple.driver.AppleSMC got KXLD 0 0
91:149  0:001  OCAK: Requesting __LINKEDIT for com.apple.driver.AppleSMC - C58003E8 at 18AE000
91:151  0:002  OCAK: Requesting SymbolTable for com.apple.driver.AppleSMC - 258
91:157  0:005  OCAK: com.apple.driver.usb.AppleUSBCommon got KXLD 0 0
91:159  0:001  OCAK: Requesting __LINKEDIT for com.apple.driver.usb.AppleUSBCommon - C5827398 at 18D5000
91:162  0:003  OCAK: Requesting SymbolTable for com.apple.driver.usb.AppleUSBCommon - 172
91:225  0:063  OC: Prelinked injection Kexts\Other\GenericUSBXHCI.kext () - Success
91:227  0:002  OCAK: as.lvs1974.IntelGraphicsFixup got KXLD 0 0
91:229  0:001  OCAK: Requesting __LINKEDIT for as.lvs1974.IntelGraphicsFixup - C711E3E8 at 31CC000
91:231  0:002  OCAK: Requesting SymbolTable for as.lvs1974.IntelGraphicsFixup - 712
91:244  0:012  OC: Prelinked injection Kexts\Other\IntelGraphicsFixup.kext () - Success
91:247  0:003  OCAK: com.insanelymac.IntelMausiEthernet got KXLD 0 0
91:249  0:001  OCAK: Requesting __LINKEDIT for com.insanelymac.IntelMausiEthernet - C7179398 at 3227000
91:251  0:002  OCAK: Requesting SymbolTable for com.insanelymac.IntelMausiEthernet - 2063
91:267  0:015  OC: Prelinked injection Kexts\Other\IntelMausiEthernet.kext () - Success
91:269  0:002  OCAK: com.Accusys.driver.Acxxx got KXLD 0 0
91:271  0:001  OCAK: Requesting __LINKEDIT for com.Accusys.driver.Acxxx - C71A23E8 at 3250000
91:274  0:003  OCAK: Requesting SymbolTable for com.Accusys.driver.Acxxx - 774
91:276  0:002  OCAK: com.apple.iokit.IOSCSIParallelFamily got KXLD 0 0
91:278  0:001  OCAK: Requesting __LINKEDIT for com.apple.iokit.IOSCSIParallelFamily - C4CCA348 at D78000
91:280  0:001  OCAK: Requesting SymbolTable for com.apple.iokit.IOSCSIParallelFamily - 334
91:282  0:002  OCAK: com.apple.iokit.IOSCSIArchitectureModelFamily got KXLD 0 0
91:284  0:001  OCAK: Requesting __LINKEDIT for com.apple.iokit.IOSCSIArchitectureModelFamily - C4C99398 at D47000
91:287  0:003  OCAK: Requesting SymbolTable for com.apple.iokit.IOSCSIArchitectureModelFamily - 815
91:311  0:023  OC: Prelinked injection Kexts\Other\ACS6x.kext () - Success
91:313  0:002  OCAK: org.tgwbd.driver.NullCPUPowerManagement got KXLD 0 0
91:315  0:001  OCAK: Requesting __LINKEDIT for org.tgwbd.driver.NullCPUPowerManagement - C71D6348 at 3284000
91:317  0:001  OCAK: Requesting SymbolTable for org.tgwbd.driver.NullCPUPowerManagement - 426
91:328  0:011  OC: Prelinked injection Kexts\Other\NullCPUPowerManagement.kext () - Success
91:330  0:002  OCAK: com.insanelymac.RealtekRTL8111 got KXLD 0 0
91:332  0:002  OCAK: Requesting __LINKEDIT for com.insanelymac.RealtekRTL8111 - C71DF398 at 328D000
91:334  0:001  OCAK: Requesting SymbolTable for com.insanelymac.RealtekRTL8111 - 566
91:349  0:015  OC: Prelinked injection Kexts\Other\RealtekRTL8111.kext () - Success
91:351  0:002  OCAK: com.smalltree.driver.SmallTreeIntel82576 got KXLD 0 0
91:355  0:003  OCAK: Requesting __LINKEDIT for com.smalltree.driver.SmallTreeIntel82576 - C7250398 at 32FE000
91:357  0:001  OCAK: Requesting SymbolTable for com.smalltree.driver.SmallTreeIntel82576 - 974
91:375  0:018  OC: Prelinked injection Kexts\Other\SmallTreeIntel82576.kext () - Success
91:380  0:005  OCAK: com.rehabman.driver.USBInjectAll got KXLD 0 0
91:382  0:002  OCAK: Requesting __LINKEDIT for com.rehabman.driver.USBInjectAll - C727E398 at 332C000
91:384  0:001  OCAK: Requesting SymbolTable for com.rehabman.driver.USBInjectAll - 350
91:398  0:014  OC: Prelinked injection Kexts\Other\USBInjectAll.kext () - Success
91:401  0:002  OC: Prelinked injection Kexts\Other\AHCI_3rdParty_eSATA.kext () - Success
91:403  0:002  OC: Prelinked injection Kexts\Other\XHCI-200-series-injector.kext () - Success
91:405  0:002  OC: Prelinked injection Kexts\Other\XHCI-300-series-injector.kext () - Success
91:407  0:002  OC: Prelinked injection Kexts\Other\XHCI-x99-injector.kext () - Success
91:410  0:002  OC: Prelinked injection Kexts\Other\AHCIPortInjector.kext () - Success
91:413  0:003  OC: Prelinked injection Kexts\Other\AHCI_Intel_Generic_SATA.kext () - Success
91:415  0:002  OC: Prelinked injection Kexts\Other\AHCI_3rdParty_SATA.kext () - Success
91:418  0:002  OCAK: org.emlydinesh.driver.ApplePS2SmartTouchPad got KXLD 0 0
91:420  0:001  OCAK: Requesting __LINKEDIT for org.emlydinesh.driver.ApplePS2SmartTouchPad - C7289398 at 3337000
91:422  0:002  OCAK: Requesting SymbolTable for org.emlydinesh.driver.ApplePS2SmartTouchPad - 1011
91:430  0:007  OCAK: Dependency com.apple.iokit.IOHIDSystem was not found for kext org.emlydinesh.driver.ApplePS2SmartTouchPad
91:433  0:002  OCAK: com.apple.iokit.IOHIDFamily got KXLD 0 0
91:435  0:001  Dependency com.apple.iokit.IOHIDSystem fallback to com.apple.iokit.IOHIDFamily succeeded. Please fix your kext!
91:437  0:001  OCAK: Requesting __LINKEDIT for com.apple.iokit.IOHIDFamily - C5AEC438 at 1B9A000
91:439  0:002  OCAK: Requesting SymbolTable for com.apple.iokit.IOHIDFamily - 2259
91:483  0:043  OCAK: Dependency org.emlydinesh.driver.ApplePS2Controller was not found for kext org.emlydinesh.driver.ApplePS2SmartTouchPad
91:489  0:006  OCAK: Dependency org.emlydinesh.driver.ApplePS2Keyboard was not found for kext org.emlydinesh.driver.ApplePS2SmartTouchPad
91:501  0:012  OC: Prelinked injection Kexts\Other\ApplePS2SmartTouchPad.kext () - Success
91:503  0:002  OCAK: org.emlydinesh.driver.ApplePS2Controller got KXLD 0 0
91:505  0:001  OCAK: Requesting __LINKEDIT for org.emlydinesh.driver.ApplePS2Controller - C72AF3E8 at 335D000
91:508  0:003  OCAK: Requesting SymbolTable for org.emlydinesh.driver.ApplePS2Controller - 518
91:523  0:014  OC: Prelinked injection Kexts\Other\ApplePS2SmartTouchPad.kext\Contents\PlugIns\ApplePS2Controller.kext () - Success
91:525  0:002  OCAK: org.emlydinesh.driver.ApplePS2Keyboard got KXLD 0 0
91:527  0:001  OCAK: Requesting __LINKEDIT for org.emlydinesh.driver.ApplePS2Keyboard - C72C1398 at 336F000
91:529  0:001  OCAK: Requesting SymbolTable for org.emlydinesh.driver.ApplePS2Keyboard - 407
91:537  0:007  OCAK: Dependency com.apple.iokit.IOHIDSystem was not found for kext org.emlydinesh.driver.ApplePS2Keyboard
91:539  0:002  Dependency com.apple.iokit.IOHIDSystem fallback to com.apple.iokit.IOHIDFamily succeeded. Please fix your kext!
91:541  0:002  OCAK: Requesting SymbolTable for org.emlydinesh.driver.ApplePS2Controller - 190
91:555  0:014  OC: Prelinked injection Kexts\Other\ApplePS2SmartTouchPad.kext\Contents\PlugIns\ApplePS2Keyboard.kext () - Success
91:558  0:003  OC: Prelink size 54013952 kext offset 49426432 reserved 4587520
91:626  0:068  OC: Prelinked status - Success
91:711  0:084  FixOwnership() -> begin
91:711  0:000  USB UHCI Base=C481 PortBase=624
91:712  0:001  USB UHCI reset for device 27C8
91:712  0:000  USB UHCI Base=C801 PortBase=640
91:713  0:001  USB UHCI reset for device 27C9
91:713  0:000  USB UHCI Base=C881 PortBase=644
91:714  0:001  USB UHCI reset for device 27CA
91:714  0:000  USB UHCI Base=CC01 PortBase=660
91:715  0:001  USB UHCI reset for device 27CB
91:715  0:000  Base=F9EFBC00 Oper=F9EFBC20 eecp=68
91:715  0:000  usbcmd=00080000 usbsts=00001000 usbintr=00000000
91:715  0:000  usblegsup=01000001 isOSowned=1 isBIOSowned=0 usblegctlsts=40002000
91:715  0:000  usbcmd=00080000 usbsts=00001000 usbintr=00000000
91:715  0:000  usbcmd=00080000 usbsts=00001000 usbintr=00000000
91:715  0:000  usblegsup=00000001 isOSowned=0 isBIOSowned=0 usblegctlsts=20000000
91:715  0:000  Legacy USB Off Done
91:716  0:000  USB EHCI Ownership for device 27CC value=1000001
91:716  0:000  ++++++++++++++++++++++++++++++++
