0:100  0:100  MemLog inited, TSC freq: 2787795044
0:100  0:000  CPU was calibrated with ACPI PM Timer
0:100  0:000  LegacyRegion2: Chipset/proc: 0x29C08086
0:100  0:000   Intel Series 4 and similar (PAM 0x90-0x96)
0:100  0:000   Test PAM1=(0x41=90, 0x5a=00, 0x81=00, 0x91=11) at chipset 29C08086
0:100  0:000  , Install = Success
0:108  0:008  BiosVideoDriverBindingStart!
0:108  0:000  BiosVideoCheckForVbe
0:108  0:000  EdidOverride not found
0:335  0:226   Edid1-
0:562  0:226   Edid0-
0:748  0:186   Edid1-
0:811  0:062   Edid0+
0:811  0:000   found Detail Timing 1366x768
0:823  0:012     0 640x480 attr=3BF - ok, edid+, 640x480, working, highest, pref=0
0:823  0:000     1 800x600 attr=3BF - ok, edid+, 800x600, working, highest, pref=1
0:824  0:000     2 1024x768 attr=3BF - ok, edid+, 1024x768, working, highest, pref=2
0:824  0:000     3 1280x1024 attr=3BF - ok, edid+, working, highest, pref=3
0:827  0:003     4 1600x1200 attr=3BF - ok, edid-
0:827  0:000  BV new mode: 3 1280x1024
1:140  0:312   SetMode pref 3 (3) = Success
7:100  5:960  CloverX64 : Image base = 0xC9AFB000
7:100  0:000  
7:100  0:000  Now is 02.03.2021,  09:55:03 (GMT)
7:100  0:000  Starting Clover revision: 5131 (master, commit 949da631b) on CLOVER EFI
7:100  0:000  Build id: 20210221183006-949da63-5131-dirty
7:100  0:000  Build with: [Args: -D NO_GRUB_DRIVERS_EMBEDDED -D LESS_DEBUG -t GCC53 | -D NO_GRUB_DRIVERS_EMBEDDED -D LESS_DEBUG --conf=/Users/sergey/src/CloverBootloader/Conf -D USE_LOW_EBDA -a X64 -b RELEASE -t GCC53 -n 5 | OS: 10.14.6]
7:104  0:003  SimpleTextEx Status=Success
7:104  0:000  === [ GetDefaultSettings ] ======================
7:104  0:000  === [ Get Smbios ] ==============================
7:104  0:000  Type 16 Index = 0
7:104  0:000  Total Memory Slots Count = 2
7:104  0:000  Type 17 Index = 0
7:104  0:000  Ignoring insane frequency value 0MHz
7:104  0:000  Type 17 Index = 1
7:104  0:000  Ignoring insane frequency value 0MHz
7:104  0:000  Boot status=0
7:104  0:000  Running on: 'To Be Filled By O.E.M.' with board 'G31M-S. '
7:104  0:000  === [ GetCPUProperties ] ========================
7:104  0:000  CPU Vendor = 756E6547 Model=1067A
7:104  0:000   The CPU supported SSE4.1
7:104  0:000  BrandString = Intel(R) Core(TM)2 Quad CPU    Q9500  @ 2.83GHz
7:104  0:000  got cores from CPUID_1 = 4
7:104  0:000   The CPU not supported turbo
7:104  0:000   Energy PerfBias is  not visible:
7:104  0:000  MSR dumps:
7:104  0:000  	@0x00CD=80000a04
7:104  0:000  	@0x0198=616482506004825
7:104  0:000  FSBFrequency = 334 MHz, DMI FSBFrequency = 333 MHz, Corrected FSBFrequency = 333 MHz
7:104  0:000  MaxDiv/MinDiv: 8.5/6
7:104  0:000  Turbo: 9/0/0/0
7:104  0:000  Features: 0x408E3BDBFEBFBFF
7:104  0:000  Threads: 4
7:104  0:000  Cores: 4
7:104  0:000  FSB: 333 MHz
7:104  0:000  CPU: 2833 MHz
7:104  0:000  TSC: 2833 MHz
7:104  0:000  PIS: 1333 MHz
7:104  0:000  ExternalClock: 333 MHz
7:104  0:000  === [ GetDefaultCpuSettings ] ===================
7:104  0:000  === [ GetDevices ] ==============================
7:104  0:000  GOP found at: PcieRoot(0x0)/Pci(0x1,0x0)/Pci(0x0,0x0)/AcpiAdr(0x80010100)
7:104  0:000  PCI (00|00:00.00) : 8086 29C0 class=060000
7:104  0:000  PCI (00|00:01.00) : 8086 29C1 class=060400
7:104  0:000  PCI (00|04:00.00) : 10DE 0402 class=030000
7:104  0:000   - GOP: Provided by device
7:104  0:000   - GFX: Model=MSI GeForce 8600 GT family 84 (Tesla)
7:104  0:000  PCI (00|00:1B.00) : 8086 27D8 class=040300
7:104  0:000  PCI (00|00:1C.00) : 8086 27D0 class=060400
7:104  0:000  PCI (00|00:1C.01) : 8086 27D2 class=060400
7:104  0:000  PCI (00|01:00.00) : 10EC 8136 class=020000
7:104  0:000   - LAN: 0 Vendor=Realtek
7:104  0:000  PCI (00|00:1D.00) : 8086 27C8 class=0C0300
7:104  0:000  PCI (00|00:1D.01) : 8086 27C9 class=0C0300
7:104  0:000  PCI (00|00:1D.02) : 8086 27CA class=0C0300
7:104  0:000  PCI (00|00:1D.03) : 8086 27CB class=0C0300
7:104  0:000  PCI (00|00:1D.07) : 8086 27CC class=0C0320
7:105  0:000  PCI (00|00:1E.00) : 8086 244E class=060401
7:105  0:000  PCI (00|00:1F.00) : 8086 27B8 class=060100
7:105  0:000  PCI (00|00:1F.02) : 8086 27C0 class=01018A
7:105  0:000  PCI (00|00:1F.03) : 8086 27DA class=0C0500
7:105  0:000  Clover load options size = 0 bytes
7:105  0:000  _checkOEMPath Look for oem dir at path '\EFI\CLOVER\OEM\To Be Filled By O.E.M.--00-00-00-00-00-00'. Dir doesn't exist.
7:105  0:000  _checkOEMPath Look for oem dir at path '\EFI\CLOVER\OEM\To Be Filled By O.E.M.'. Dir doesn't exist.
7:105  0:000  _checkOEMPath Look for oem dir at path '\EFI\CLOVER\OEM\To Be Filled By O.E.M.-2833'. Dir doesn't exist.
7:105  0:000  _checkOEMPath Look for oem dir at path '\EFI\CLOVER\OEM\G31M-S. '. Dir doesn't exist.
7:105  0:000  _checkOEMPath Look for oem dir at path '\EFI\CLOVER\OEM\G31M-S. -2833'. Dir doesn't exist.
7:107  0:001  Using config.plist at path: \EFI\CLOVER
7:107  0:000  \EFI\CLOVER\config.plist  loaded: Success
7:107  0:000  === [ GetListOfThemes ] =========================
7:107  0:000  - [00]: embedded
7:108  0:000  - [00]: random
7:109  0:000  - [00]: Aero
7:111  0:002  - [01]: Apocalypse
7:113  0:002  - [02]: Beauty
7:115  0:001  - [03]: BeautyDark
7:117  0:002  - [04]: BeautyX
7:120  0:002  - [05]: BGM
7:123  0:003  - [06]: Buttons
7:125  0:001  - [07]: Carbon
7:128  0:002  - [08]: Catalina
7:130  0:001  - [09]: Catalina4k
7:132  0:002  - [10]: Chamelia
7:133  0:001  - [11]: Circla
7:135  0:001  - [12]: Classical
7:136  0:001  - [13]: ClassicalDark
7:139  0:002  - [14]: Clovernity
7:141  0:002  - [15]: Crystal
7:143  0:001  - [16]: DarkBoot
7:145  0:002  - [17]: DarkBootX
7:147  0:002  - [18]: Emerald
7:150  0:003  - [19]: FlatCamp
7:152  0:001  - [20]: Glassy
7:154  0:002  - [21]: Gothic
7:156  0:002  - [22]: Greenify
7:158  0:001  - [23]: Hex256
7:160  0:001  - [24]: Hexagon
7:161  0:001  - [25]: HexagonDark
7:162  0:001  - [26]: HighSierra
7:164  0:002  - [27]: InsanelyLook
7:165  0:001  - [28]: Leather
7:167  0:001  - [29]: Lightness
7:168  0:001  - [30]: Luxury
7:170  0:001  - [31]: Luxury2.0
7:171  0:001  - [32]: Material
7:173  0:002  - [33]: MaterialBox
7:175  0:002  - [34]: MaterialDark
7:177  0:001  - [35]: metal
7:179  0:001  - [36]: Mojave
7:181  0:002  - [37]: Neon
7:183  0:002  - [38]: Nightwish
7:184  0:001  - [39]: Oceanix
7:186  0:002  - [40]: One
7:188  0:001  - [41]: Outlines
7:189  0:001  - [42]: QB
7:190  0:001  - [43]: Retina
7:193  0:002  - [44]: Romance
7:196  0:003  - [45]: SilverLight
7:198  0:001  - [46]: Smooth
7:199  0:001  - [47]: Sphere
7:201  0:002  - [48]: Underground
7:204  0:002  - [49]: Woody
7:205  0:001  - [50]: Xmas
7:208  0:002  - [51]: tonymacx86
7:209  0:001  === [ Found config plists ] =====================
7:211  0:002  - config.plist
7:212  0:001  === [ GetEarlyUserSettings ] ====================
7:212  0:000  timeout set to 3
7:212  0:000  Custom boot CUSTOM_BOOT_DISABLED (0x0)
7:212  0:000  Default theme: embedded
7:212  0:000  Hiding entries with string Windows
7:212  0:000  Hiding entries with string BOOTX64.EFI
7:212  0:000  === [ LoadDrivers ] =============================
7:215  0:002  Loading apfs.efi  status=Success
7:220  0:004   - driver needs connecting
7:220  0:000  Loading ApfsDriverLoader.efi  status=Success
7:221  0:001   - driver needs connecting
7:221  0:000  Loading AudioDxe.efi  status=Success
7:221  0:000   - driver needs connecting
7:221  0:000  Loading FSInject.efi  status=Success
7:221  0:000  Loading GrubEXFAT.efi  status=Success
7:222  0:000   - driver needs connecting
7:222  0:000  Loading GrubISO9660.efi  status=Success
7:222  0:000   - driver needs connecting
7:222  0:000  Loading GrubNTFS.efi  status=Success
7:223  0:000   - driver needs connecting
7:223  0:000  Loading GrubUDF.efi  status=Success
7:223  0:000   - driver needs connecting
7:223  0:000  Loading HFSPlus.efi  status=Success
7:224  0:000   - driver needs connecting
7:224  0:000  Loading NTFS.efi  status=Success
7:225  0:001   - driver needs connecting
7:225  0:000  Loading VirtualSmc.efi  status=Success
7:326  0:101  Loading XhciDxe.efi  status=Success
7:326  0:000   - driver needs connecting
7:326  0:000  10 drivers needs connecting ...
7:326  0:000  PlatformDriverOverrideProtocol->GetDriver overriden
7:326  0:000  HFS+ driver loaded
7:326  0:000  APFS driver loaded
10:340  3:013  === [ InitScreen ] ==============================
10:340  0:000  Console modes reported: 4, available modes:
10:340  0:000   - [01]: 80x25
10:340  0:000   - [02]: 80x50
10:340  0:000   - [03]: 100x31
10:340  0:000   - [04]: 160x53 (current mode)
10:340  0:000  SetScreenResolution: 1366x768 - not found!
10:340  0:000  SetScreenResolution: 1280x1024 - already set
10:341  0:001  Using embedded font
10:342  0:000  === [ GetMacAddress ] ===========================
10:342  0:000  === [ ScanSPD ] =================================
10:342  0:000  Scanning SMBus [8086:27DA], mmio: 0x0, ioport: 0x400, hostc: 0x1
10:459  0:116  Slot: 0 Type 19 2048MB 800MHz Vendor=Kingston PartNo= SerialNo=4BCC9297
10:569  0:110  Slot: 2 Type 19 2048MB 800MHz Vendor=SK Hynix PartNo=HMP125U6EFR8C-S6 SerialNo=00004012
10:574  0:005  === [ GetAcpiTablesList ] =======================
10:574  0:000  Get Acpi Tables List from RSDT:
10:574  0:000   - [00]: FACP  OEMFACP  len=132
10:574  0:000   - [01]: APIC  APIC2110 len=108
10:574  0:000   - [02]: MCFG  OEMMCFG  len=60
10:574  0:000   - [03]: OEMB  OEMB2110 len=114
10:574  0:000   - [04]: AAFT  OEMAAFT  len=39
10:574  0:000   - [05]: HPET  OEMHPET  len=56
10:574  0:000   - [06]: GSCI  GMCHSCI  len=8228
10:574  0:000  Calibrated TSC Frequency = 2787795044 = 2787MHz
10:574  0:000  === [ GetUserSettings ] =========================
10:574  0:000  USB FixOwnership: yes
10:575  0:000   - final DSDT Fix mask=00009755
10:575  0:000  C3Latency: 0
10:575  0:000  MinMultiplier: 0
10:575  0:000  MaxMultiplier: 0
10:575  0:000  PluginType: 0
10:575  0:000  ResetVal: 0x0
10:575  0:000  Using ProductName from config: MacPro6,1
10:575  0:000  Using latest BiosVersion from config
10:575  0:000  BiosVersion: MP61.88Z.F000.B00.1912181758
10:575  0:000  BiosReleaseDate: 12/18/2019
10:575  0:000  Using latest EfiVersion from clover: 136.0.0.0.0
10:575  0:000  Using FirmwareFeatures from config: 0xE80FE136
10:575  0:000  Using FirmwareFeaturesMask from config: 0xFF1FFF7F
10:575  0:000  Board-ID set from config as Mac-F60DEB81FF30ACF6
10:575  0:000  BoardType: 0xB
10:575  0:000  ChassisType: 0x2
10:575  0:000  CpuType: 0
10:575  0:000  The UUID is valid
10:575  0:000   - [00]: Drop table : 5354414D,                0 :  no
10:575  0:000  Cannot find smbios.plist at path '\EFI\CLOVER' : Not Found
10:575  0:000  === [ Found DSDT tables ] =======================
10:575  0:000  === [ InitKextList ] ============================
10:609  0:034  === [ ScanVolumes ] =============================
10:609  0:000  Found 11 volumes with blockIO
10:609  0:000  - [00]: Volume: PcieRoot(0x0)\Pci(0x1D,0x7)\USB(0x6,0x0)\Unit(0x0)
10:609  0:000  - [01]: Volume: PcieRoot(0x0)\Pci(0x1D,0x7)\USB(0x6,0x0)\Unit(0x1)
10:609  0:000  - [02]: Volume: PcieRoot(0x0)\Pci(0x1D,0x7)\USB(0x6,0x0)\Unit(0x2)
10:609  0:000  - [03]: Volume: PcieRoot(0x0)\Pci(0x1D,0x7)\USB(0x6,0x0)\Unit(0x3)
10:610  0:000  - [04]: Volume: PcieRoot(0x0)\Pci(0x1F,0x2)\Ata(0x0)
10:610  0:000          Result of bootcode detection: bootable unknown (legacy)
10:610  0:000  - [05]: Volume: PcieRoot(0x0)\Pci(0x1F,0x2)\Ata(0x0)
10:610  0:000  - [06]: Volume: PcieRoot(0x0)\Pci(0x1F,0x2)\Ata(0x0)\HD(1,GPT,27FFAA17-912A-4547-BA08-8D2080A4DCEE,0x28,0x64000)
10:610  0:000          Result of bootcode detection: bootable unknown (legacy)
10:611  0:001            label : EFI
10:611  0:000          This is SelfVolume !!
10:611  0:000  - [07]: Volume: PcieRoot(0x0)\Pci(0x1F,0x2)\Ata(0x0)\HD(2,GPT,60FEEF84-B3C7-43BF-A97C-3A5E57882649,0x64028,0xDDFAC40)
10:612  0:000            label : Macintosh SSD
10:612  0:000  - [08]: Volume: PcieRoot(0x0)\Pci(0x1F,0x2)\Ata(0x0)\HD(3,GPT,C028C705-C3B4-4D18-99ED-1A93B066D230,0xDE5EC68,0x135F20)
10:612  0:000            label : Recovery HD
10:612  0:000  - [09]: Volume: PcieRoot(0x0)\Pci(0x1F,0x2)\Ata(0x0)\HD(1,GPT,E76CBA19-05C7-4993-864D-8ED69D69AA2B,0x28,0x64000)
10:612  0:000          Result of bootcode detection: bootable unknown (legacy)
10:622  0:009            label : EFI
10:622  0:000  - [10]: Volume: PcieRoot(0x0)\Pci(0x1F,0x2)\Ata(0x0)\HD(2,GPT,FB1C0C88-A02B-49B9-ABC1-BF8CCE316C29,0x64028,0x2534AA60)
10:622  0:000            label : System
10:622  0:000  Searching volumes for latest nvram.plist ...
10:622  0:000   Modified = 2021-3-2 9:54:30 (3897280470000 ms)
10:622  0:000   - newer - will use this one
10:622  0:000   - [1] no nvram.plist - skipping!
10:622  0:000  Loading nvram.plist from EFI index 0  begin load gNvramDict=0x0
10:622  0:000   loaded, size=1157
10:622  0:000  loaded Status=Success
10:622  0:000  === [ PutNvramPlistToRtVars ] ===================
10:622  0:000   Adding Key: ActualDensity: Size = 2, Data: E1 00 
10:622  0:000   Adding Key: DensityThreshold: Size = 2, Data: 96 00 
10:622  0:000   Adding Key: EFILoginHiDPI: Size = 4, Data: 01 00 00 00 
10:622  0:000   Adding Key: LocationServicesEnabled: Size = 1, Data: 01 
10:622  0:000   Adding Key: csr-active-config: Size = 4, Data: 03 00 00 00 
10:622  0:000   Adding Key: efi-boot-device: Size = 216, Data: 3C 61 72 72 61 79 3E 3C 64 69 63 74 3E 3C 6B 65 79 3E 49 4F 4D 61 74 63 68 3C 2F 6B 65 79 3E 3C 64 69 63 74 3E 3C 6B 65 79 3E 49 4F 50 72 6F 76 69 64 65 72 43 6C 61 73 73 3C 2F 6B 65 79 3E 3C 73 74 72 69 6E 67 3E 49 4F 4D 65 64 69 61 3C 2F 73 74 72 69 6E 67 3E 3C 6B 65 79 3E 49 4F 50 72 6F 70 65 72 74 79 4D 61 74 63 68 3C 2F 6B 65 79 3E 3C 64 69 63 74 3E 3C 6B 65 79 3E 55 55 49 44 3C 2F 6B 65 79 3E 3C 73 74 72 69 6E 67 3E 36 30 46 45 45 46 38 34 2D 42 33 43 37 2D 34 33 42 46 2D 41 39 37 43 2D 33 41 35 45 35 37 38 38 32 36 34 39 3C 2F 73 74 72 69 6E 67 3E 3C 2F 64 69 63 74 3E 3C 2F 64 69 63 74 3E 3C 2F 64 69 63 74 3E 3C 2F 61 72 72 61 79 3E 
10:622  0:000   Adding Key: efi-boot-device-data: Size = 72, Data: 02 01 0C 00 D0 41 08 0A 00 00 00 00 01 01 06 00 02 1F 03 01 08 00 00 00 00 00 04 01 2A 00 02 00 00 00 28 40 06 00 00 00 00 00 40 AC DF 0D 00 00 00 00 84 EF FE 60 C7 B3 BF 43 A9 7C 3A 5E 57 88 26 49 02 02 7F FF 04 00 
10:622  0:000   Adding Key: flagstate: Size = 32, Data: 01 00 00 00 00 00 00 00 00 00 00 00 00 00 00 00 00 00 00 00 00 00 00 00 00 00 00 00 00 00 00 00 
10:622  0:000   Adding Key: fmm-computer-name: Size = 18, Data: 6A 75 61 6E 6A 6F E2 80 99 73 20 4D 61 63 20 50 72 6F 
10:622  0:000   Adding Key: security-mode: String: Size = 4, Val = 'none'
10:622  0:000  found 1 handles with audio
10:622  0:000  No AudioIoDevice stored
10:622  0:000  no stored audio parameters
10:622  0:000  Found Audio Device Realtek ALC662v2 (LineOut) at index 0
10:623  0:000  Found Audio Device Realtek ALC662v2 (Headphones) at index 1
10:623  0:000  === [ InitXTheme ] ==============================
10:623  0:000  use Daylight theme
10:623  0:000   using embedded theme
10:642  0:019  sound play end with status=Device Error
10:643  0:001  Using embedded font
10:644  0:000  theme inited
10:644  0:000  Chosen embedded theme
10:644  0:000  after NVRAM boot-args=dart=0 PCIRootUID=0 USBBusFix=Yes -v
10:644  0:000  Scanning legacy ...
10:644  0:000  === [ Dump SMC keys from NVRAM ] ================
10:644  0:000  found AppleSMC protocol
10:644  0:000  === [ AddCustomEntries ] ========================
10:644  0:000      Checking volume "EFI" (PcieRoot(0x0)\Pci(0x1F,0x2)\Ata(0x0)\HD(1,GPT,27FFAA17-912A-4547-BA08-8D2080A4DCEE,0x28,0x64000)) ... skipped because volume does not match
10:644  0:000      Checking volume "Macintosh SSD" (PcieRoot(0x0)\Pci(0x1F,0x2)\Ata(0x0)\HD(2,GPT,60FEEF84-B3C7-43BF-A97C-3A5E57882649,0x64028,0xDDFAC40)) ... skipped because volume does not match
10:644  0:000      Checking volume "Recovery HD" (PcieRoot(0x0)\Pci(0x1F,0x2)\Ata(0x0)\HD(3,GPT,C028C705-C3B4-4D18-99ED-1A93B066D230,0xDE5EC68,0x135F20)) ... skipped because volume does not match
10:644  0:000      Checking volume "EFI" (PcieRoot(0x0)\Pci(0x1F,0x2)\Ata(0x0)\HD(1,GPT,E76CBA19-05C7-4993-864D-8ED69D69AA2B,0x28,0x64000)) ... skipped because volume does not match
10:644  0:000      Checking volume "System" (PcieRoot(0x0)\Pci(0x1F,0x2)\Ata(0x0)\HD(2,GPT,FB1C0C88-A02B-49B9-ABC1-BF8CCE316C29,0x64028,0x2534AA60)) ... skipped because volume does not match
10:644  0:000  === [ ScanLoader ] ==============================
10:644  0:000  - [06]: 'EFI'
10:648  0:004        AddLoaderEntry for Volume Name=EFI, idx=0
10:648  0:000        OSVersion= 
10:648  0:000        IconName=unknown comma=-1 size=7
10:648  0:000        Full=unknown
10:648  0:000        Loader entry created for 'PcieRoot(0x0)\Pci(0x1F,0x2)\Ata(0x0)\HD(1,GPT,27FFAA17-912A-4547-BA08-8D2080A4DCEE,0x28,0x64000)\EFI\BOOT\BOOTX64.efi'
10:648  0:000       hiding entry: \EFI\BOOT\BOOTX64.efi
10:648  0:000        Menu entry added at index 0
10:648  0:000       hiding entry because DiskKind is DISK_KIND_INTERNAL: \EFI\BOOT\BOOTX64.efi
10:648  0:000  - [07]: 'Macintosh SSD'
10:651  0:002        AddLoaderEntry for Volume Name=Macintosh SSD, idx=1
10:652  0:001        OSVersion=10.13.6 
10:652  0:000        Check if volume Is Hibernated:
10:652  0:000        Check sleep image 'by signature':
10:654  0:002        read prefs \Library\Preferences\com.apple.PowerManagement.plist status=Success
10:654  0:000        using default sleep image name = \private\var\vm\sleepimage
10:656  0:001        cannot open sleepimage -> Not Found
10:656  0:000        hibernated: no - sign
10:656  0:000        IconName=hsierra,mac comma=7 size=11
10:656  0:000        first=os_hsierra
10:656  0:000        Second=os_mac
10:656  0:000        Loader entry created for 'PcieRoot(0x0)\Pci(0x1F,0x2)\Ata(0x0)\HD(2,GPT,60FEEF84-B3C7-43BF-A97C-3A5E57882649,0x64028,0xDDFAC40)\System\Library\CoreServices\boot.efi'
10:656  0:000        Menu entry added at index 1
10:656  0:000  - [08]: 'Recovery HD'
10:656  0:000        AddLoaderEntry for Volume Name=Recovery HD, idx=2
10:657  0:000        OSVersion=10.13.6 
10:657  0:000        IconName=hsierra,mac comma=7 size=11
10:657  0:000        first=os_hsierra
10:657  0:000        Second=os_mac
10:657  0:000        Loader entry created for 'PcieRoot(0x0)\Pci(0x1F,0x2)\Ata(0x0)\HD(3,GPT,C028C705-C3B4-4D18-99ED-1A93B066D230,0xDE5EC68,0x135F20)\com.apple.recovery.boot\boot.efi'
10:657  0:000        Menu entry added at index 2
10:657  0:000  - [09]: 'EFI'
10:657  0:000  - [10]: 'System'
10:658  0:000  Entries list before ordering
10:658  0:000      Entry 0 : Boot UEFI internal from EFI (hidden)
10:658  0:000      Entry 1 : Boot macOS from Macintosh SSD
10:658  0:000      Entry 2 : Boot Recovery from Recovery HD
10:658  0:000  Entries after before ordering
10:658  0:000    Entry 0 : Boot UEFI internal from EFI (hidden)
10:658  0:000    Entry 1 : Boot macOS from Macintosh SSD
10:658  0:000    Entry 2 : Boot Recovery from Recovery HD
10:658  0:000  === [ AddCustomTool ] ===========================
10:658  0:000  === [ GetEfiBootDeviceFromNvram ] ===============
10:658  0:000  Got efi-boot-device-data size=72
10:658  0:000   - efi-boot-device-data: PcieRoot(0x0)\Pci(0x1F,0x2)\Ata(0x0)\HD(2,GPT,60FEEF84-B3C7-43BF-A97C-3A5E57882649,0x64028,0xDDFAC40)
10:658  0:000    - Volume: 'PcieRoot(0x0)\Pci(0x1F,0x2)\Ata(0x0)\HD(2,GPT,60FEEF84-B3C7-43BF-A97C-3A5E57882649,0x64028,0xDDFAC40)'
10:658  0:000    - LoaderPath: ''
10:658  0:000    - Guid = 60FEEF84-B3C7-43BF-A97C-3A5E57882649
10:658  0:000  === [ FindStartupDiskVolume ] ===================
10:658  0:000    - Volume: partition = PcieRoot(0x0)\Pci(0x1F,0x2)\Ata(0x0)\HD(2,GPT,60FEEF84-B3C7-43BF-A97C-3A5E57882649,0x64028,0xDDFAC40)
10:658  0:000     - searching for that partition
10:658  0:000      - found entry 0. 'Boot macOS from Macintosh SSD', Volume 'Macintosh SSD'
10:658  0:000  Boot redirected to Entry 0. 'Boot macOS from Macintosh SSD'
10:658  0:000  BannerPlace at Clear Screen [576,196]
10:701  0:042  AnimeRun=0
10:748  0:046  GUI ready
97:386  86:637  ConnectAll after refresh menu
97:787  0:401  ReinitRefitLib after theme change
97:788  0:000  === [ ScanVolumes ] =============================
97:788  0:000  Found 11 volumes with blockIO
97:788  0:000  - [00]: Volume: PcieRoot(0x0)\Pci(0x1D,0x7)\USB(0x6,0x0)\Unit(0x0)
97:788  0:000  - [01]: Volume: PcieRoot(0x0)\Pci(0x1D,0x7)\USB(0x6,0x0)\Unit(0x1)
97:788  0:000  - [02]: Volume: PcieRoot(0x0)\Pci(0x1D,0x7)\USB(0x6,0x0)\Unit(0x2)
97:788  0:000  - [03]: Volume: PcieRoot(0x0)\Pci(0x1D,0x7)\USB(0x6,0x0)\Unit(0x3)
97:788  0:000  - [04]: Volume: PcieRoot(0x0)\Pci(0x1F,0x2)\Ata(0x0)
97:788  0:000          Result of bootcode detection: bootable unknown (legacy)
97:788  0:000  - [05]: Volume: PcieRoot(0x0)\Pci(0x1F,0x2)\Ata(0x0)
97:788  0:000  - [06]: Volume: PcieRoot(0x0)\Pci(0x1F,0x2)\Ata(0x0)\HD(1,GPT,27FFAA17-912A-4547-BA08-8D2080A4DCEE,0x28,0x64000)
97:789  0:000          Result of bootcode detection: bootable unknown (legacy)
97:789  0:000            label : EFI
97:789  0:000          This is SelfVolume !!
97:789  0:000  - [07]: Volume: PcieRoot(0x0)\Pci(0x1F,0x2)\Ata(0x0)\HD(2,GPT,60FEEF84-B3C7-43BF-A97C-3A5E57882649,0x64028,0xDDFAC40)
97:789  0:000            label : Macintosh SSD
97:789  0:000  - [08]: Volume: PcieRoot(0x0)\Pci(0x1F,0x2)\Ata(0x0)\HD(3,GPT,C028C705-C3B4-4D18-99ED-1A93B066D230,0xDE5EC68,0x135F20)
97:789  0:000            label : Recovery HD
97:789  0:000  - [09]: Volume: PcieRoot(0x0)\Pci(0x1F,0x2)\Ata(0x0)\HD(1,GPT,E76CBA19-05C7-4993-864D-8ED69D69AA2B,0x28,0x64000)
97:789  0:000          Result of bootcode detection: bootable unknown (legacy)
97:789  0:000            label : EFI
97:789  0:000  - [10]: Volume: PcieRoot(0x0)\Pci(0x1F,0x2)\Ata(0x0)\HD(2,GPT,FB1C0C88-A02B-49B9-ABC1-BF8CCE316C29,0x64028,0x2534AA60)
97:789  0:000            label : System
97:789  0:000  === [ PutNvramPlistToRtVars ] ===================
97:790  0:000   Adding Key: ActualDensity: Size = 2, Data: E1 00 
97:790  0:000   Adding Key: DensityThreshold: Size = 2, Data: 96 00 
97:790  0:000   Adding Key: EFILoginHiDPI: Size = 4, Data: 01 00 00 00 
97:790  0:000   Adding Key: LocationServicesEnabled: Size = 1, Data: 01 
97:790  0:000   Adding Key: csr-active-config: Size = 4, Data: 03 00 00 00 
97:790  0:000   Adding Key: efi-boot-device: Size = 216, Data: 3C 61 72 72 61 79 3E 3C 64 69 63 74 3E 3C 6B 65 79 3E 49 4F 4D 61 74 63 68 3C 2F 6B 65 79 3E 3C 64 69 63 74 3E 3C 6B 65 79 3E 49 4F 50 72 6F 76 69 64 65 72 43 6C 61 73 73 3C 2F 6B 65 79 3E 3C 73 74 72 69 6E 67 3E 49 4F 4D 65 64 69 61 3C 2F 73 74 72 69 6E 67 3E 3C 6B 65 79 3E 49 4F 50 72 6F 70 65 72 74 79 4D 61 74 63 68 3C 2F 6B 65 79 3E 3C 64 69 63 74 3E 3C 6B 65 79 3E 55 55 49 44 3C 2F 6B 65 79 3E 3C 73 74 72 69 6E 67 3E 36 30 46 45 45 46 38 34 2D 42 33 43 37 2D 34 33 42 46 2D 41 39 37 43 2D 33 41 35 45 35 37 38 38 32 36 34 39 3C 2F 73 74 72 69 6E 67 3E 3C 2F 64 69 63 74 3E 3C 2F 64 69 63 74 3E 3C 2F 64 69 63 74 3E 3C 2F 61 72 72 61 79 3E 
97:790  0:000   Adding Key: efi-boot-device-data: Size = 72, Data: 02 01 0C 00 D0 41 08 0A 00 00 00 00 01 01 06 00 02 1F 03 01 08 00 00 00 00 00 04 01 2A 00 02 00 00 00 28 40 06 00 00 00 00 00 40 AC DF 0D 00 00 00 00 84 EF FE 60 C7 B3 BF 43 A9 7C 3A 5E 57 88 26 49 02 02 7F FF 04 00 
97:790  0:000   Adding Key: flagstate: Size = 32, Data: 01 00 00 00 00 00 00 00 00 00 00 00 00 00 00 00 00 00 00 00 00 00 00 00 00 00 00 00 00 00 00 00 
97:790  0:000   Adding Key: fmm-computer-name: Size = 18, Data: 6A 75 61 6E 6A 6F E2 80 99 73 20 4D 61 63 20 50 72 6F 
97:790  0:000   Adding Key: security-mode: String: Size = 4, Val = 'none'
97:790  0:000  found 1 handles with audio
97:790  0:000  got index=0
97:790  0:000  got volume 0
97:790  0:000  Found Audio Device Realtek ALC662v2 (LineOut) at index 0
97:790  0:000  Found Audio Device Realtek ALC662v2 (Headphones) at index 1
97:790  0:000  change theme
97:790  0:000  === [ InitXTheme ] ==============================
97:790  0:000  use Daylight theme
97:791  0:001  Using theme 'DarkBootX' (DarkBootX)
97:791  0:000  chosen theme DarkBootX
97:791  0:000  OS main and drive as badge
97:880  0:088    Channels: 1  Sample rate: 44100 Hz  Bits: 16
97:880  0:000  output to channel 0 with volume 0, len=169344
97:880  0:000   sound channels=1 bits=16 freq=44100
97:880  0:000  sound play end with status=Not Found
97:881  0:001  theme inited
97:881  0:000  Chosen theme DarkBootX
97:881  0:000  after NVRAM boot-args=dart=0 PCIRootUID=0 USBBusFix=Yes -v
97:881  0:000  Scanning legacy ...
97:881  0:000  === [ AddCustomEntries ] ========================
97:881  0:000      Checking volume "EFI" (PcieRoot(0x0)\Pci(0x1F,0x2)\Ata(0x0)\HD(1,GPT,27FFAA17-912A-4547-BA08-8D2080A4DCEE,0x28,0x64000)) ... skipped because volume does not match
97:881  0:000      Checking volume "Macintosh SSD" (PcieRoot(0x0)\Pci(0x1F,0x2)\Ata(0x0)\HD(2,GPT,60FEEF84-B3C7-43BF-A97C-3A5E57882649,0x64028,0xDDFAC40)) ... skipped because volume does not match
97:881  0:000      Checking volume "Recovery HD" (PcieRoot(0x0)\Pci(0x1F,0x2)\Ata(0x0)\HD(3,GPT,C028C705-C3B4-4D18-99ED-1A93B066D230,0xDE5EC68,0x135F20)) ... skipped because volume does not match
97:881  0:000      Checking volume "EFI" (PcieRoot(0x0)\Pci(0x1F,0x2)\Ata(0x0)\HD(1,GPT,E76CBA19-05C7-4993-864D-8ED69D69AA2B,0x28,0x64000)) ... skipped because volume does not match
97:881  0:000      Checking volume "System" (PcieRoot(0x0)\Pci(0x1F,0x2)\Ata(0x0)\HD(2,GPT,FB1C0C88-A02B-49B9-ABC1-BF8CCE316C29,0x64028,0x2534AA60)) ... skipped because volume does not match
97:881  0:000  === [ ScanLoader ] ==============================
97:881  0:000  - [06]: 'EFI'
97:884  0:002        AddLoaderEntry for Volume Name=EFI, idx=0
97:884  0:000        OSVersion= 
97:884  0:000        IconName=unknown comma=-1 size=7
97:884  0:000        Full=unknown
97:884  0:000        Loader entry created for 'PcieRoot(0x0)\Pci(0x1F,0x2)\Ata(0x0)\HD(1,GPT,27FFAA17-912A-4547-BA08-8D2080A4DCEE,0x28,0x64000)\EFI\BOOT\BOOTX64.efi'
97:884  0:000       hiding entry: \EFI\BOOT\BOOTX64.efi
97:884  0:000        Menu entry added at index 0
97:884  0:000       hiding entry because DiskKind is DISK_KIND_INTERNAL: \EFI\BOOT\BOOTX64.efi
97:884  0:000  - [07]: 'Macintosh SSD'
97:885  0:000        AddLoaderEntry for Volume Name=Macintosh SSD, idx=1
97:886  0:000        OSVersion=10.13.6 
97:886  0:000        Check if volume Is Hibernated:
97:886  0:000        Check sleep image 'by signature':
97:886  0:000        read prefs \Library\Preferences\com.apple.PowerManagement.plist status=Success
97:886  0:000        using default sleep image name = \private\var\vm\sleepimage
97:886  0:000        cannot open sleepimage -> Not Found
97:886  0:000        hibernated: no - sign
97:886  0:000        IconName=hsierra,mac comma=7 size=11
97:886  0:000        first=os_hsierra
97:886  0:000        Loader entry created for 'PcieRoot(0x0)\Pci(0x1F,0x2)\Ata(0x0)\HD(2,GPT,60FEEF84-B3C7-43BF-A97C-3A5E57882649,0x64028,0xDDFAC40)\System\Library\CoreServices\boot.efi'
97:886  0:000        Menu entry added at index 1
97:887  0:000  - [08]: 'Recovery HD'
97:887  0:000        AddLoaderEntry for Volume Name=Recovery HD, idx=2
97:887  0:000        OSVersion=10.13.6 
97:887  0:000        IconName=hsierra,mac comma=7 size=11
97:887  0:000        first=os_hsierra
97:887  0:000        Loader entry created for 'PcieRoot(0x0)\Pci(0x1F,0x2)\Ata(0x0)\HD(3,GPT,C028C705-C3B4-4D18-99ED-1A93B066D230,0xDE5EC68,0x135F20)\com.apple.recovery.boot\boot.efi'
97:887  0:000        Menu entry added at index 2
97:887  0:000  - [09]: 'EFI'
97:887  0:000  - [10]: 'System'
97:888  0:000  Entries list before ordering
97:888  0:000      Entry 0 : Boot UEFI internal from EFI (hidden)
97:888  0:000      Entry 1 : Boot macOS from Macintosh SSD
97:888  0:000      Entry 2 : Boot Recovery from Recovery HD
97:888  0:000  Entries after before ordering
97:888  0:000    Entry 0 : Boot UEFI internal from EFI (hidden)
97:888  0:000    Entry 1 : Boot macOS from Macintosh SSD
97:888  0:000    Entry 2 : Boot Recovery from Recovery HD
97:888  0:000  === [ AddCustomTool ] ===========================
97:888  0:000  === [ GetEfiBootDeviceFromNvram ] ===============
97:888  0:000  === [ FindStartupDiskVolume ] ===================
97:888  0:000    - Volume: partition = PcieRoot(0x0)\Pci(0x1F,0x2)\Ata(0x0)\HD(2,GPT,60FEEF84-B3C7-43BF-A97C-3A5E57882649,0x64028,0xDDFAC40)
97:888  0:000     - searching for that partition
97:888  0:000      - found entry 0. 'Boot macOS from Macintosh SSD', Volume 'Macintosh SSD'
97:888  0:000  Boot redirected to Entry 0. 'Boot macOS from Macintosh SSD'
97:888  0:000  BannerPlace at Clear Screen [608,260]
97:989  0:101  AnimeRun=1
97:989  0:000   Anime seems OK, init it
98:045  0:055  === Update Film ===
98:045  0:000  FilmX=40000
98:045  0:000  ID=1
98:045  0:000  RunOnce=0
98:045  0:000  NumFrames=32
98:045  0:000  FrameTime=60
98:045  0:000  Path=anime
98:045  0:000  LastFrame=31
98:045  0:000  
111:297  13:252  ConnectAll after refresh menu
111:699  0:402  ReinitRefitLib after theme change
111:700  0:000  === [ ScanVolumes ] =============================
111:700  0:000  Found 11 volumes with blockIO
111:700  0:000  - [00]: Volume: PcieRoot(0x0)\Pci(0x1D,0x7)\USB(0x6,0x0)\Unit(0x0)
111:700  0:000  - [01]: Volume: PcieRoot(0x0)\Pci(0x1D,0x7)\USB(0x6,0x0)\Unit(0x1)
111:700  0:000  - [02]: Volume: PcieRoot(0x0)\Pci(0x1D,0x7)\USB(0x6,0x0)\Unit(0x2)
111:700  0:000  - [03]: Volume: PcieRoot(0x0)\Pci(0x1D,0x7)\USB(0x6,0x0)\Unit(0x3)
111:700  0:000  - [04]: Volume: PcieRoot(0x0)\Pci(0x1F,0x2)\Ata(0x0)
111:700  0:000          Result of bootcode detection: bootable unknown (legacy)
111:700  0:000  - [05]: Volume: PcieRoot(0x0)\Pci(0x1F,0x2)\Ata(0x0)
111:700  0:000  - [06]: Volume: PcieRoot(0x0)\Pci(0x1F,0x2)\Ata(0x0)\HD(1,GPT,27FFAA17-912A-4547-BA08-8D2080A4DCEE,0x28,0x64000)
111:700  0:000          Result of bootcode detection: bootable unknown (legacy)
111:701  0:000            label : EFI
111:701  0:000          This is SelfVolume !!
111:701  0:000  - [07]: Volume: PcieRoot(0x0)\Pci(0x1F,0x2)\Ata(0x0)\HD(2,GPT,60FEEF84-B3C7-43BF-A97C-3A5E57882649,0x64028,0xDDFAC40)
111:701  0:000            label : Macintosh SSD
111:701  0:000  - [08]: Volume: PcieRoot(0x0)\Pci(0x1F,0x2)\Ata(0x0)\HD(3,GPT,C028C705-C3B4-4D18-99ED-1A93B066D230,0xDE5EC68,0x135F20)
111:701  0:000            label : Recovery HD
111:701  0:000  - [09]: Volume: PcieRoot(0x0)\Pci(0x1F,0x2)\Ata(0x0)\HD(1,GPT,E76CBA19-05C7-4993-864D-8ED69D69AA2B,0x28,0x64000)
111:701  0:000          Result of bootcode detection: bootable unknown (legacy)
111:701  0:000            label : EFI
111:701  0:000  - [10]: Volume: PcieRoot(0x0)\Pci(0x1F,0x2)\Ata(0x0)\HD(2,GPT,FB1C0C88-A02B-49B9-ABC1-BF8CCE316C29,0x64028,0x2534AA60)
111:702  0:000            label : System
111:702  0:000  === [ PutNvramPlistToRtVars ] ===================
111:702  0:000   Adding Key: ActualDensity: Size = 2, Data: E1 00 
111:702  0:000   Adding Key: DensityThreshold: Size = 2, Data: 96 00 
111:702  0:000   Adding Key: EFILoginHiDPI: Size = 4, Data: 01 00 00 00 
111:702  0:000   Adding Key: LocationServicesEnabled: Size = 1, Data: 01 
111:702  0:000   Adding Key: csr-active-config: Size = 4, Data: 03 00 00 00 
111:702  0:000   Adding Key: efi-boot-device: Size = 216, Data: 3C 61 72 72 61 79 3E 3C 64 69 63 74 3E 3C 6B 65 79 3E 49 4F 4D 61 74 63 68 3C 2F 6B 65 79 3E 3C 64 69 63 74 3E 3C 6B 65 79 3E 49 4F 50 72 6F 76 69 64 65 72 43 6C 61 73 73 3C 2F 6B 65 79 3E 3C 73 74 72 69 6E 67 3E 49 4F 4D 65 64 69 61 3C 2F 73 74 72 69 6E 67 3E 3C 6B 65 79 3E 49 4F 50 72 6F 70 65 72 74 79 4D 61 74 63 68 3C 2F 6B 65 79 3E 3C 64 69 63 74 3E 3C 6B 65 79 3E 55 55 49 44 3C 2F 6B 65 79 3E 3C 73 74 72 69 6E 67 3E 36 30 46 45 45 46 38 34 2D 42 33 43 37 2D 34 33 42 46 2D 41 39 37 43 2D 33 41 35 45 35 37 38 38 32 36 34 39 3C 2F 73 74 72 69 6E 67 3E 3C 2F 64 69 63 74 3E 3C 2F 64 69 63 74 3E 3C 2F 64 69 63 74 3E 3C 2F 61 72 72 61 79 3E 
111:702  0:000   Adding Key: efi-boot-device-data: Size = 72, Data: 02 01 0C 00 D0 41 08 0A 00 00 00 00 01 01 06 00 02 1F 03 01 08 00 00 00 00 00 04 01 2A 00 02 00 00 00 28 40 06 00 00 00 00 00 40 AC DF 0D 00 00 00 00 84 EF FE 60 C7 B3 BF 43 A9 7C 3A 5E 57 88 26 49 02 02 7F FF 04 00 
111:702  0:000   Adding Key: flagstate: Size = 32, Data: 01 00 00 00 00 00 00 00 00 00 00 00 00 00 00 00 00 00 00 00 00 00 00 00 00 00 00 00 00 00 00 00 
111:702  0:000   Adding Key: fmm-computer-name: Size = 18, Data: 6A 75 61 6E 6A 6F E2 80 99 73 20 4D 61 63 20 50 72 6F 
111:702  0:000   Adding Key: security-mode: String: Size = 4, Val = 'none'
111:702  0:000  found 1 handles with audio
111:702  0:000  got index=0
111:702  0:000  got volume 0
111:702  0:000  Found Audio Device Realtek ALC662v2 (LineOut) at index 0
111:702  0:000  Found Audio Device Realtek ALC662v2 (Headphones) at index 1
111:702  0:000  change theme
111:702  0:000  === [ InitXTheme ] ==============================
111:702  0:000  use Daylight theme
111:702  0:000  Using theme 'HexagonDark' (HexagonDark)
111:702  0:000  chosen theme HexagonDark
111:702  0:000  OS main and drive as badge
111:722  0:019    Channels: 1  Sample rate: 44100 Hz  Bits: 16
111:722  0:000  output to channel 0 with volume 0, len=176698
111:722  0:000   sound channels=1 bits=16 freq=44100
111:722  0:000  sound play end with status=Not Found
111:724  0:001  theme inited
111:724  0:000  Chosen theme HexagonDark
111:724  0:000  after NVRAM boot-args=dart=0 PCIRootUID=0 USBBusFix=Yes -v
111:724  0:000  Scanning legacy ...
111:724  0:000  === [ AddCustomEntries ] ========================
111:724  0:000      Checking volume "EFI" (PcieRoot(0x0)\Pci(0x1F,0x2)\Ata(0x0)\HD(1,GPT,27FFAA17-912A-4547-BA08-8D2080A4DCEE,0x28,0x64000)) ... skipped because volume does not match
111:724  0:000      Checking volume "Macintosh SSD" (PcieRoot(0x0)\Pci(0x1F,0x2)\Ata(0x0)\HD(2,GPT,60FEEF84-B3C7-43BF-A97C-3A5E57882649,0x64028,0xDDFAC40)) ... skipped because volume does not match
111:724  0:000      Checking volume "Recovery HD" (PcieRoot(0x0)\Pci(0x1F,0x2)\Ata(0x0)\HD(3,GPT,C028C705-C3B4-4D18-99ED-1A93B066D230,0xDE5EC68,0x135F20)) ... skipped because volume does not match
111:724  0:000      Checking volume "EFI" (PcieRoot(0x0)\Pci(0x1F,0x2)\Ata(0x0)\HD(1,GPT,E76CBA19-05C7-4993-864D-8ED69D69AA2B,0x28,0x64000)) ... skipped because volume does not match
111:724  0:000      Checking volume "System" (PcieRoot(0x0)\Pci(0x1F,0x2)\Ata(0x0)\HD(2,GPT,FB1C0C88-A02B-49B9-ABC1-BF8CCE316C29,0x64028,0x2534AA60)) ... skipped because volume does not match
111:724  0:000  === [ ScanLoader ] ==============================
111:724  0:000  - [06]: 'EFI'
111:725  0:001        AddLoaderEntry for Volume Name=EFI, idx=0
111:725  0:000        OSVersion= 
111:725  0:000        IconName=unknown comma=-1 size=7
111:725  0:000        Full=unknown
111:725  0:000        Loader entry created for 'PcieRoot(0x0)\Pci(0x1F,0x2)\Ata(0x0)\HD(1,GPT,27FFAA17-912A-4547-BA08-8D2080A4DCEE,0x28,0x64000)\EFI\BOOT\BOOTX64.efi'
111:725  0:000       hiding entry: \EFI\BOOT\BOOTX64.efi
111:725  0:000        Menu entry added at index 0
111:725  0:000       hiding entry because DiskKind is DISK_KIND_INTERNAL: \EFI\BOOT\BOOTX64.efi
111:725  0:000  - [07]: 'Macintosh SSD'
111:726  0:001        AddLoaderEntry for Volume Name=Macintosh SSD, idx=1
111:727  0:000        OSVersion=10.13.6 
111:727  0:000        Check if volume Is Hibernated:
111:727  0:000        Check sleep image 'by signature':
111:727  0:000        read prefs \Library\Preferences\com.apple.PowerManagement.plist status=Success
111:727  0:000        using default sleep image name = \private\var\vm\sleepimage
111:727  0:000        cannot open sleepimage -> Not Found
111:727  0:000        hibernated: no - sign
111:727  0:000        IconName=hsierra,mac comma=7 size=11
111:727  0:000        first=os_hsierra
111:727  0:000        Loader entry created for 'PcieRoot(0x0)\Pci(0x1F,0x2)\Ata(0x0)\HD(2,GPT,60FEEF84-B3C7-43BF-A97C-3A5E57882649,0x64028,0xDDFAC40)\System\Library\CoreServices\boot.efi'
111:728  0:000        Menu entry added at index 1
111:728  0:000  - [08]: 'Recovery HD'
111:728  0:000        AddLoaderEntry for Volume Name=Recovery HD, idx=2
111:728  0:000        OSVersion=10.13.6 
111:728  0:000        IconName=hsierra,mac comma=7 size=11
111:728  0:000        first=os_hsierra
111:728  0:000        Loader entry created for 'PcieRoot(0x0)\Pci(0x1F,0x2)\Ata(0x0)\HD(3,GPT,C028C705-C3B4-4D18-99ED-1A93B066D230,0xDE5EC68,0x135F20)\com.apple.recovery.boot\boot.efi'
111:729  0:000        Menu entry added at index 2
111:729  0:000  - [09]: 'EFI'
111:729  0:000  - [10]: 'System'
111:729  0:000  Entries list before ordering
111:729  0:000      Entry 0 : Boot UEFI internal from EFI (hidden)
111:729  0:000      Entry 1 : Boot macOS from Macintosh SSD
111:729  0:000      Entry 2 : Boot Recovery from Recovery HD
111:729  0:000  Entries after before ordering
111:729  0:000    Entry 0 : Boot UEFI internal from EFI (hidden)
111:729  0:000    Entry 1 : Boot macOS from Macintosh SSD
111:729  0:000    Entry 2 : Boot Recovery from Recovery HD
111:729  0:000  === [ AddCustomTool ] ===========================
111:729  0:000  === [ GetEfiBootDeviceFromNvram ] ===============
111:729  0:000  === [ FindStartupDiskVolume ] ===================
111:729  0:000    - Volume: partition = PcieRoot(0x0)\Pci(0x1F,0x2)\Ata(0x0)\HD(2,GPT,60FEEF84-B3C7-43BF-A97C-3A5E57882649,0x64028,0xDDFAC40)
111:729  0:000     - searching for that partition
111:729  0:000      - found entry 0. 'Boot macOS from Macintosh SSD', Volume 'Macintosh SSD'
111:729  0:000  Boot redirected to Entry 0. 'Boot macOS from Macintosh SSD'
111:729  0:000  BannerPlace at Clear Screen [608,259]
111:798  0:068  AnimeRun=0
118:806  7:007  AnimeRun=0
121:937  3:130  DeleteNvramVariable (vsmc-status, guid = Success):
121:937  0:000  DeleteNvramVariable (ActualDensity, guid = Success):
121:937  0:000  DeleteNvramVariable (DensityThreshold, guid = Success):
121:937  0:000  DeleteNvramVariable (EFILoginHiDPI, guid = Success):
121:937  0:000  DeleteNvramVariable (LocationServicesEnabled, guid = Success):
121:937  0:000  DeleteNvramVariable (csr-active-config, guid = Success):
121:937  0:000  DeleteNvramVariable (efi-boot-device, guid = Success):
121:937  0:000  DeleteNvramVariable (efi-boot-device-data, guid = Success):
121:937  0:000  DeleteNvramVariable (flagstate, guid = Success):
121:937  0:000  DeleteNvramVariable (fmm-computer-name, guid = Success):
121:937  0:000  DeleteNvramVariable (security-mode, guid = Success):
121:937  0:000  DeleteNvramVariable (Clover.SoundDevice, guid = Success):
121:937  0:000  DeleteNvramVariable (Clover.SoundIndex, guid = Success):
121:938  0:001  ConnectAll after refresh menu
122:338  0:400  ReinitRefitLib after theme change
122:339  0:000  === [ ScanVolumes ] =============================
122:339  0:000  Found 11 volumes with blockIO
122:339  0:000  - [00]: Volume: PcieRoot(0x0)\Pci(0x1D,0x7)\USB(0x6,0x0)\Unit(0x0)
122:339  0:000  - [01]: Volume: PcieRoot(0x0)\Pci(0x1D,0x7)\USB(0x6,0x0)\Unit(0x1)
122:339  0:000  - [02]: Volume: PcieRoot(0x0)\Pci(0x1D,0x7)\USB(0x6,0x0)\Unit(0x2)
122:339  0:000  - [03]: Volume: PcieRoot(0x0)\Pci(0x1D,0x7)\USB(0x6,0x0)\Unit(0x3)
122:339  0:000  - [04]: Volume: PcieRoot(0x0)\Pci(0x1F,0x2)\Ata(0x0)
122:339  0:000          Result of bootcode detection: bootable unknown (legacy)
122:339  0:000  - [05]: Volume: PcieRoot(0x0)\Pci(0x1F,0x2)\Ata(0x0)
122:339  0:000  - [06]: Volume: PcieRoot(0x0)\Pci(0x1F,0x2)\Ata(0x0)\HD(1,GPT,27FFAA17-912A-4547-BA08-8D2080A4DCEE,0x28,0x64000)
122:340  0:000          Result of bootcode detection: bootable unknown (legacy)
122:340  0:000            label : EFI
122:340  0:000          This is SelfVolume !!
122:340  0:000  - [07]: Volume: PcieRoot(0x0)\Pci(0x1F,0x2)\Ata(0x0)\HD(2,GPT,60FEEF84-B3C7-43BF-A97C-3A5E57882649,0x64028,0xDDFAC40)
122:340  0:000            label : Macintosh SSD
122:340  0:000  - [08]: Volume: PcieRoot(0x0)\Pci(0x1F,0x2)\Ata(0x0)\HD(3,GPT,C028C705-C3B4-4D18-99ED-1A93B066D230,0xDE5EC68,0x135F20)
122:340  0:000            label : Recovery HD
122:340  0:000  - [09]: Volume: PcieRoot(0x0)\Pci(0x1F,0x2)\Ata(0x0)\HD(1,GPT,E76CBA19-05C7-4993-864D-8ED69D69AA2B,0x28,0x64000)
122:340  0:000          Result of bootcode detection: bootable unknown (legacy)
122:340  0:000            label : EFI
122:340  0:000  - [10]: Volume: PcieRoot(0x0)\Pci(0x1F,0x2)\Ata(0x0)\HD(2,GPT,FB1C0C88-A02B-49B9-ABC1-BF8CCE316C29,0x64028,0x2534AA60)
122:340  0:000            label : System
122:340  0:000  === [ PutNvramPlistToRtVars ] ===================
122:340  0:000   Adding Key: ActualDensity: Size = 2, Data: E1 00 
122:340  0:000   Adding Key: DensityThreshold: Size = 2, Data: 96 00 
122:340  0:000   Adding Key: EFILoginHiDPI: Size = 4, Data: 01 00 00 00 
122:340  0:000   Adding Key: LocationServicesEnabled: Size = 1, Data: 01 
122:340  0:000   Adding Key: csr-active-config: Size = 4, Data: 03 00 00 00 
122:340  0:000   Adding Key: efi-boot-device: Size = 216, Data: 3C 61 72 72 61 79 3E 3C 64 69 63 74 3E 3C 6B 65 79 3E 49 4F 4D 61 74 63 68 3C 2F 6B 65 79 3E 3C 64 69 63 74 3E 3C 6B 65 79 3E 49 4F 50 72 6F 76 69 64 65 72 43 6C 61 73 73 3C 2F 6B 65 79 3E 3C 73 74 72 69 6E 67 3E 49 4F 4D 65 64 69 61 3C 2F 73 74 72 69 6E 67 3E 3C 6B 65 79 3E 49 4F 50 72 6F 70 65 72 74 79 4D 61 74 63 68 3C 2F 6B 65 79 3E 3C 64 69 63 74 3E 3C 6B 65 79 3E 55 55 49 44 3C 2F 6B 65 79 3E 3C 73 74 72 69 6E 67 3E 36 30 46 45 45 46 38 34 2D 42 33 43 37 2D 34 33 42 46 2D 41 39 37 43 2D 33 41 35 45 35 37 38 38 32 36 34 39 3C 2F 73 74 72 69 6E 67 3E 3C 2F 64 69 63 74 3E 3C 2F 64 69 63 74 3E 3C 2F 64 69 63 74 3E 3C 2F 61 72 72 61 79 3E 
122:341  0:000   Adding Key: efi-boot-device-data: Size = 72, Data: 02 01 0C 00 D0 41 08 0A 00 00 00 00 01 01 06 00 02 1F 03 01 08 00 00 00 00 00 04 01 2A 00 02 00 00 00 28 40 06 00 00 00 00 00 40 AC DF 0D 00 00 00 00 84 EF FE 60 C7 B3 BF 43 A9 7C 3A 5E 57 88 26 49 02 02 7F FF 04 00 
122:341  0:000   Adding Key: flagstate: Size = 32, Data: 01 00 00 00 00 00 00 00 00 00 00 00 00 00 00 00 00 00 00 00 00 00 00 00 00 00 00 00 00 00 00 00 
122:341  0:000   Adding Key: fmm-computer-name: Size = 18, Data: 6A 75 61 6E 6A 6F E2 80 99 73 20 4D 61 63 20 50 72 6F 
122:341  0:000   Adding Key: security-mode: String: Size = 4, Val = 'none'
122:341  0:000  found 1 handles with audio
122:341  0:000  No AudioIoDevice stored
122:341  0:000  no stored audio parameters
122:341  0:000  Found Audio Device Realtek ALC662v2 (LineOut) at index 0
122:341  0:000  Found Audio Device Realtek ALC662v2 (Headphones) at index 1
122:341  0:000  theme inited
122:341  0:000  Chosen theme HexagonDark
122:341  0:000  after NVRAM boot-args=dart=0 PCIRootUID=0 USBBusFix=Yes -v
122:341  0:000  Scanning legacy ...
122:341  0:000  === [ AddCustomEntries ] ========================
122:341  0:000      Checking volume "EFI" (PcieRoot(0x0)\Pci(0x1F,0x2)\Ata(0x0)\HD(1,GPT,27FFAA17-912A-4547-BA08-8D2080A4DCEE,0x28,0x64000)) ... skipped because volume does not match
122:341  0:000      Checking volume "Macintosh SSD" (PcieRoot(0x0)\Pci(0x1F,0x2)\Ata(0x0)\HD(2,GPT,60FEEF84-B3C7-43BF-A97C-3A5E57882649,0x64028,0xDDFAC40)) ... skipped because volume does not match
122:341  0:000      Checking volume "Recovery HD" (PcieRoot(0x0)\Pci(0x1F,0x2)\Ata(0x0)\HD(3,GPT,C028C705-C3B4-4D18-99ED-1A93B066D230,0xDE5EC68,0x135F20)) ... skipped because volume does not match
122:341  0:000      Checking volume "EFI" (PcieRoot(0x0)\Pci(0x1F,0x2)\Ata(0x0)\HD(1,GPT,E76CBA19-05C7-4993-864D-8ED69D69AA2B,0x28,0x64000)) ... skipped because volume does not match
122:341  0:000      Checking volume "System" (PcieRoot(0x0)\Pci(0x1F,0x2)\Ata(0x0)\HD(2,GPT,FB1C0C88-A02B-49B9-ABC1-BF8CCE316C29,0x64028,0x2534AA60)) ... skipped because volume does not match
122:341  0:000  === [ ScanLoader ] ==============================
122:341  0:000  - [06]: 'EFI'
122:342  0:001        AddLoaderEntry for Volume Name=EFI, idx=0
122:342  0:000        OSVersion= 
122:342  0:000        IconName=unknown comma=-1 size=7
122:342  0:000        Full=unknown
122:342  0:000        Loader entry created for 'PcieRoot(0x0)\Pci(0x1F,0x2)\Ata(0x0)\HD(1,GPT,27FFAA17-912A-4547-BA08-8D2080A4DCEE,0x28,0x64000)\EFI\BOOT\BOOTX64.efi'
122:342  0:000       hiding entry: \EFI\BOOT\BOOTX64.efi
122:342  0:000        Menu entry added at index 0
122:342  0:000       hiding entry because DiskKind is DISK_KIND_INTERNAL: \EFI\BOOT\BOOTX64.efi
122:342  0:000  - [07]: 'Macintosh SSD'
122:343  0:000        AddLoaderEntry for Volume Name=Macintosh SSD, idx=1
122:343  0:000        OSVersion=10.13.6 
122:343  0:000        Check if volume Is Hibernated:
122:343  0:000        Check sleep image 'by signature':
122:344  0:000        read prefs \Library\Preferences\com.apple.PowerManagement.plist status=Success
122:344  0:000        using default sleep image name = \private\var\vm\sleepimage
122:344  0:000        cannot open sleepimage -> Not Found
122:344  0:000        hibernated: no - sign
122:344  0:000        IconName=hsierra,mac comma=7 size=11
122:344  0:000        first=os_hsierra
122:344  0:000        Loader entry created for 'PcieRoot(0x0)\Pci(0x1F,0x2)\Ata(0x0)\HD(2,GPT,60FEEF84-B3C7-43BF-A97C-3A5E57882649,0x64028,0xDDFAC40)\System\Library\CoreServices\boot.efi'
122:344  0:000        Menu entry added at index 1
122:344  0:000  - [08]: 'Recovery HD'
122:345  0:000        AddLoaderEntry for Volume Name=Recovery HD, idx=2
122:345  0:000        OSVersion=10.13.6 
122:345  0:000        IconName=hsierra,mac comma=7 size=11
122:345  0:000        first=os_hsierra
122:345  0:000        Loader entry created for 'PcieRoot(0x0)\Pci(0x1F,0x2)\Ata(0x0)\HD(3,GPT,C028C705-C3B4-4D18-99ED-1A93B066D230,0xDE5EC68,0x135F20)\com.apple.recovery.boot\boot.efi'
122:345  0:000        Menu entry added at index 2
122:345  0:000  - [09]: 'EFI'
122:345  0:000  - [10]: 'System'
122:345  0:000  Entries list before ordering
122:345  0:000      Entry 0 : Boot UEFI internal from EFI (hidden)
122:345  0:000      Entry 1 : Boot macOS from Macintosh SSD
122:345  0:000      Entry 2 : Boot Recovery from Recovery HD
122:345  0:000  Entries after before ordering
122:345  0:000    Entry 0 : Boot UEFI internal from EFI (hidden)
122:345  0:000    Entry 1 : Boot macOS from Macintosh SSD
122:345  0:000    Entry 2 : Boot Recovery from Recovery HD
122:345  0:000  === [ AddCustomTool ] ===========================
122:346  0:000  === [ GetEfiBootDeviceFromNvram ] ===============
122:346  0:000  === [ FindStartupDiskVolume ] ===================
122:346  0:000    - Volume: partition = PcieRoot(0x0)\Pci(0x1F,0x2)\Ata(0x0)\HD(2,GPT,60FEEF84-B3C7-43BF-A97C-3A5E57882649,0x64028,0xDDFAC40)
122:346  0:000     - searching for that partition
122:346  0:000      - found entry 0. 'Boot macOS from Macintosh SSD', Volume 'Macintosh SSD'
122:346  0:000  Boot redirected to Entry 0. 'Boot macOS from Macintosh SSD'
122:346  0:000  AnimeRun=0
126:707  4:361  AnimeRun=0
129:866  3:159  BootVariable of the entry is empty
129:866  0:000  === [ StartLoader ] =============================
129:866  0:000  Starting PcieRoot(0x0)\Pci(0x1F,0x2)\Ata(0x0)\HD(2,GPT,60FEEF84-B3C7-43BF-A97C-3A5E57882649,0x64028,0xDDFAC40)\System\Library\CoreServices\boot.efi
129:866  0:000  Finally: ExternalClock=328MHz BusSpeed=327976kHz CPUFreq=2788MHz PIS: hw.busfrequency=1312000000Hz
129:866  0:000  Beginning OC
129:866  0:000  OCST: Missing vault data, ignoring...
129:875  0:008  config-oc.plist isn't use at all
129:875  0:000  AddKextsInArray from Other
129:875  0:000  ->Extra kext: Other\AppleALC.kext (v.1.2.8)
129:875  0:000  ->Extra kext: Other\AtherosE2200Ethernet.kext (v.2.2.0)
129:875  0:000  ->Extra kext: Other\CodecCommander.kext (v.2.6.3)
129:875  0:000  ->Extra kext: Other\FakeSMC.kext (v.1765)
129:875  0:000  ->Extra kext: Other\IntelGraphicsFixup.kext (v.1.2.7)
129:875  0:000  ->Extra kext: Other\IntelMausiEthernet.kext (v.2.2.0)
129:875  0:000  ->Extra kext: Other\Lilu.kext (v.1.2.4)
129:875  0:000  ->Extra kext: Other\NullCPUPowerManagement.kext (v.1.0.0d2)
129:875  0:000  ->Extra kext: Other\RealtekRTL8111.kext (v.2.2.1)
129:875  0:000  ->Extra kext: Other\SmallTreeIntel82576.kext (v.1.0.6)
129:875  0:000  ->Extra kext: Other\USBInjectAll.kext (v.0.6.5)
129:875  0:000  ->Extra kext: Other\VirtualSMC.kext (v.1.1.1)
129:875  0:000  ->Extra kext: Other\WhateverGreen.kext (v.1.3.7)
129:875  0:000  ->Extra kext: Other\XHCI-200-series-injector.kext (v.0.5.0)
129:875  0:000  ->Extra kext: Other\XHCI-300-series-injector.kext (v.0.5.0)
129:875  0:000  ->Extra kext: Other\XHCI-x99-injector.kext (v.0.5.0)
129:875  0:000  GetOtherKextsDir(FALSE) return NULL
129:875  0:000  AddKextsInArray from 10
129:875  0:000  AddKextsInArray from 10_normal
129:875  0:000  AddKextsInArray from 10.13
129:875  0:000  AddKextsInArray from 10.13_normal
129:875  0:000  AddKextsInArray from 10.13.6
129:875  0:000  AddKextsInArray from 10.13.6_normal
129:875  0:000  Bridge kext to OC : Path=Lilu.kext
129:875  0:000  info plist path: Kexts\Other\Lilu.kext\Contents\Info.plist
129:877  0:001  assign executable as 'Contents\MacOS\Lilu'
129:877  0:000  Bridge kext to OC : Path=VirtualSMC.kext
129:877  0:000  info plist path: Kexts\Other\VirtualSMC.kext\Contents\Info.plist
129:878  0:001  assign executable as 'Contents\MacOS\VirtualSMC'
129:878  0:000  Bridge kext to OC : Path=WhateverGreen.kext
129:878  0:000  info plist path: Kexts\Other\WhateverGreen.kext\Contents\Info.plist
129:879  0:000  assign executable as 'Contents\MacOS\WhateverGreen'
129:879  0:000  Bridge kext to OC : Path=AppleALC.kext
129:879  0:000  info plist path: Kexts\Other\AppleALC.kext\Contents\Info.plist
129:892  0:013  assign executable as 'Contents\MacOS\AppleALC'
129:892  0:000  Bridge kext to OC : Path=AtherosE2200Ethernet.kext
129:892  0:000  info plist path: Kexts\Other\AtherosE2200Ethernet.kext\Contents\Info.plist
129:893  0:000  assign executable as 'Contents\MacOS\AtherosE2200Ethernet'
129:893  0:000  Bridge kext to OC : Path=CodecCommander.kext
129:893  0:000  info plist path: Kexts\Other\CodecCommander.kext\Contents\Info.plist
129:895  0:001  assign executable as 'Contents\MacOS\CodecCommander'
129:895  0:000  Bridge kext to OC : Path=FakeSMC.kext
129:895  0:000  info plist path: Kexts\Other\FakeSMC.kext\Contents\Info.plist
129:897  0:001  assign executable as 'Contents\MacOS\FakeSMC'
129:897  0:000  Bridge kext to OC : Path=IntelGraphicsFixup.kext
129:897  0:000  info plist path: Kexts\Other\IntelGraphicsFixup.kext\Contents\Info.plist
129:897  0:000  assign executable as 'Contents\MacOS\IntelGraphicsFixup'
129:897  0:000  Bridge kext to OC : Path=IntelMausiEthernet.kext
129:897  0:000  info plist path: Kexts\Other\IntelMausiEthernet.kext\Contents\Info.plist
129:897  0:000  assign executable as 'Contents\MacOS\IntelMausiEthernet'
129:897  0:000  Bridge kext to OC : Path=NullCPUPowerManagement.kext
129:897  0:000  info plist path: Kexts\Other\NullCPUPowerManagement.kext\Contents\Info.plist
129:897  0:000  assign executable as 'Contents\MacOS\NullCPUPowerManagement'
129:897  0:000  Bridge kext to OC : Path=RealtekRTL8111.kext
129:897  0:000  info plist path: Kexts\Other\RealtekRTL8111.kext\Contents\Info.plist
129:898  0:000  assign executable as 'Contents\MacOS\RealtekRTL8111'
129:898  0:000  Bridge kext to OC : Path=SmallTreeIntel82576.kext
129:898  0:000  info plist path: Kexts\Other\SmallTreeIntel82576.kext\Contents\Info.plist
129:898  0:000  assign executable as 'Contents\MacOS\SmallTreeIntel82576'
129:898  0:000  Bridge kext to OC : Path=USBInjectAll.kext
129:898  0:000  info plist path: Kexts\Other\USBInjectAll.kext\Contents\Info.plist
129:906  0:008  assign executable as 'Contents\MacOS\USBInjectAll'
129:906  0:000  Bridge kext to OC : Path=XHCI-200-series-injector.kext
129:906  0:000  info plist path: Kexts\Other\XHCI-200-series-injector.kext\Contents\Info.plist
129:906  0:000  Bridge kext to OC : Path=XHCI-300-series-injector.kext
129:906  0:000  info plist path: Kexts\Other\XHCI-300-series-injector.kext\Contents\Info.plist
129:906  0:000  Bridge kext to OC : Path=XHCI-x99-injector.kext
129:907  0:000  info plist path: Kexts\Other\XHCI-x99-injector.kext\Contents\Info.plist
129:910  0:003  Load OpenRuntime.efi : Status Not Found
129:910  0:000  Start OpenRuntime.efi : Status Invalid Parameter
129:910  0:000  OC: OcMiscEarlyInit...
129:914  0:004  OC: Watchdog status is 1
129:916  0:001  OC: OpenCore DBG-061-2021-02-23 is loading in Optional mode (0/0)...
129:918  0:002  OC: Boot timestamp - 2021.03.02 09:57:05
129:920  0:001  OCCPU: Found Intel(R) Core(TM)2 Quad CPU    Q9500  @ 2.83GHz
129:923  0:003  OCCPU: Signature 1067A Stepping A Model 17 Family 6 Type 0 ExtModel 1 ExtFamily 0 uCode A07
129:925  0:001  OCCPU: EIST CFG Lock 0
129:927  0:001  OCCPU: Ratio Min 0 Max 8 Current 0 Turbo 0 0 0 0
130:029  0:102  TscFrequency 2787793019
130:031  0:002  OCCPU: Detected Apple Processor Type: 04 -> 0402
130:033  0:002  OCCPU: CPUFrequencyFromTSC  2787793019Hz  2787MHz
130:035  0:001  OCCPU: CPUFrequency  2787793019Hz  2787MHz
130:043  0:007  OCCPU: FSBFrequency   348474127Hz   348MHz
130:064  0:020  OCCPU: Pkg 0 Cores 4 Threads 4
130:066  0:001  OC: OcLoadNvramSupport...
130:068  0:001  OC: Current version is DBG-061-2021-02-23
130:070  0:001  OC: OcMiscMiddleInit...
130:072  0:001  OC: LoadHandle 0 with BootProtect in  mode - Unsupported
130:074  0:002  OC: OcLoadUefiSupport...
130:076  0:002  OcAppleEventInstallProtocol
130:078  0:001  InternalCreateQueueEvent
130:080  0:001  EventCreateSimplePointerInstallNotifyEvent
130:083  0:003  InternalSimplePointerInstallNotifyFunction
130:085  0:001  InternalRegisterSimplePointerInterface
130:087  0:001  InternalRegisterSimplePointerInterface
130:089  0:001  InternalRegisterSimplePointerInterface
130:091  0:002  OcOSInfoInstallProtocol
130:094  0:002  OCRTC: OcAppleRtcRamInstallProtocol
130:096  0:002  OCRTC: Wake log is 0xD4 0x10   5 0xFC
130:097  0:001  OcAppleFbInfoInstallProtocol
130:099  0:001  OC: Loading Apple Secure Boot with Disabled (level 0)
130:101  0:002  OCABC: RTDFRG 0 DEVMMIO 0 NOSU 0 NOVRWR 0 NOSB 0 NOHBMAP 0 SMSLIDE 0 WRUNPROT 0
130:105  0:003  OCABC: FEXITBS 0 PRMRG 0 CSLIDE 0 MSLIDE 0 PRSRV 0 RBMAP 0 VMAP 0 APPLOS 0 RTPERMS 0
130:107  0:001  OCABC: Awaiting rendezvous with OpenRuntime r11
130:109  0:001  OC: RBVR 0 DDBR 0
130:111  0:001  OC: Got 0 drivers
130:113  0:002  OCC: GOP exists on ConsoleOutHandle and has 5 modes
130:115  0:001  OC: Requested resolution is 1366x768@0 (max: 0) from 1366x768
130:117  0:001  OCC: Requesting 1366x768@0 (max: 0) resolution, curr 3, total 5
130:120  0:003  OCC: Mode 0 - 640x480:1
130:122  0:001  OCC: Mode 1 - 800x600:1
130:124  0:002  OCC: Mode 2 - 1024x768:1
130:126  0:001  OCC: Mode 3 - 1280x1024:1
130:128  0:001  OCC: Mode 4 - 1600x1200:1
130:130  0:001  OCC: No compatible mode for 1366x768@0 (max: 0) resolution
130:132  0:001  OC: Changed resolution to 1366x768@0 (max: 0) from 1366x768 - Not Found
130:134  0:002  OCC: Using builtin text renderer with 1 scale
130:170  0:036  OCC: Install console control (C9C266A0/0/0), current - Success
130:174  0:003  OCC: Setup ASCII Output - Success
130:176  0:001  OC: Requested console mode is 0x0 (max: 0) from 
130:178  0:001  OC: Requested not to use audio
130:180  0:001  OC: OcMiscLateInit...
130:182  0:001  OC: Invalid HibernateMode: 
130:184  0:002  OC: Translated HibernateMode  to 0
130:186  0:001  OC: Hibernation detection status is Not Found
130:188  0:001  OC: Panic log does not exist
130:189  0:001  OC: OcLoadKernelSupport...
130:191  0:001  OC: All green, starting boot management...
130:198  0:006  OCB: Arch filtering C82FE018(576056)->C82FE018(576056) caps 4 - Success
130:235  0:037  GetOSVersion: 10.13.6 (17G66)
130:235  0:000  Will not patch boot.efi
130:235  0:000  === [ PatchSmbios ] =============================
130:235  0:000  insert table 9 for dev 0:0
130:235  0:000  insert table 9 for dev 0:0
130:236  0:000  Trusting SMBIOS...
130:236  0:000  Detected alternating SMBIOS channel banks
130:236  0:000  Channels: 2
130:236  0:000  Interleave: 0 2 1 3 4 6 5 7 8 10 9 11 12 14 13 15 16 18 17 19 20 22 21 23
130:236  0:000  trusted SMBIOS data:
130:236  0:000  SmbiosTable.Type17->Vendor = Manufacturer0
130:236  0:000  SmbiosTable.Type17->SerialNumber = SerNum0
130:236  0:000  SmbiosTable.Type17->PartNumber = PartNum0
130:236  0:000   partNum=PartNum0
130:236  0:000  SPD data in use:
130:236  0:000  SmbiosTable.Type17->Vendor = Kingston
130:236  0:000  SmbiosTable.Type17->SerialNumber = 4BCC9297
130:236  0:000  SmbiosTable.Type17->PartNumber = 
130:236  0:000  SMBIOS Type 17 Index = 0 => 0 0:
130:236  0:000   DIMM1 800MHz 2048MB(Ext:827149641MB)
130:236  0:000  trusted SMBIOS data:
130:236  0:000  SmbiosTable.Type17->Vendor = Manufacturer1
130:236  0:000  SmbiosTable.Type17->SerialNumber = SerNum1
130:236  0:000  SmbiosTable.Type17->PartNumber = PartNum1
130:236  0:000   partNum=PartNum1
130:236  0:000  SPD data in use:
130:236  0:000  SmbiosTable.Type17->Vendor = SK Hynix
130:236  0:000  SmbiosTable.Type17->SerialNumber = 00004012
130:236  0:000  SmbiosTable.Type17->PartNumber = HMP125U6EFR8C-S6
130:236  0:000  SMBIOS Type 17 Index = 1 => 1 2:
130:236  0:000   DIMM2 800MHz 2048MB(Ext:843926857MB)
130:236  0:000  mTotalSystemMemory = 4096
130:236  0:000  NumberOfMemoryDevices = 2
130:236  0:000  Type20[0]->End = 0x1FFFFF, Type17[0] = 800
130:236  0:000  Type20[1]->End = 0x3FFFFF, Type17[1] = 1800
130:236  0:000  === [ PatchACPI ] ===============================
130:236  0:000  Xsdt is not found! Creating new one
130:236  0:000  RsdPointer is Acpi 1.0 - creating new one Acpi 2.0
130:236  0:000  RsdPointer Acpi 2.0 installed
130:236  0:000  RSDT entries = 7
130:236  0:000  Xsdt reallocation done
130:236  0:000  old FADT length=84
130:236  0:000   SignatureFixup: 0x0 -> 0x0
130:236  0:000  Apply DsdtFixMask=0x00009755
130:236  0:000  === [ FixBiosDsdt ] =============================
130:237  0:000  found PIC had IRQNoFlag will move -3 bytes
130:237  0:000  Start HPET Fix
130:237  0:000  Start Display0 Fix
130:237  0:000  add device GFX0
130:237  0:000  Skipping Method(_DSM) for 10DE card
130:237  0:000  patch Display #0 of Vendor=0x10DE
130:237  0:000  Name HDAC present at 0x3F09, renaming to HDEF
130:237  0:000  Name HDAC present at 0x424F, renaming to HDEF
130:238  0:000  PreCleanup XSDT: count=7, length=92
130:238  0:000  PreCleanup XSDT, corrected XSDT: count=7, length=92
130:238  0:000  === [ ACPIDropTables ] ==========================
130:238  0:000  ApicCPUNum=4
130:238  0:000  Drop tables from XSDT, SIGN=APIC TableID= Length=0
130:238  0:000   Table[1]: APIC  APIC2110  108 dropped
130:238  0:000  Found subtable in MADT: type=0
130:238  0:000  AcpiProcessorId: 0x01
130:238  0:000  Found subtable in MADT: type=0
130:238  0:000  AcpiProcessorId: 0x02
130:238  0:000  Found subtable in MADT: type=0
130:238  0:000  AcpiProcessorId: 0x03
130:238  0:000  Found subtable in MADT: type=0
130:238  0:000  AcpiProcessorId: 0x04
130:238  0:000  Found subtable in MADT: type=1
130:238  0:000  Found subtable in MADT: type=2
130:238  0:000  Found subtable in MADT: type=2
130:238  0:000  ApicTable new Length=132
130:238  0:000  New APIC table successfully inserted
130:238  0:000  Initial control=0x4825
130:238  0:000  Maximum control=0x4825
130:238  0:000  UnderVoltStep=0
130:238  0:000  PLimitDict=0
130:238  0:000  PStates count=6
130:238  0:000  SSDT with CPU P-States generated successfully
130:238  0:000  SSDT with CPU C-States generated successfully
130:238  0:000  Cleanup XSDT: count=10, length=116
130:238  0:000  corrected XSDT count=9, length=108
130:238  0:000  === [ RestSetup macOS ] =========================
130:238  0:000  mem_detected 256Mb
130:240  0:001  read_nVidia_ROM
130:240  0:000  Using PRAMIN fixups
130:325  0:085  version 60.84.49.00.00
130:325  0:000  nVidia MSI GeForce 8600 GT  256MB NV84 [10DE:0402] :: PcieRoot(0x0)\Pci(0x1,0x0)\Pci(0x0,0x0) => device #1
130:325  0:000  Nvidia: VideoPorts: undefined, default to: 2
130:325  0:000  set NVCAP: 04000000-00000300-0C000000-00000007-00000000
130:325  0:000   setting specified layout-id=1 (0x1)
130:326  0:000  stringlength = 3730
130:326  0:000  CurrentMode: Width=1280 Height=1024
130:326  0:000  SetNvramVariable (FirmwareFeaturesMask, guid, 0x6, 4):
130:326  0:000   -> writing new (Success)
130:326  0:000  SetNvramVariable (HW_BID, guid, 0x6, 20):
130:326  0:000   -> writing new (Success)
130:326  0:000  SetNvramVariable (security-mode, guid, 0x7, 5):
130:326  0:000  set DefaultBackgroundColor=0x0
130:326  0:000  DeleteNvramVariable (ActualDensity, guid = Success):
130:326  0:000  DeleteNvramVariable (DensityThreshold, guid = Success):
130:326  0:000  DeleteNvramVariable (EFILoginHiDPI, guid = Success):
130:326  0:000  DeleteNvramVariable (flagstate, guid = Success):
130:326  0:000  DeleteNvramVariable (csr-active-config, guid = Success):
130:326  0:000  DeleteNvramVariable (bootercfg, guid = Not Found):
130:326  0:000  DeleteNvramVariable (nvda_drv, guid = Not Found):
130:326  0:000  DeleteNvramVariable (recovery-boot-mode, guid = Not Found):
130:326  0:000  SetNvramVariable (wake-failure, guid, 0x7, 5):
130:326  0:000   -> writing new (Success)
130:326  0:000  Use origin smbios table type 1 guid.
130:326  0:000  SetStartupDiskVolume:
130:326  0:000    * Volume: 'Macintosh SSD'
130:326  0:000    * LoaderPath: ''
130:326  0:000    * DevPath: Macintosh SSD
130:326  0:000    * GUID = 60FEEF84-B3C7-43BF-A97C-3A5E57882649
130:326  0:000    * efi-boot-device: <array><dict><key>IOMatch</key><dict><key>IOProviderClass</key><string>IOMedia</string><key>IOPropertyMatch</key><dict><key>UUID</key><string>60FEEF84-B3C7-43BF-A97C-3A5E57882649</string></dict></dict></dict></array>
130:326  0:000  Custom boot screen not used because entry has unset use graphics
130:327  0:000  DeleteNvramVariable (IOHibernateRTCVariables, guid = Not Found):
130:327  0:000  DeleteNvramVariable (boot-image, guid = Not Found):
130:327  0:000  Closing log
130:327  0:000  OC: Supported boot capabilities 4
130:331  0:003  OCOS: OS set: <null> Mac OS X 10.12
130:334  0:003  OCOS: OS set: Apple Inc. Mac OS X 10.12
130:336  0:001  OCOS: Should use black background
130:339  0:003  OC: Opening file System\Library\Kernels\kernel with 1 mode gave - Success
130:341  0:002  OC: Opening file \System\Library\CoreServices\com.apple.Boot.plist with 1 mode gave - Not Found
130:343  0:002  OC: Opening file Library\Preferences\SystemConfiguration\com.apple.Boot.plist with 1 mode gave - Success
130:346  0:002  OC: Opening file \System\Library\CoreServices\PlatformSupport.plist with 1 mode gave - Success
130:350  0:004  OC: Opening file \System\Library\CoreServices\boot.efi with 1 mode gave - Success
130:362  0:011  OC: Opening file System\Library\PrelinkedKernels\prelinkedkernel.development with 1 mode gave - Not Found
130:364  0:002  OC: Opening file System\Library\PrelinkedKernels\prelinkedkernel with 1 mode gave - Success
130:393  0:029  OC: Kext reservation size info 578000 exe 313000
130:398  0:004  OC: Trying 64-bit XNU hook on System\Library\PrelinkedKernels\prelinkedkernel
131:102  0:704  OCAK: Compressed result has C3702018 magic
131:123  0:020  OCAK: Found 64-bit Mach-O compressed 1 offset 28 size 52113408
131:140  0:016  OC: Result of 64-bit XNU hook on System\Library\PrelinkedKernels\prelinkedkernel (00000000) is Success
131:212  0:072  OCAK: Read kernel version 17.7.0 (170700)
131:280  0:067  OCAK: Reducing prelink size from 31B3000 to 2F24000 via plist
131:296  0:015  OCAK: as.vit9696.Lilu got KXLD 0 0
131:312  0:015  OCAK: Requesting __LINKEDIT for as.vit9696.Lilu - C66263E8 at 2F24000
131:344  0:032  OCAK: Requesting SymbolTable for as.vit9696.Lilu - 494
131:376  0:032  OCAK: Requesting __LINKEDIT for __kernel__ - 0 at 0
131:393  0:017  OCAK: Requesting SymbolTable for __kernel__ - 22893
131:434  0:040  OCAK: com.apple.kpi.bsd got KXLD 0 0
131:464  0:030  OCAK: Requesting __LINKEDIT for com.apple.kpi.bsd - C443F038 at D3D000
131:480  0:016  OCAK: Requesting SymbolTable for com.apple.kpi.bsd - 832
131:497  0:017  OCAK: com.apple.kpi.dsep got KXLD 0 0
131:526  0:028  OCAK: Requesting __LINKEDIT for com.apple.kpi.dsep - C48A5038 at 11A3000
131:552  0:026  OCAK: Requesting SymbolTable for com.apple.kpi.dsep - 37
131:568  0:015  OCAK: com.apple.kpi.iokit got KXLD 0 0
131:584  0:015  OCAK: Requesting __LINKEDIT for com.apple.kpi.iokit - C441D038 at D1B000
131:599  0:015  OCAK: Requesting SymbolTable for com.apple.kpi.iokit - 2155
131:627  0:028  OCAK: com.apple.kpi.libkern got KXLD 0 0
131:642  0:014  OCAK: Requesting __LINKEDIT for com.apple.kpi.libkern - C43FE038 at CFC000
131:672  0:029  OCAK: Requesting SymbolTable for com.apple.kpi.libkern - 897
131:687  0:014  OCAK: com.apple.kpi.mach got KXLD 0 0
131:715  0:028  OCAK: Requesting __LINKEDIT for com.apple.kpi.mach - C440C038 at D0A000
131:730  0:014  OCAK: Requesting SymbolTable for com.apple.kpi.mach - 70
131:745  0:015  OCAK: com.apple.kpi.unsupported got KXLD 0 0
131:775  0:029  OCAK: Requesting __LINKEDIT for com.apple.kpi.unsupported - C448C038 at D8A000
131:804  0:028  OCAK: Requesting SymbolTable for com.apple.kpi.unsupported - 262
131:829  0:024  OC: Prelinked injection Kexts\Other\Lilu.kext () - Success
131:844  0:015  OCAK: as.vit9696.VirtualSMC got KXLD 0 0
131:872  0:028  OCAK: Requesting __LINKEDIT for as.vit9696.VirtualSMC - C6649438 at 2F47000
131:887  0:014  OCAK: Requesting SymbolTable for as.vit9696.VirtualSMC - 448
131:902  0:015  OCAK: Requesting SymbolTable for as.vit9696.Lilu - 122
131:931  0:029  OCAK: com.apple.iokit.IOACPIFamily got KXLD 0 0
131:948  0:016  OCAK: Requesting __LINKEDIT for com.apple.iokit.IOACPIFamily - C4FBA398 at 18B8000
131:975  0:027  OCAK: Requesting SymbolTable for com.apple.iokit.IOACPIFamily - 167
131:991  0:015  OCAK: com.apple.kpi.private got KXLD 0 0
132:006  0:014  OCAK: Requesting __LINKEDIT for com.apple.kpi.private - C4410038 at D0E000
132:035  0:029  OCAK: Requesting SymbolTable for com.apple.kpi.private - 924
132:064  0:029  OC: Prelinked injection Kexts\Other\VirtualSMC.kext () - Invalid Parameter
132:095  0:030  OCAK: as.vit9696.WhateverGreen got KXLD 0 0
132:110  0:015  OCAK: Requesting __LINKEDIT for as.vit9696.WhateverGreen - C66493E8 at 2F47000
132:140  0:030  OCAK: Requesting SymbolTable for as.vit9696.WhateverGreen - 403
132:156  0:016  OCAK: com.apple.iokit.IOPCIFamily got KXLD 0 0
132:173  0:016  OCAK: Requesting __LINKEDIT for com.apple.iokit.IOPCIFamily - C44923E8 at D90000
132:203  0:030  OCAK: Requesting SymbolTable for com.apple.iokit.IOPCIFamily - 680
132:237  0:033  OC: Prelinked injection Kexts\Other\WhateverGreen.kext () - Invalid Parameter
132:272  0:035  OCAK: as.vit9696.AppleALC got KXLD 0 0
132:288  0:016  OCAK: Requesting __LINKEDIT for as.vit9696.AppleALC - C66493E8 at 2F47000
132:307  0:018  OCAK: Requesting SymbolTable for as.vit9696.AppleALC - 1543
132:351  0:043  OC: Prelinked injection Kexts\Other\AppleALC.kext () - Success
132:365  0:014  OCAK: com.insanelymac.AtherosE2200Ethernet got KXLD 0 0
132:382  0:017  OCAK: Requesting __LINKEDIT for com.insanelymac.AtherosE2200Ethernet - C672E398 at 302C000
132:413  0:030  OCAK: Requesting SymbolTable for com.insanelymac.AtherosE2200Ethernet - 1001
132:447  0:033  OCAK: com.apple.iokit.IONetworkingFamily got KXLD 0 0
132:465  0:017  OCAK: Requesting __LINKEDIT for com.apple.iokit.IONetworkingFamily - C51763E8 at 1A74000
132:482  0:017  OCAK: Requesting SymbolTable for com.apple.iokit.IONetworkingFamily - 1038
132:536  0:053  OC: Prelinked injection Kexts\Other\AtherosE2200Ethernet.kext () - Success
132:554  0:017  OCAK: org.tw.CodecCommander got KXLD 0 0
132:587  0:033  OCAK: Requesting __LINKEDIT for org.tw.CodecCommander - C6743398 at 3041000
132:603  0:016  OCAK: Requesting SymbolTable for org.tw.CodecCommander - 1122
132:618  0:014  OCAK: com.apple.iokit.IOAudioFamily got KXLD 0 0
132:649  0:030  OCAK: Requesting __LINKEDIT for com.apple.iokit.IOAudioFamily - C4835438 at 1133000
132:665  0:016  OCAK: Requesting SymbolTable for com.apple.iokit.IOAudioFamily - 1353
132:681  0:016  OCAK: com.apple.vecLib.kext got KXLD 0 0
132:713  0:031  OCAK: Requesting __LINKEDIT for com.apple.vecLib.kext - C478A258 at 1088000
132:743  0:029  OCAK: Requesting SymbolTable for com.apple.vecLib.kext - 57
132:759  0:016  OCAK: com.apple.kec.Libm got KXLD 0 0
132:775  0:015  OCAK: Requesting __LINKEDIT for com.apple.kec.Libm - C477A1B8 at 1078000
132:805  0:029  OCAK: Requesting SymbolTable for com.apple.kec.Libm - 77
132:847  0:042  OC: Prelinked injection Kexts\Other\CodecCommander.kext () - Success
132:864  0:016  OCAK: org.netkas.driver.FakeSMC got KXLD 0 0
132:893  0:029  OCAK: Requesting __LINKEDIT for org.netkas.driver.FakeSMC - C675A3E8 at 3058000
132:908  0:015  OCAK: Requesting SymbolTable for org.netkas.driver.FakeSMC - 760
132:959  0:050  OC: Prelinked injection Kexts\Other\FakeSMC.kext () - Success
132:975  0:016  OCAK: as.lvs1974.IntelGraphicsFixup got KXLD 0 0
132:989  0:014  OCAK: Requesting __LINKEDIT for as.lvs1974.IntelGraphicsFixup - C67773E8 at 3075000
133:019  0:029  OCAK: Requesting SymbolTable for as.lvs1974.IntelGraphicsFixup - 712
133:059  0:040  OC: Prelinked injection Kexts\Other\IntelGraphicsFixup.kext () - Success
133:076  0:016  OCAK: com.insanelymac.IntelMausiEthernet got KXLD 0 0
133:092  0:016  OCAK: Requesting __LINKEDIT for com.insanelymac.IntelMausiEthernet - C67D2398 at 30D0000
133:122  0:029  OCAK: Requesting SymbolTable for com.insanelymac.IntelMausiEthernet - 2063
133:151  0:029  OC: Prelinked injection Kexts\Other\IntelMausiEthernet.kext () - Success
133:167  0:015  OCAK: org.tgwbd.driver.NullCPUPowerManagement got KXLD 0 0
133:197  0:030  OCAK: Requesting __LINKEDIT for org.tgwbd.driver.NullCPUPowerManagement - C67FB348 at 30F9000
133:213  0:015  OCAK: Requesting SymbolTable for org.tgwbd.driver.NullCPUPowerManagement - 426
133:251  0:038  OC: Prelinked injection Kexts\Other\NullCPUPowerManagement.kext () - Success
133:268  0:016  OCAK: com.insanelymac.RealtekRTL8111 got KXLD 0 0
133:284  0:016  OCAK: Requesting __LINKEDIT for com.insanelymac.RealtekRTL8111 - C6804398 at 3102000
133:316  0:031  OCAK: Requesting SymbolTable for com.insanelymac.RealtekRTL8111 - 566
133:359  0:043  OC: Prelinked injection Kexts\Other\RealtekRTL8111.kext () - Success
133:376  0:016  OCAK: com.smalltree.driver.SmallTreeIntel82576 got KXLD 0 0
133:392  0:016  OCAK: Requesting __LINKEDIT for com.smalltree.driver.SmallTreeIntel82576 - C6875398 at 3173000
133:422  0:030  OCAK: Requesting SymbolTable for com.smalltree.driver.SmallTreeIntel82576 - 974
133:455  0:032  OC: Prelinked injection Kexts\Other\SmallTreeIntel82576.kext () - Success
133:488  0:033  OCAK: com.rehabman.driver.USBInjectAll got KXLD 0 0
133:504  0:015  OCAK: Requesting __LINKEDIT for com.rehabman.driver.USBInjectAll - C68A3398 at 31A1000
133:534  0:030  OCAK: Requesting SymbolTable for com.rehabman.driver.USBInjectAll - 350
133:562  0:027  OC: Prelinked injection Kexts\Other\USBInjectAll.kext () - Success
133:578  0:016  OC: Prelinked injection Kexts\Other\XHCI-200-series-injector.kext () - Success
133:607  0:028  OC: Prelinked injection Kexts\Other\XHCI-300-series-injector.kext () - Success
133:624  0:016  OC: Prelinked injection Kexts\Other\XHCI-x99-injector.kext () - Success
133:652  0:028  OC: Prelink size 52084736 kext offset 49430528 reserved 3223552
133:717  0:064  OC: Prelinked status - Success
133:827  0:109  FixOwnership() -> begin
133:827  0:000  USB UHCI Base=C481 PortBase=624
133:828  0:001  USB UHCI reset for device 27C8
133:828  0:000  USB UHCI Base=C801 PortBase=640
133:829  0:001  USB UHCI reset for device 27C9
133:829  0:000  USB UHCI Base=C881 PortBase=644
133:830  0:001  USB UHCI reset for device 27CA
133:830  0:000  USB UHCI Base=CC01 PortBase=660
133:831  0:001  USB UHCI reset for device 27CB
133:831  0:000  Base=F9EFBC00 Oper=F9EFBC20 eecp=68
133:831  0:000  usbcmd=00080000 usbsts=00001000 usbintr=00000000
133:831  0:000  usblegsup=01000001 isOSowned=1 isBIOSowned=0 usblegctlsts=40002000
133:831  0:000  usbcmd=00080000 usbsts=00001000 usbintr=00000000
133:831  0:000  usbcmd=00080000 usbsts=00001000 usbintr=00000000
133:831  0:000  usblegsup=00000001 isOSowned=0 isBIOSowned=0 usblegctlsts=20000000
133:831  0:000  Legacy USB Off Done
133:832  0:000  USB EHCI Ownership for device 27CC value=1000001
133:832  0:000  ++++++++++++++++++++++++++++++++
