0:100  0:100  MemLog inited, TSC freq: 2787795335
0:100  0:000  CPU was calibrated with ACPI PM Timer
0:100  0:000  LegacyRegion2: Chipset/proc: 0x29C08086
0:100  0:000   Intel Series 4 and similar (PAM 0x90-0x96)
0:100  0:000   Test PAM1=(0x41=90, 0x5a=00, 0x81=00, 0x91=11) at chipset 29C08086
0:100  0:000  , Install = Success
0:108  0:008  BiosVideoDriverBindingStart!
0:108  0:000  BiosVideoCheckForVbe
0:108  0:000  EdidOverride not found
0:335  0:226   Edid1-
0:562  0:226   Edid0-
0:748  0:186   Edid1-
0:810  0:062   Edid0+
0:810  0:000   found Detail Timing 1366x768
0:823  0:012     0 640x480 attr=3BF - ok, edid+, 640x480, working, highest, pref=0
0:823  0:000     1 800x600 attr=3BF - ok, edid+, 800x600, working, highest, pref=1
0:824  0:000     2 1024x768 attr=3BF - ok, edid+, 1024x768, working, highest, pref=2
0:824  0:000     3 1280x1024 attr=3BF - ok, edid+, working, highest, pref=3
0:827  0:003     4 1600x1200 attr=3BF - ok, edid-
0:827  0:000  BV new mode: 3 1280x1024
1:134  0:307   SetMode pref 3 (3) = Success
7:072  5:938  CloverX64 : Image base = 0xC9AFB000
7:072  0:000  
7:072  0:000  Now is 02.03.2021,  09:22:55 (GMT)
7:072  0:000  Starting Clover revision: 5131 (master, commit 949da631b) on CLOVER EFI
7:072  0:000  Build id: 20210221183006-949da63-5131-dirty
7:072  0:000  Build with: [Args: -D NO_GRUB_DRIVERS_EMBEDDED -D LESS_DEBUG -t GCC53 | -D NO_GRUB_DRIVERS_EMBEDDED -D LESS_DEBUG --conf=/Users/sergey/src/CloverBootloader/Conf -D USE_LOW_EBDA -a X64 -b RELEASE -t GCC53 -n 5 | OS: 10.14.6]
7:076  0:004  SimpleTextEx Status=Success
7:076  0:000  === [ GetDefaultSettings ] ======================
7:076  0:000  === [ Get Smbios ] ==============================
7:077  0:000  Type 16 Index = 0
7:077  0:000  Total Memory Slots Count = 2
7:077  0:000  Type 17 Index = 0
7:077  0:000  Ignoring insane frequency value 0MHz
7:077  0:000  Type 17 Index = 1
7:077  0:000  Ignoring insane frequency value 0MHz
7:077  0:000  Boot status=0
7:077  0:000  Running on: 'To Be Filled By O.E.M.' with board 'G31M-S. '
7:077  0:000  === [ GetCPUProperties ] ========================
7:077  0:000  CPU Vendor = 756E6547 Model=1067A
7:077  0:000   The CPU supported SSE4.1
7:077  0:000  BrandString = Intel(R) Core(TM)2 Quad CPU    Q9500  @ 2.83GHz
7:077  0:000  got cores from CPUID_1 = 4
7:077  0:000   The CPU not supported turbo
7:077  0:000   Energy PerfBias is  not visible:
7:077  0:000  MSR dumps:
7:077  0:000  	@0x00CD=80000a04
7:077  0:000  	@0x0198=616482506004825
7:077  0:000  FSBFrequency = 334 MHz, DMI FSBFrequency = 333 MHz, Corrected FSBFrequency = 333 MHz
7:077  0:000  MaxDiv/MinDiv: 8.5/6
7:077  0:000  Turbo: 9/0/0/0
7:077  0:000  Features: 0x408E3BDBFEBFBFF
7:077  0:000  Threads: 4
7:077  0:000  Cores: 4
7:077  0:000  FSB: 333 MHz
7:077  0:000  CPU: 2833 MHz
7:077  0:000  TSC: 2833 MHz
7:077  0:000  PIS: 1333 MHz
7:077  0:000  ExternalClock: 333 MHz
7:077  0:000  === [ GetDefaultCpuSettings ] ===================
7:077  0:000  === [ GetDevices ] ==============================
7:077  0:000  GOP found at: PcieRoot(0x0)/Pci(0x1,0x0)/Pci(0x0,0x0)/AcpiAdr(0x80010100)
7:077  0:000  PCI (00|00:00.00) : 8086 29C0 class=060000
7:077  0:000  PCI (00|00:01.00) : 8086 29C1 class=060400
7:077  0:000  PCI (00|04:00.00) : 10DE 0402 class=030000
7:077  0:000   - GOP: Provided by device
7:077  0:000   - GFX: Model=MSI GeForce 8600 GT family 84 (Tesla)
7:077  0:000  PCI (00|00:1B.00) : 8086 27D8 class=040300
7:077  0:000  PCI (00|00:1C.00) : 8086 27D0 class=060400
7:077  0:000  PCI (00|00:1C.01) : 8086 27D2 class=060400
7:077  0:000  PCI (00|01:00.00) : 10EC 8136 class=020000
7:077  0:000   - LAN: 0 Vendor=Realtek
7:077  0:000  PCI (00|00:1D.00) : 8086 27C8 class=0C0300
7:077  0:000  PCI (00|00:1D.01) : 8086 27C9 class=0C0300
7:077  0:000  PCI (00|00:1D.02) : 8086 27CA class=0C0300
7:077  0:000  PCI (00|00:1D.03) : 8086 27CB class=0C0300
7:077  0:000  PCI (00|00:1D.07) : 8086 27CC class=0C0320
7:077  0:000  PCI (00|00:1E.00) : 8086 244E class=060401
7:077  0:000  PCI (00|00:1F.00) : 8086 27B8 class=060100
7:077  0:000  PCI (00|00:1F.02) : 8086 27C0 class=01018A
7:077  0:000  PCI (00|00:1F.03) : 8086 27DA class=0C0500
7:077  0:000  Clover load options size = 0 bytes
7:078  0:000  _checkOEMPath Look for oem dir at path '\EFI\CLOVER\OEM\To Be Filled By O.E.M.--00-00-00-00-00-00'. Dir doesn't exist.
7:078  0:000  _checkOEMPath Look for oem dir at path '\EFI\CLOVER\OEM\To Be Filled By O.E.M.'. Dir doesn't exist.
7:078  0:000  _checkOEMPath Look for oem dir at path '\EFI\CLOVER\OEM\To Be Filled By O.E.M.-2833'. Dir doesn't exist.
7:078  0:000  _checkOEMPath Look for oem dir at path '\EFI\CLOVER\OEM\G31M-S. '. Dir doesn't exist.
7:078  0:000  _checkOEMPath Look for oem dir at path '\EFI\CLOVER\OEM\G31M-S. -2833'. Dir doesn't exist.
7:079  0:001  Using config.plist at path: \EFI\CLOVER
7:079  0:000  \EFI\CLOVER\config.plist  loaded: Success
7:079  0:000  === [ GetListOfThemes ] =========================
7:079  0:000  - [00]: embedded
7:080  0:001  - [00]: random
7:081  0:001  - [00]: Aero
7:084  0:002  - [01]: Apocalypse
7:086  0:002  - [02]: Beauty
7:088  0:001  - [03]: BeautyDark
7:090  0:002  - [04]: BeautyX
7:092  0:002  - [05]: BGM
7:096  0:003  - [06]: Buttons
7:098  0:001  - [07]: Carbon
7:100  0:002  - [08]: Catalina
7:102  0:001  - [09]: Catalina4k
7:104  0:002  - [10]: Chamelia
7:106  0:001  - [11]: Circla
7:108  0:001  - [12]: Classical
7:109  0:001  - [13]: ClassicalDark
7:111  0:002  - [14]: Clovernity
7:113  0:002  - [15]: Crystal
7:115  0:001  - [16]: DarkBoot
7:117  0:002  - [17]: DarkBootX
7:120  0:002  - [18]: Emerald
7:123  0:003  - [19]: FlatCamp
7:124  0:001  - [20]: Glassy
7:126  0:002  - [21]: Gothic
7:128  0:002  - [22]: Greenify
7:130  0:001  - [23]: Hex256
7:132  0:001  - [24]: Hexagon
7:133  0:001  - [25]: HexagonDark
7:134  0:001  - [26]: HighSierra
7:137  0:002  - [27]: InsanelyLook
7:138  0:001  - [28]: Leather
7:140  0:001  - [29]: Lightness
7:141  0:001  - [30]: Luxury
7:142  0:001  - [31]: Luxury2.0
7:143  0:001  - [32]: Material
7:145  0:002  - [33]: MaterialBox
7:148  0:002  - [34]: MaterialDark
7:149  0:001  - [35]: metal
7:151  0:001  - [36]: Mojave
7:153  0:002  - [37]: Neon
7:155  0:002  - [38]: Nightwish
7:156  0:001  - [39]: Oceanix
7:158  0:002  - [40]: One
7:160  0:001  - [41]: Outlines
7:161  0:001  - [42]: QB
7:162  0:001  - [43]: Retina
7:165  0:002  - [44]: Romance
7:168  0:003  - [45]: SilverLight
7:170  0:001  - [46]: Smooth
7:172  0:001  - [47]: Sphere
7:174  0:001  - [48]: Underground
7:176  0:002  - [49]: Woody
7:178  0:001  - [50]: Xmas
7:180  0:002  - [51]: tonymacx86
7:181  0:000  === [ Found config plists ] =====================
7:183  0:001  - config.plist
7:184  0:001  === [ GetEarlyUserSettings ] ====================
7:184  0:000  timeout set to 3
7:184  0:000  Custom boot CUSTOM_BOOT_DISABLED (0x0)
7:185  0:000  Default theme: embedded
7:185  0:000  Hiding entries with string Windows
7:185  0:000  Hiding entries with string BOOTX64.EFI
7:185  0:000  === [ LoadDrivers ] =============================
7:187  0:002  Loading ApfsDriverLoader.efi  status=Success
7:189  0:001   - driver needs connecting
7:189  0:000  Loading AppleImageCodec.efi  status=Success
7:189  0:000  Loading AppleKeyAggregator.efi  status=Success
7:189  0:000  Loading AudioDxe.efi  status=Success
7:189  0:000   - driver needs connecting
7:189  0:000  Loading FSInject.efi  status=Success
7:189  0:000  Loading GrubEXFAT.efi  status=Success
7:190  0:000   - driver needs connecting
7:190  0:000  Loading GrubISO9660.efi  status=Success
7:190  0:000   - driver needs connecting
7:190  0:000  Loading GrubNTFS.efi  status=Success
7:191  0:000   - driver needs connecting
7:191  0:000  Loading GrubUDF.efi  status=Success
7:191  0:000   - driver needs connecting
7:191  0:000  Loading HFSPlus.efi  status=Success
7:192  0:000   - driver needs connecting
7:192  0:000  Loading NTFS.efi  status=Success
7:193  0:000   - driver needs connecting
7:193  0:000  Loading VirtualSmc.efi  status=Success
7:294  0:101  Loading XhciDxe.efi  status=Success
7:294  0:000   - driver needs connecting
7:294  0:000  Loading AppleUITheme.efi  status=Success
7:294  0:000  Loading FirmwareVolume.efi  status=Success
7:294  0:000  9 drivers needs connecting ...
7:294  0:000  PlatformDriverOverrideProtocol->GetDriver overriden
7:294  0:000  HFS+ driver loaded
7:294  0:000  APFS driver loaded
10:302  3:007  === [ InitScreen ] ==============================
10:302  0:000  Console modes reported: 4, available modes:
10:302  0:000   - [01]: 80x25
10:302  0:000   - [02]: 80x50
10:302  0:000   - [03]: 100x31
10:302  0:000   - [04]: 160x53 (current mode)
10:302  0:000  SetScreenResolution: 1366x768 - not found!
10:302  0:000  SetScreenResolution: 1280x1024 - already set
10:303  0:001  Using embedded font
10:304  0:000  === [ GetMacAddress ] ===========================
10:304  0:000  === [ ScanSPD ] =================================
10:304  0:000  Scanning SMBus [8086:27DA], mmio: 0x0, ioport: 0x400, hostc: 0x1
10:420  0:116  Slot: 0 Type 19 2048MB 800MHz Vendor=Kingston PartNo= SerialNo=4BCC9297
10:530  0:110  Slot: 2 Type 19 2048MB 800MHz Vendor=SK Hynix PartNo=HMP125U6EFR8C-S6 SerialNo=00004012
10:536  0:005  === [ GetAcpiTablesList ] =======================
10:536  0:000  Get Acpi Tables List from RSDT:
10:536  0:000   - [00]: FACP  OEMFACP  len=132
10:536  0:000   - [01]: APIC  APIC2110 len=108
10:536  0:000   - [02]: MCFG  OEMMCFG  len=60
10:536  0:000   - [03]: OEMB  OEMB2110 len=114
10:536  0:000   - [04]: AAFT  OEMAAFT  len=39
10:536  0:000   - [05]: HPET  OEMHPET  len=56
10:536  0:000   - [06]: GSCI  GMCHSCI  len=8228
10:536  0:000  Calibrated TSC Frequency = 2787795335 = 2787MHz
10:536  0:000  === [ GetUserSettings ] =========================
10:536  0:000  USB FixOwnership: yes
10:536  0:000   - final DSDT Fix mask=00009755
10:536  0:000  C3Latency: 0
10:536  0:000  MinMultiplier: 0
10:536  0:000  MaxMultiplier: 0
10:536  0:000  PluginType: 0
10:536  0:000  ResetVal: 0x0
10:536  0:000  Using ProductName from config: MacPro6,1
10:536  0:000  Using latest BiosVersion from config
10:536  0:000  BiosVersion: MP61.88Z.F000.B00.1912181758
10:536  0:000  BiosReleaseDate: 12/18/2019
10:536  0:000  Using latest EfiVersion from clover: 136.0.0.0.0
10:536  0:000  Using FirmwareFeatures from config: 0xE80FE136
10:536  0:000  Using FirmwareFeaturesMask from config: 0xFF1FFF7F
10:536  0:000  Board-ID set from config as Mac-F60DEB81FF30ACF6
10:536  0:000  BoardType: 0xB
10:536  0:000  ChassisType: 0x2
10:536  0:000  CpuType: 0
10:536  0:000  The UUID is valid
10:536  0:000   - [00]: Drop table : 5354414D,                0 :  no
10:536  0:000  Cannot find smbios.plist at path '\EFI\CLOVER' : Not Found
10:537  0:000  === [ Found DSDT tables ] =======================
10:537  0:000  === [ InitKextList ] ============================
10:611  0:073  === [ ScanVolumes ] =============================
10:611  0:000  Found 11 volumes with blockIO
10:611  0:000  - [00]: Volume: PcieRoot(0x0)\Pci(0x1D,0x7)\USB(0x6,0x0)\Unit(0x0)
10:611  0:000  - [01]: Volume: PcieRoot(0x0)\Pci(0x1D,0x7)\USB(0x6,0x0)\Unit(0x1)
10:611  0:000  - [02]: Volume: PcieRoot(0x0)\Pci(0x1D,0x7)\USB(0x6,0x0)\Unit(0x2)
10:611  0:000  - [03]: Volume: PcieRoot(0x0)\Pci(0x1D,0x7)\USB(0x6,0x0)\Unit(0x3)
10:611  0:000  - [04]: Volume: PcieRoot(0x0)\Pci(0x1F,0x2)\Ata(0x0)
10:611  0:000          Result of bootcode detection: bootable unknown (legacy)
10:611  0:000  - [05]: Volume: PcieRoot(0x0)\Pci(0x1F,0x2)\Ata(0x0)
10:611  0:000  - [06]: Volume: PcieRoot(0x0)\Pci(0x1F,0x2)\Ata(0x0)\HD(1,GPT,27FFAA17-912A-4547-BA08-8D2080A4DCEE,0x28,0x64000)
10:611  0:000          Result of bootcode detection: bootable unknown (legacy)
10:613  0:001            label : EFI
10:613  0:000          This is SelfVolume !!
10:613  0:000  - [07]: Volume: PcieRoot(0x0)\Pci(0x1F,0x2)\Ata(0x0)\HD(2,GPT,60FEEF84-B3C7-43BF-A97C-3A5E57882649,0x64028,0xDDFAC40)
10:613  0:000            label : Macintosh SSD
10:613  0:000  - [08]: Volume: PcieRoot(0x0)\Pci(0x1F,0x2)\Ata(0x0)\HD(3,GPT,C028C705-C3B4-4D18-99ED-1A93B066D230,0xDE5EC68,0x135F20)
10:614  0:000            label : Recovery HD
10:614  0:000  - [09]: Volume: PcieRoot(0x0)\Pci(0x1F,0x2)\Ata(0x0)\HD(1,GPT,E76CBA19-05C7-4993-864D-8ED69D69AA2B,0x28,0x64000)
10:614  0:000          Result of bootcode detection: bootable unknown (legacy)
10:627  0:013            label : EFI
10:627  0:000  - [10]: Volume: PcieRoot(0x0)\Pci(0x1F,0x2)\Ata(0x0)\HD(2,GPT,FB1C0C88-A02B-49B9-ABC1-BF8CCE316C29,0x64028,0x2534AA60)
10:627  0:000            label : System
10:627  0:000  Searching volumes for latest nvram.plist ...
10:627  0:000   Modified = 2021-2-27 10:38:46 (3896764726000 ms)
10:627  0:000   - newer - will use this one
10:627  0:000   - [1] no nvram.plist - skipping!
10:627  0:000  Loading nvram.plist from EFI index 0  begin load gNvramDict=0x0
10:628  0:001   loaded, size=2409
10:628  0:000  loaded Status=Success
10:628  0:000  === [ PutNvramPlistToRtVars ] ===================
10:628  0:000   Adding Key: Clover.BackupDirOnDestVol: Size = 3, Data: 59 65 73 
10:628  0:000   Adding Key: Clover.LogEveryBoot: Size = 1, Data: 37 
10:628  0:000   Adding Key: Clover.NVRamDisk: Size = 3, Data: 59 65 73 
10:628  0:000   Adding Key: Clover.Theme: Size = 9, Data: 44 61 72 6B 42 6F 6F 74 58 
10:628  0:000   Adding Key: EFILoginHiDPI: Size = 4, Data: 01 00 00 00 
10:628  0:000   Adding Key: LocationServicesEnabled: Size = 1, Data: 01 
10:628  0:000   Adding Key: csr-active-config: Size = 4, Data: 03 00 00 00 
10:628  0:000   Adding Key: efi-boot-device: Size = 216, Data: 3C 61 72 72 61 79 3E 3C 64 69 63 74 3E 3C 6B 65 79 3E 49 4F 4D 61 74 63 68 3C 2F 6B 65 79 3E 3C 64 69 63 74 3E 3C 6B 65 79 3E 49 4F 50 72 6F 76 69 64 65 72 43 6C 61 73 73 3C 2F 6B 65 79 3E 3C 73 74 72 69 6E 67 3E 49 4F 4D 65 64 69 61 3C 2F 73 74 72 69 6E 67 3E 3C 6B 65 79 3E 49 4F 50 72 6F 70 65 72 74 79 4D 61 74 63 68 3C 2F 6B 65 79 3E 3C 64 69 63 74 3E 3C 6B 65 79 3E 55 55 49 44 3C 2F 6B 65 79 3E 3C 73 74 72 69 6E 67 3E 43 35 43 33 31 36 31 32 2D 34 41 36 31 2D 34 37 30 37 2D 39 30 34 37 2D 43 41 43 45 30 46 45 30 38 41 33 37 3C 2F 73 74 72 69 6E 67 3E 3C 2F 64 69 63 74 3E 3C 2F 64 69 63 74 3E 3C 2F 64 69 63 74 3E 3C 2F 61 72 72 61 79 3E 
10:629  0:000   Adding Key: efi-boot-device-data: Size = 127, Data: 02 01 0C 00 D0 41 08 0A 00 00 00 00 01 01 06 00 00 1C 01 01 06 00 00 00 01 04 15 00 C5 FA 31 CF 4E C2 D2 11 85 F3 00 A0 C9 3E C9 3B 81 04 01 2A 00 02 00 00 00 28 40 06 00 00 00 00 00 60 0B F3 0D 00 00 00 00 12 16 C3 C5 61 4A 07 47 90 47 CA CE 0F E0 8A 37 02 02 04 03 24 00 F7 FC 74 BE 7C 0B F3 49 91 47 01 F4 04 2E 68 42 C9 F7 B9 40 07 07 DE 42 90 AA 4E 22 4E 7B D6 6A 7F FF 04 00 
10:629  0:000   Adding Key: fakesmc-key-#KEY-ui32: Size = 4, Data: 00 00 00 00 
10:629  0:000   Adding Key: fakesmc-key-$Adr-ui32: Size = 4, Data: 00 00 03 00 
10:629  0:000   Adding Key: fakesmc-key-$Num-ui8: Size = 1, Data: 01 
10:629  0:000   Adding Key: fakesmc-key-BATP-flag: Size = 1, Data: 00 
10:629  0:000   Adding Key: fakesmc-key-BEMB-flag: Size = 1, Data: 00 
10:629  0:000   Adding Key: fakesmc-key-BNum-ui8: Size = 1, Data: 00 
10:629  0:000   Adding Key: fakesmc-key-EPCI-ui32: Size = 4, Data: 07 A0 07 00 
10:629  0:000   Adding Key: fakesmc-key-MSAc-ui16: Size = 2, Data: 00 00 
10:629  0:000   Adding Key: fakesmc-key-MSFW-ui8: Size = 2, Data: 01 00 
10:629  0:000   Adding Key: fakesmc-key-MSPS-ui16: Size = 2, Data: 00 03 
10:629  0:000   Adding Key: fakesmc-key-MSTc-ui8: Size = 1, Data: 00 
10:629  0:000   Adding Key: fakesmc-key-MSWr-ui8: Size = 1, Data: 00 
10:629  0:000   Adding Key: fakesmc-key-RBr -ch8*: Size = 8, Data: 6A 31 36 6A 31 37 00 00 
10:629  0:000   Adding Key: fakesmc-key-REV -ch8*: Size = 6, Data: 02 15 0F 00 00 07 
10:629  0:000   Adding Key: fakesmc-key-RMde-char: Size = 1, Data: 41 
10:629  0:000   Adding Key: fakesmc-key-RPlt-ch8*: Size = 8, Data: 6A 31 37 00 00 00 00 00 
10:629  0:000   Adding Key: fmm-computer-name: Size = 18, Data: 6A 75 61 6E 6A 6F 6D 61 63 E2 80 99 73 20 69 4D 61 63 
10:629  0:000   Adding Key: security-mode: String: Size = 4, Val = 'none'
10:629  0:000   Adding Key: specialbootdevice: Size = 108, Data: 02 01 0C 00 D0 41 08 0A 00 00 00 00 01 01 06 00 02 1F 03 01 08 00 00 00 00 00 04 01 2A 00 02 00 00 00 28 40 06 00 00 00 00 00 60 0B F3 0D 00 00 00 00 12 16 C3 C5 61 4A 07 47 90 47 CA CE 0F E0 8A 37 02 02 04 03 24 00 F7 FC 74 BE 7C 0B F3 49 91 47 01 F4 04 2E 68 42 C9 F7 B9 40 07 07 DE 42 90 AA 4E 22 4E 7B D6 6A 7F FF 04 00 
10:629  0:000  found 1 handles with audio
10:629  0:000  No AudioIoDevice stored
10:629  0:000  no stored audio parameters
10:629  0:000  Found Audio Device Realtek ALC662v2 (LineOut) at index 0
10:629  0:000  Found Audio Device Realtek ALC662v2 (Headphones) at index 1
10:629  0:000  === [ InitXTheme ] ==============================
10:629  0:000  use Daylight theme
10:629  0:000   using embedded theme
10:648  0:019  sound play end with status=Device Error
10:649  0:000  Using embedded font
10:649  0:000  theme inited
10:649  0:000  Chosen embedded theme
10:650  0:000  after NVRAM boot-args=dart=0 PCIRootUID=0 USBBusFix=Yes -v
10:650  0:000  Scanning legacy ...
10:650  0:000  === [ Dump SMC keys from NVRAM ] ================
10:650  0:000  found AppleSMC protocol
10:650  0:000     fakesmc-key-#KEY-ui32:00 00 00 00 
10:650  0:000     fakesmc-key-$Adr-ui32:00 00 03 00 
10:650  0:000     fakesmc-key-$Num-ui8:01 
10:650  0:000     fakesmc-key-BATP-flag:00 
10:650  0:000     fakesmc-key-BEMB-flag:00 
10:650  0:000     fakesmc-key-BNum-ui8:00 
10:650  0:000     fakesmc-key-EPCI-ui32:07 A0 07 00 
10:650  0:000     fakesmc-key-MSAc-ui16:00 00 
10:650  0:000     fakesmc-key-MSFW-ui8:01 00 
10:650  0:000     fakesmc-key-MSPS-ui16:00 03 
10:650  0:000     fakesmc-key-MSTc-ui8:00 
10:650  0:000     fakesmc-key-MSWr-ui8:00 
10:650  0:000     fakesmc-key-RBr -ch8*:6A 31 36 6A 31 37 00 00 
10:650  0:000     fakesmc-key-REV -ch8*:02 15 0F 00 00 07 
10:650  0:000     fakesmc-key-RMde-char:41 
10:650  0:000     fakesmc-key-RPlt-ch8*:6A 31 37 00 00 00 00 00 
10:650  0:000  === [ AddCustomEntries ] ========================
10:650  0:000      Checking volume "EFI" (PcieRoot(0x0)\Pci(0x1F,0x2)\Ata(0x0)\HD(1,GPT,27FFAA17-912A-4547-BA08-8D2080A4DCEE,0x28,0x64000)) ... skipped because volume does not match
10:650  0:000      Checking volume "Macintosh SSD" (PcieRoot(0x0)\Pci(0x1F,0x2)\Ata(0x0)\HD(2,GPT,60FEEF84-B3C7-43BF-A97C-3A5E57882649,0x64028,0xDDFAC40)) ... skipped because volume does not match
10:650  0:000      Checking volume "Recovery HD" (PcieRoot(0x0)\Pci(0x1F,0x2)\Ata(0x0)\HD(3,GPT,C028C705-C3B4-4D18-99ED-1A93B066D230,0xDE5EC68,0x135F20)) ... skipped because volume does not match
10:650  0:000      Checking volume "EFI" (PcieRoot(0x0)\Pci(0x1F,0x2)\Ata(0x0)\HD(1,GPT,E76CBA19-05C7-4993-864D-8ED69D69AA2B,0x28,0x64000)) ... skipped because volume does not match
10:650  0:000      Checking volume "System" (PcieRoot(0x0)\Pci(0x1F,0x2)\Ata(0x0)\HD(2,GPT,FB1C0C88-A02B-49B9-ABC1-BF8CCE316C29,0x64028,0x2534AA60)) ... skipped because volume does not match
10:650  0:000  === [ ScanLoader ] ==============================
10:650  0:000  - [06]: 'EFI'
10:654  0:004        AddLoaderEntry for Volume Name=EFI, idx=0
10:654  0:000        OSVersion= 
10:654  0:000        IconName=unknown comma=-1 size=7
10:654  0:000        Full=unknown
10:654  0:000        Loader entry created for 'PcieRoot(0x0)\Pci(0x1F,0x2)\Ata(0x0)\HD(1,GPT,27FFAA17-912A-4547-BA08-8D2080A4DCEE,0x28,0x64000)\EFI\BOOT\BOOTX64.efi'
10:654  0:000       hiding entry: \EFI\BOOT\BOOTX64.efi
10:654  0:000        Menu entry added at index 0
10:654  0:000       hiding entry because DiskKind is DISK_KIND_INTERNAL: \EFI\BOOT\BOOTX64.efi
10:654  0:000  - [07]: 'Macintosh SSD'
10:657  0:002        AddLoaderEntry for Volume Name=Macintosh SSD, idx=1
10:658  0:001        OSVersion=10.13.6 
10:658  0:000        Check if volume Is Hibernated:
10:658  0:000        Check sleep image 'by signature':
10:660  0:002        read prefs \Library\Preferences\com.apple.PowerManagement.plist status=Success
10:660  0:000        using default sleep image name = \private\var\vm\sleepimage
10:662  0:001        cannot open sleepimage -> Not Found
10:662  0:000        hibernated: no - sign
10:662  0:000        IconName=hsierra,mac comma=7 size=11
10:662  0:000        first=os_hsierra
10:662  0:000        Second=os_mac
10:662  0:000        Loader entry created for 'PcieRoot(0x0)\Pci(0x1F,0x2)\Ata(0x0)\HD(2,GPT,60FEEF84-B3C7-43BF-A97C-3A5E57882649,0x64028,0xDDFAC40)\System\Library\CoreServices\boot.efi'
10:662  0:000        Menu entry added at index 1
10:663  0:000  - [08]: 'Recovery HD'
10:663  0:000        AddLoaderEntry for Volume Name=Recovery HD, idx=2
10:663  0:000        OSVersion=10.13.6 
10:663  0:000        IconName=hsierra,mac comma=7 size=11
10:663  0:000        first=os_hsierra
10:663  0:000        Second=os_mac
10:663  0:000        Loader entry created for 'PcieRoot(0x0)\Pci(0x1F,0x2)\Ata(0x0)\HD(3,GPT,C028C705-C3B4-4D18-99ED-1A93B066D230,0xDE5EC68,0x135F20)\com.apple.recovery.boot\boot.efi'
10:664  0:000        Menu entry added at index 2
10:664  0:000  - [09]: 'EFI'
10:664  0:000  - [10]: 'System'
10:664  0:000  Entries list before ordering
10:664  0:000      Entry 0 : Boot UEFI internal from EFI (hidden)
10:664  0:000      Entry 1 : Boot macOS from Macintosh SSD
10:664  0:000      Entry 2 : Boot Recovery from Recovery HD
10:664  0:000  Entries after before ordering
10:664  0:000    Entry 0 : Boot UEFI internal from EFI (hidden)
10:664  0:000    Entry 1 : Boot macOS from Macintosh SSD
10:664  0:000    Entry 2 : Boot Recovery from Recovery HD
10:664  0:000  === [ AddCustomTool ] ===========================
10:665  0:000  === [ GetEfiBootDeviceFromNvram ] ===============
10:665  0:000  Got efi-boot-device-data size=127
10:665  0:000   - efi-boot-device-data: PcieRoot(0x0)\Pci(0x1C,0x0)\Pci(0x0,0x0)\VenHw(CF31FAC5-C24E-11D2-85F3-00A0C93EC93B,81)\HD(2,GPT,C5C31612-4A61-4707-9047-CACE0FE08A37,0x64028,0xDF30B60)\VenMedia(BE74FCF7-0B7C-49F3-9147-01F4042E6842,C9F7B9400707DE4290AA4E224E7BD66A)
10:665  0:000    - Volume: 'PcieRoot(0x0)\Pci(0x1C,0x0)\Pci(0x0,0x0)\VenHw(CF31FAC5-C24E-11D2-85F3-00A0C93EC93B,81)\HD(2,GPT,C5C31612-4A61-4707-9047-CACE0FE08A37,0x64028,0xDF30B60)\VenMedia(BE74FCF7-0B7C-49F3-9147-01F4042E6842,C9F7B9400707DE4290AA4E224E7BD66A)'
10:665  0:000    - LoaderPath: ''
10:665  0:000    - Guid = C5C31612-4A61-4707-9047-CACE0FE08A37
10:665  0:000  === [ FindStartupDiskVolume ] ===================
10:665  0:000    - Volume: partition = PcieRoot(0x0)\Pci(0x1C,0x0)\Pci(0x0,0x0)\VenHw(CF31FAC5-C24E-11D2-85F3-00A0C93EC93B,81)\HD(2,GPT,C5C31612-4A61-4707-9047-CACE0FE08A37,0x64028,0xDF30B60)\VenMedia(BE74FCF7-0B7C-49F3-9147-01F4042E6842,C9F7B9400707DE4290AA4E224E7BD66A)
10:665  0:000     - searching for that partition
10:665  0:000      - [!] not found
10:665  0:000     - searching again, but comparing Media dev path nodes
10:665  0:000      - [!] not found
10:665  0:000  Default boot entry not found
10:665  0:000  BannerPlace at Clear Screen [576,196]
10:708  0:043  AnimeRun=0
10:753  0:044  GUI ready
18:285  7:532  BootVariable of the entry is empty
18:285  0:000  === [ StartLoader ] =============================
18:285  0:000  Starting PcieRoot(0x0)\Pci(0x1F,0x2)\Ata(0x0)\HD(2,GPT,60FEEF84-B3C7-43BF-A97C-3A5E57882649,0x64028,0xDDFAC40)\System\Library\CoreServices\boot.efi
18:285  0:000  Finally: ExternalClock=328MHz BusSpeed=327976kHz CPUFreq=2788MHz PIS: hw.busfrequency=1312000000Hz
18:285  0:000  Beginning OC
18:285  0:000  OCST: Missing vault data, ignoring...
18:295  0:009  config-oc.plist isn't use at all
18:296  0:001  AddKextsInArray from Other
18:296  0:000  ->Extra kext: Other\AppleALC.kext (v.1.5.8)
18:296  0:000  ->Extra kext: Other\AtherosE2200Ethernet.kext (v.2.2.0)
18:296  0:000  ->Extra kext: Other\CodecCommander.kext (v.2.6.3)
18:296  0:000  ->Extra kext: Other\FakeSMC.kext (v.1800)
18:296  0:000  ->Extra kext: Other\HibernationFixup.kext (v.1.3.9)
18:296  0:000  ->Extra kext: Other\IntelGraphicsFixup.kext (v.1.2.7)
18:296  0:000  ->Extra kext: Other\IntelMausiEthernet.kext (v.2.2.0)
18:296  0:000  ->Extra kext: Other\Lilu.kext (v.1.5.1)
18:296  0:000  ->Extra kext: Other\NullCPUPowerManagement.kext (v.1.0.0d2)
18:296  0:000  ->Extra kext: Other\RealtekRTL8111.kext (v.2.2.1)
18:296  0:000  ->Extra kext: Other\SmallTreeIntel82576.kext (v.1.0.6)
18:296  0:000  ->Extra kext: Other\SMCLightSensor.kext (v.1.2.1)
18:296  0:000  ->Extra kext: Other\SMCProcessor.kext (v.1.2.1)
18:296  0:000  ->Extra kext: Other\SMCSuperIO.kext (v.1.2.1)
18:296  0:000  ->Extra kext: Other\USBInjectAll.kext (v.0.7.1)
18:296  0:000  ->Extra kext: Other\VirtualSMC.kext (v.1.2.1)
18:296  0:000  ->Extra kext: Other\WhateverGreen.kext (v.1.4.8)
18:296  0:000  ->Extra kext: Other\XHCI-200-series-injector.kext (v.0.5.0)
18:296  0:000  ->Extra kext: Other\XHCI-300-series-injector.kext (v.0.5.0)
18:296  0:000  ->Extra kext: Other\XHCI-x99-injector.kext (v.0.5.0)
18:296  0:000  ->Extra kext: Other\FakeSMC_ACPISensors.kext (v.1800)
18:296  0:000  ->Extra kext: Other\FakeSMC_CPUSensors.kext (v.1800)
18:296  0:000  ->Extra kext: Other\FakeSMC_GPUSensors.kext (v.1800)
18:296  0:000  ->Extra kext: Other\FakeSMC_LPCSensors.kext (v.1800)
18:296  0:000  ->Extra kext: Other\FakeSMC_SMMSensors.kext (v.1800)
18:296  0:000  ->Extra kext: Other\GenericUSBXHCI.kext (v.1.2.11)
18:296  0:000  AddKextsInArray from Off
18:296  0:000  AddKextsInArray from 10
18:296  0:000  AddKextsInArray from 10_normal
18:296  0:000  AddKextsInArray from 10.13
18:296  0:000  AddKextsInArray from 10.13_normal
18:296  0:000  AddKextsInArray from 10.13.6
18:296  0:000  AddKextsInArray from 10.13.6_normal
18:296  0:000  Bridge kext to OC : Path=Lilu.kext
18:296  0:000  info plist path: Kexts\Other\Lilu.kext\Contents\Info.plist
18:297  0:000  assign executable as 'Contents\MacOS\Lilu'
18:297  0:000  Bridge kext to OC : Path=VirtualSMC.kext
18:297  0:000  info plist path: Kexts\Other\VirtualSMC.kext\Contents\Info.plist
18:299  0:001  assign executable as 'Contents\MacOS\VirtualSMC'
18:299  0:000  Bridge kext to OC : Path=WhateverGreen.kext
18:299  0:000  info plist path: Kexts\Other\WhateverGreen.kext\Contents\Info.plist
18:299  0:000  assign executable as 'Contents\MacOS\WhateverGreen'
18:299  0:000  Bridge kext to OC : Path=AppleALC.kext
18:299  0:000  info plist path: Kexts\Other\AppleALC.kext\Contents\Info.plist
18:320  0:020  assign executable as 'Contents\MacOS\AppleALC'
18:320  0:000  Bridge kext to OC : Path=SMCProcessor.kext
18:320  0:000  info plist path: Kexts\Other\SMCProcessor.kext\Contents\Info.plist
18:320  0:000  assign executable as 'Contents\MacOS\SMCProcessor'
18:320  0:000  Bridge kext to OC : Path=SMCSuperIO.kext
18:320  0:000  info plist path: Kexts\Other\SMCSuperIO.kext\Contents\Info.plist
18:320  0:000  assign executable as 'Contents\MacOS\SMCSuperIO'
18:320  0:000  Bridge kext to OC : Path=AtherosE2200Ethernet.kext
18:320  0:000  info plist path: Kexts\Other\AtherosE2200Ethernet.kext\Contents\Info.plist
18:322  0:001  assign executable as 'Contents\MacOS\AtherosE2200Ethernet'
18:322  0:000  Bridge kext to OC : Path=CodecCommander.kext
18:322  0:000  info plist path: Kexts\Other\CodecCommander.kext\Contents\Info.plist
18:322  0:000  assign executable as 'Contents\MacOS\CodecCommander'
18:322  0:000  Bridge kext to OC : Path=FakeSMC.kext
18:322  0:000  info plist path: Kexts\Other\FakeSMC.kext\Contents\Info.plist
18:322  0:000  assign executable as 'Contents\MacOS\FakeSMC'
18:322  0:000  Bridge kext to OC : Path=HibernationFixup.kext
18:322  0:000  info plist path: Kexts\Other\HibernationFixup.kext\Contents\Info.plist
18:322  0:000  assign executable as 'Contents\MacOS\HibernationFixup'
18:322  0:000  Bridge kext to OC : Path=IntelGraphicsFixup.kext
18:322  0:000  info plist path: Kexts\Other\IntelGraphicsFixup.kext\Contents\Info.plist
18:323  0:000  assign executable as 'Contents\MacOS\IntelGraphicsFixup'
18:323  0:000  Bridge kext to OC : Path=IntelMausiEthernet.kext
18:323  0:000  info plist path: Kexts\Other\IntelMausiEthernet.kext\Contents\Info.plist
18:323  0:000  assign executable as 'Contents\MacOS\IntelMausiEthernet'
18:323  0:000  Bridge kext to OC : Path=NullCPUPowerManagement.kext
18:323  0:000  info plist path: Kexts\Other\NullCPUPowerManagement.kext\Contents\Info.plist
18:323  0:000  assign executable as 'Contents\MacOS\NullCPUPowerManagement'
18:323  0:000  Bridge kext to OC : Path=RealtekRTL8111.kext
18:323  0:000  info plist path: Kexts\Other\RealtekRTL8111.kext\Contents\Info.plist
18:323  0:000  assign executable as 'Contents\MacOS\RealtekRTL8111'
18:323  0:000  Bridge kext to OC : Path=SmallTreeIntel82576.kext
18:323  0:000  info plist path: Kexts\Other\SmallTreeIntel82576.kext\Contents\Info.plist
18:323  0:000  assign executable as 'Contents\MacOS\SmallTreeIntel82576'
18:323  0:000  Bridge kext to OC : Path=SMCLightSensor.kext
18:323  0:000  info plist path: Kexts\Other\SMCLightSensor.kext\Contents\Info.plist
18:323  0:000  assign executable as 'Contents\MacOS\SMCLightSensor'
18:323  0:000  Bridge kext to OC : Path=USBInjectAll.kext
18:323  0:000  info plist path: Kexts\Other\USBInjectAll.kext\Contents\Info.plist
18:329  0:005  assign executable as 'Contents\MacOS\USBInjectAll'
18:329  0:000  Bridge kext to OC : Path=XHCI-200-series-injector.kext
18:329  0:000  info plist path: Kexts\Other\XHCI-200-series-injector.kext\Contents\Info.plist
18:329  0:000  Bridge kext to OC : Path=XHCI-300-series-injector.kext
18:329  0:000  info plist path: Kexts\Other\XHCI-300-series-injector.kext\Contents\Info.plist
18:330  0:000  Bridge kext to OC : Path=XHCI-x99-injector.kext
18:330  0:000  info plist path: Kexts\Other\XHCI-x99-injector.kext\Contents\Info.plist
18:330  0:000  Bridge kext to OC : Path=FakeSMC_ACPISensors.kext
18:330  0:000  info plist path: Kexts\Other\FakeSMC_ACPISensors.kext\Contents\Info.plist
18:330  0:000  assign executable as 'Contents\MacOS\ACPISensors'
18:330  0:000  Bridge kext to OC : Path=FakeSMC_CPUSensors.kext
18:330  0:000  info plist path: Kexts\Other\FakeSMC_CPUSensors.kext\Contents\Info.plist
18:330  0:000  assign executable as 'Contents\MacOS\CPUSensors'
18:331  0:000  Bridge kext to OC : Path=FakeSMC_GPUSensors.kext
18:331  0:000  info plist path: Kexts\Other\FakeSMC_GPUSensors.kext\Contents\Info.plist
18:331  0:000  assign executable as 'Contents\MacOS\GPUSensors'
18:331  0:000  Bridge kext to OC : Path=FakeSMC_LPCSensors.kext
18:331  0:000  info plist path: Kexts\Other\FakeSMC_LPCSensors.kext\Contents\Info.plist
18:335  0:003  assign executable as 'Contents\MacOS\LPCSensors'
18:335  0:000  Bridge kext to OC : Path=FakeSMC_SMMSensors.kext
18:335  0:000  info plist path: Kexts\Other\FakeSMC_SMMSensors.kext\Contents\Info.plist
18:336  0:001  assign executable as 'Contents\MacOS\SMMSensors'
18:336  0:000  Bridge kext to OC : Path=GenericUSBXHCI.kext
18:336  0:000  info plist path: Kexts\Other\GenericUSBXHCI.kext\Contents\Info.plist
18:337  0:000  assign executable as 'Contents\MacOS\GenericUSBXHCI'
18:339  0:002  Load OpenRuntime.efi : Status Not Found
18:339  0:000  Start OpenRuntime.efi : Status Invalid Parameter
18:339  0:000  OC: OcMiscEarlyInit...
18:345  0:005  OC: Watchdog status is 1
18:348  0:003  OC: OpenCore DBG-061-2021-02-23 is loading in Optional mode (0/0)...
18:351  0:003  OC: Boot timestamp - 2021.03.02 09:23:07
18:354  0:003  OCCPU: Found Intel(R) Core(TM)2 Quad CPU    Q9500  @ 2.83GHz
18:358  0:003  OCCPU: Signature 1067A Stepping A Model 17 Family 6 Type 0 ExtModel 1 ExtFamily 0 uCode A07
18:361  0:003  OCCPU: EIST CFG Lock 0
18:364  0:003  OCCPU: Ratio Min 0 Max 8 Current 0 Turbo 0 0 0 0
18:469  0:104  TscFrequency 2787794177
18:472  0:002  OCCPU: Detected Apple Processor Type: 04 -> 0402
18:476  0:004  OCCPU: CPUFrequencyFromTSC  2787794177Hz  2787MHz
18:479  0:003  OCCPU: CPUFrequency  2787794177Hz  2787MHz
18:482  0:003  OCCPU: FSBFrequency   348474272Hz   348MHz
18:485  0:003  OCCPU: Pkg 0 Cores 4 Threads 4
18:488  0:003  OC: OcLoadNvramSupport...
18:492  0:003  OC: Current version is DBG-061-2021-02-23
18:495  0:003  OC: OcMiscMiddleInit...
18:498  0:003  OC: LoadHandle 0 with BootProtect in  mode - Unsupported
18:503  0:004  OC: OcLoadUefiSupport...
18:506  0:003  OcAppleEventInstallProtocol
18:510  0:003  OcOSInfoInstallProtocol
18:513  0:003  OCRTC: OcAppleRtcRamInstallProtocol
18:516  0:003  OCRTC: Wake log is 0xD4 0x10   5 0xFC
18:519  0:003  OcAppleFbInfoInstallProtocol
18:522  0:003  OC: Loading Apple Secure Boot with Disabled (level 0)
18:525  0:003  OCABC: RTDFRG 0 DEVMMIO 0 NOSU 0 NOVRWR 0 NOSB 0 NOHBMAP 0 SMSLIDE 0 WRUNPROT 0
18:529  0:003  OCABC: FEXITBS 0 PRMRG 0 CSLIDE 0 MSLIDE 0 PRSRV 0 RBMAP 0 VMAP 0 APPLOS 0 RTPERMS 0
18:533  0:004  OCABC: Awaiting rendezvous with OpenRuntime r11
18:536  0:003  OC: RBVR 0 DDBR 0
18:539  0:003  OC: Got 0 drivers
18:543  0:003  OCC: GOP exists on ConsoleOutHandle and has 5 modes
18:546  0:003  OC: Requested resolution is 1366x768@0 (max: 0) from 1366x768
18:549  0:003  OCC: Requesting 1366x768@0 (max: 0) resolution, curr 3, total 5
18:552  0:003  OCC: Mode 0 - 640x480:1
18:555  0:003  OCC: Mode 1 - 800x600:1
18:560  0:004  OCC: Mode 2 - 1024x768:1
18:563  0:003  OCC: Mode 3 - 1280x1024:1
18:566  0:003  OCC: Mode 4 - 1600x1200:1
18:569  0:003  OCC: No compatible mode for 1366x768@0 (max: 0) resolution
18:572  0:003  OC: Changed resolution to 1366x768@0 (max: 0) from 1366x768 - Not Found
18:575  0:003  OCC: Using builtin text renderer with 1 scale
18:614  0:038  OCC: Install console control (C9C266A0/0/0), current - Success
18:617  0:003  OCC: Setup ASCII Output - Success
18:620  0:003  OC: Requested console mode is 0x0 (max: 0) from 
18:624  0:004  OC: Requested not to use audio
18:627  0:003  OC: OcMiscLateInit...
18:631  0:003  OC: Invalid HibernateMode: 
18:634  0:003  OC: Translated HibernateMode  to 0
18:637  0:003  OC: Hibernation detection status is Not Found
18:640  0:003  OC: Panic log does not exist
18:643  0:003  OC: OcLoadKernelSupport...
18:647  0:003  OC: All green, starting boot management...
18:654  0:006  OCB: Arch filtering C85EA018(576056)->C85EA018(576056) caps 4 - Success
18:692  0:038  GetOSVersion: 10.13.6 (17G66)
18:692  0:000  Will not patch boot.efi
18:692  0:000  === [ PatchSmbios ] =============================
18:692  0:000  insert table 9 for dev 0:0
18:692  0:000  insert table 9 for dev 0:0
18:693  0:000  Trusting SMBIOS...
18:693  0:000  Detected alternating SMBIOS channel banks
18:693  0:000  Channels: 2
18:693  0:000  Interleave: 0 2 1 3 4 6 5 7 8 10 9 11 12 14 13 15 16 18 17 19 20 22 21 23
18:693  0:000  trusted SMBIOS data:
18:693  0:000  SmbiosTable.Type17->Vendor = Manufacturer0
18:693  0:000  SmbiosTable.Type17->SerialNumber = SerNum0
18:693  0:000  SmbiosTable.Type17->PartNumber = PartNum0
18:693  0:000   partNum=PartNum0
18:693  0:000  SPD data in use:
18:693  0:000  SmbiosTable.Type17->Vendor = Kingston
18:693  0:000  SmbiosTable.Type17->SerialNumber = 4BCC9297
18:693  0:000  SmbiosTable.Type17->PartNumber = 
18:693  0:000  SMBIOS Type 17 Index = 0 => 0 0:
18:693  0:000   DIMM1 800MHz 2048MB(Ext:827149641MB)
18:693  0:000  trusted SMBIOS data:
18:693  0:000  SmbiosTable.Type17->Vendor = Manufacturer1
18:693  0:000  SmbiosTable.Type17->SerialNumber = SerNum1
18:693  0:000  SmbiosTable.Type17->PartNumber = PartNum1
18:693  0:000   partNum=PartNum1
18:693  0:000  SPD data in use:
18:693  0:000  SmbiosTable.Type17->Vendor = SK Hynix
18:693  0:000  SmbiosTable.Type17->SerialNumber = 00004012
18:693  0:000  SmbiosTable.Type17->PartNumber = HMP125U6EFR8C-S6
18:693  0:000  SMBIOS Type 17 Index = 1 => 1 2:
18:693  0:000   DIMM2 800MHz 2048MB(Ext:843926857MB)
18:693  0:000  mTotalSystemMemory = 4096
18:693  0:000  NumberOfMemoryDevices = 2
18:693  0:000  Type20[0]->End = 0x1FFFFF, Type17[0] = 800
18:693  0:000  Type20[1]->End = 0x3FFFFF, Type17[1] = 1800
18:693  0:000  === [ PatchACPI ] ===============================
18:693  0:000  Xsdt is not found! Creating new one
18:693  0:000  RsdPointer is Acpi 1.0 - creating new one Acpi 2.0
18:693  0:000  RsdPointer Acpi 2.0 installed
18:693  0:000  RSDT entries = 7
18:693  0:000  Xsdt reallocation done
18:693  0:000  old FADT length=84
18:693  0:000   SignatureFixup: 0x0 -> 0x0
18:693  0:000  Apply DsdtFixMask=0x00009755
18:693  0:000  === [ FixBiosDsdt ] =============================
18:693  0:000  found PIC had IRQNoFlag will move -3 bytes
18:693  0:000  Start HPET Fix
18:693  0:000  Start Display0 Fix
18:694  0:000  add device GFX0
18:694  0:000  Skipping Method(_DSM) for 10DE card
18:694  0:000  patch Display #0 of Vendor=0x10DE
18:694  0:000  Name HDAC present at 0x3F09, renaming to HDEF
18:694  0:000  Name HDAC present at 0x424F, renaming to HDEF
18:695  0:000  PreCleanup XSDT: count=7, length=92
18:695  0:000  PreCleanup XSDT, corrected XSDT: count=7, length=92
18:695  0:000  === [ ACPIDropTables ] ==========================
18:695  0:000  ApicCPUNum=4
18:695  0:000  Drop tables from XSDT, SIGN=APIC TableID= Length=0
18:695  0:000   Table[1]: APIC  APIC2110  108 dropped
18:695  0:000  Found subtable in MADT: type=0
18:695  0:000  AcpiProcessorId: 0x01
18:695  0:000  Found subtable in MADT: type=0
18:695  0:000  AcpiProcessorId: 0x02
18:695  0:000  Found subtable in MADT: type=0
18:695  0:000  AcpiProcessorId: 0x03
18:695  0:000  Found subtable in MADT: type=0
18:695  0:000  AcpiProcessorId: 0x04
18:695  0:000  Found subtable in MADT: type=1
18:695  0:000  Found subtable in MADT: type=2
18:695  0:000  Found subtable in MADT: type=2
18:695  0:000  ApicTable new Length=132
18:695  0:000  New APIC table successfully inserted
18:695  0:000  Cleanup XSDT: count=8, length=100
18:695  0:000  corrected XSDT count=7, length=92
18:695  0:000  === [ RestSetup macOS ] =========================
18:695  0:000  mem_detected 256Mb
18:695  0:000  read_nVidia_ROM
18:695  0:000  Using PRAMIN fixups
18:780  0:085  version 60.84.49.00.00
18:780  0:000  nVidia MSI GeForce 8600 GT  256MB NV84 [10DE:0402] :: PcieRoot(0x0)\Pci(0x1,0x0)\Pci(0x0,0x0) => device #1
18:780  0:000  Nvidia: VideoPorts: undefined, default to: 2
18:780  0:000  set NVCAP: 04000000-00000300-0C000000-00000007-00000000
18:780  0:000   setting specified layout-id=1 (0x1)
18:781  0:000  stringlength = 2868
18:781  0:000  CurrentMode: Width=1280 Height=1024
18:781  0:000  SetNvramVariable (FirmwareFeaturesMask, guid, 0x6, 4):
18:781  0:000   -> writing new (Success)
18:781  0:000  SetNvramVariable (HW_BID, guid, 0x6, 20):
18:781  0:000   -> writing new (Success)
18:781  0:000  SetNvramVariable (security-mode, guid, 0x7, 5):
18:781  0:000  set DefaultBackgroundColor=0x0
18:781  0:000  DeleteNvramVariable (EFILoginHiDPI, guid = Success):
18:781  0:000  DeleteNvramVariable (csr-active-config, guid = Success):
18:781  0:000  DeleteNvramVariable (bootercfg, guid = Not Found):
18:781  0:000  DeleteNvramVariable (nvda_drv, guid = Not Found):
18:781  0:000  DeleteNvramVariable (recovery-boot-mode, guid = Not Found):
18:781  0:000  SetNvramVariable (wake-failure, guid, 0x7, 5):
18:781  0:000   -> writing new (Success)
18:781  0:000  Use origin smbios table type 1 guid.
18:781  0:000  SetStartupDiskVolume:
18:781  0:000    * Volume: 'Macintosh SSD'
18:781  0:000    * LoaderPath: ''
18:781  0:000    * DevPath: Macintosh SSD
18:781  0:000    * GUID = 60FEEF84-B3C7-43BF-A97C-3A5E57882649
18:781  0:000    * efi-boot-device: <array><dict><key>IOMatch</key><dict><key>IOProviderClass</key><string>IOMedia</string><key>IOPropertyMatch</key><dict><key>UUID</key><string>60FEEF84-B3C7-43BF-A97C-3A5E57882649</string></dict></dict></dict></array>
18:781  0:000  Custom boot screen not used because entry has unset use graphics
18:781  0:000  DeleteNvramVariable (IOHibernateRTCVariables, guid = Not Found):
18:781  0:000  DeleteNvramVariable (boot-image, guid = Not Found):
18:782  0:000  Closing log
18:782  0:000  OC: Supported boot capabilities 4
18:786  0:004  OCOS: OS set: <null> Mac OS X 10.12
18:789  0:003  OCOS: OS set: Apple Inc. Mac OS X 10.12
18:792  0:003  OCOS: Should use black background
18:796  0:004  OC: Opening file System\Library\Kernels\kernel with 1 mode gave - Success
18:799  0:002  OC: Opening file \System\Library\CoreServices\com.apple.Boot.plist with 1 mode gave - Not Found
18:804  0:004  OC: Opening file Library\Preferences\SystemConfiguration\com.apple.Boot.plist with 1 mode gave - Success
18:808  0:004  OC: Opening file \System\Library\CoreServices\PlatformSupport.plist with 1 mode gave - Success
18:813  0:004  OC: Opening file \System\Library\CoreServices\boot.efi with 1 mode gave - Success
18:825  0:012  OC: Opening file System\Library\PrelinkedKernels\prelinkedkernel.development with 1 mode gave - Not Found
18:829  0:003  OC: Opening file System\Library\PrelinkedKernels\prelinkedkernel with 1 mode gave - Success
18:868  0:038  OC: Kext reservation size info 5BB000 exe 474000
18:873  0:005  OC: Trying 64-bit XNU hook on System\Library\PrelinkedKernels\prelinkedkernel
19:577  0:704  OCAK: Compressed result has C446C018 magic
19:580  0:002  OCAK: Found 64-bit Mach-O compressed 1 offset 28 size 52113408
19:583  0:003  OC: Result of 64-bit XNU hook on System\Library\PrelinkedKernels\prelinkedkernel (00000000) is Success
19:643  0:059  OCAK: Read kernel version 17.7.0 (170700)
19:685  0:042  OCAK: Reducing prelink size from 31B3000 to 2F24000 via plist
19:689  0:003  OCAK: as.vit9696.Lilu got KXLD 0 0
19:692  0:003  OCAK: Requesting __LINKEDIT for as.vit9696.Lilu - C7390438 at 2F24000
19:695  0:003  OCAK: Requesting SymbolTable for as.vit9696.Lilu - 520
19:698  0:003  OCAK: Requesting __LINKEDIT for __kernel__ - 0 at 0
19:702  0:003  OCAK: Requesting SymbolTable for __kernel__ - 22893
19:730  0:028  OCAK: com.apple.kpi.bsd got KXLD 0 0
19:734  0:003  OCAK: Requesting __LINKEDIT for com.apple.kpi.bsd - C51A9038 at D3D000
19:737  0:003  OCAK: Requesting SymbolTable for com.apple.kpi.bsd - 832
19:740  0:003  OCAK: com.apple.kpi.dsep got KXLD 0 0
19:744  0:003  OCAK: Requesting __LINKEDIT for com.apple.kpi.dsep - C560F038 at 11A3000
19:747  0:003  OCAK: Requesting SymbolTable for com.apple.kpi.dsep - 37
19:750  0:003  OCAK: com.apple.kpi.iokit got KXLD 0 0
19:753  0:003  OCAK: Requesting __LINKEDIT for com.apple.kpi.iokit - C5187038 at D1B000
19:758  0:004  OCAK: Requesting SymbolTable for com.apple.kpi.iokit - 2155
19:778  0:020  OCAK: com.apple.kpi.libkern got KXLD 0 0
19:782  0:003  OCAK: Requesting __LINKEDIT for com.apple.kpi.libkern - C5168038 at CFC000
19:785  0:003  OCAK: Requesting SymbolTable for com.apple.kpi.libkern - 897
19:788  0:003  OCAK: com.apple.kpi.mach got KXLD 0 0
19:792  0:003  OCAK: Requesting __LINKEDIT for com.apple.kpi.mach - C5176038 at D0A000
19:796  0:003  OCAK: Requesting SymbolTable for com.apple.kpi.mach - 70
19:800  0:004  OCAK: com.apple.kpi.unsupported got KXLD 0 0
19:804  0:003  OCAK: Requesting __LINKEDIT for com.apple.kpi.unsupported - C51F6038 at D8A000
19:807  0:003  OCAK: Requesting SymbolTable for com.apple.kpi.unsupported - 262
19:820  0:013  OC: Prelinked injection Kexts\Other\Lilu.kext () - Success
19:825  0:004  OCAK: as.vit9696.VirtualSMC got KXLD 0 0
19:828  0:003  OCAK: Requesting __LINKEDIT for as.vit9696.VirtualSMC - C73BD438 at 2F51000
19:832  0:004  OCAK: Requesting SymbolTable for as.vit9696.VirtualSMC - 452
19:836  0:003  OCAK: Requesting SymbolTable for as.vit9696.Lilu - 137
19:840  0:004  OCAK: com.apple.iokit.IOACPIFamily got KXLD 0 0
19:844  0:003  OCAK: Requesting __LINKEDIT for com.apple.iokit.IOACPIFamily - C5D24398 at 18B8000
19:847  0:003  OCAK: Requesting SymbolTable for com.apple.iokit.IOACPIFamily - 167
19:850  0:003  OCAK: com.apple.kpi.private got KXLD 0 0
19:853  0:003  OCAK: Requesting __LINKEDIT for com.apple.kpi.private - C517A038 at D0E000
19:859  0:005  OCAK: Requesting SymbolTable for com.apple.kpi.private - 924
19:874  0:015  OC: Prelinked injection Kexts\Other\VirtualSMC.kext () - Success
19:876  0:001  OCAK: as.vit9696.WhateverGreen got KXLD 0 0
19:878  0:001  OCAK: Requesting __LINKEDIT for as.vit9696.WhateverGreen - C73D73E8 at 2F6B000
19:880  0:001  OCAK: Requesting SymbolTable for as.vit9696.WhateverGreen - 412
19:882  0:001  OCAK: com.apple.iokit.IOPCIFamily got KXLD 0 0
19:883  0:001  OCAK: Requesting __LINKEDIT for com.apple.iokit.IOPCIFamily - C51FC3E8 at D90000
19:886  0:002  OCAK: Requesting SymbolTable for com.apple.iokit.IOPCIFamily - 680
19:905  0:018  OC: Prelinked injection Kexts\Other\WhateverGreen.kext () - Success
19:912  0:007  OCAK: as.vit9696.AppleALC got KXLD 0 0
19:914  0:001  OCAK: Requesting __LINKEDIT for as.vit9696.AppleALC - C74533E8 at 2FE7000
19:915  0:001  OCAK: Requesting SymbolTable for as.vit9696.AppleALC - 438
19:934  0:018  OC: Prelinked injection Kexts\Other\AppleALC.kext () - Success
19:936  0:002  OCAK: as.vit9696.SMCProcessor got KXLD 0 0
19:938  0:001  OCAK: Requesting __LINKEDIT for as.vit9696.SMCProcessor - C75CD3E8 at 3161000
19:940  0:001  OCAK: Requesting SymbolTable for as.vit9696.SMCProcessor - 355
19:941  0:001  OCAK: Requesting SymbolTable for as.vit9696.VirtualSMC - 27
19:954  0:012  OC: Prelinked injection Kexts\Other\SMCProcessor.kext () - Success
19:956  0:001  OCAK: ru.joedm.SMCSuperIO got KXLD 0 0
19:957  0:001  OCAK: Requesting __LINKEDIT for ru.joedm.SMCSuperIO - C75DC3E8 at 3170000
19:960  0:002  OCAK: Requesting SymbolTable for ru.joedm.SMCSuperIO - 335
19:971  0:011  OC: Prelinked injection Kexts\Other\SMCSuperIO.kext () - Success
19:973  0:001  OCAK: com.insanelymac.AtherosE2200Ethernet got KXLD 0 0
19:975  0:001  OCAK: Requesting __LINKEDIT for com.insanelymac.AtherosE2200Ethernet - C75F0398 at 3184000
19:977  0:001  OCAK: Requesting SymbolTable for com.insanelymac.AtherosE2200Ethernet - 1001
19:979  0:002  OCAK: com.apple.iokit.IONetworkingFamily got KXLD 0 0
19:982  0:002  OCAK: Requesting __LINKEDIT for com.apple.iokit.IONetworkingFamily - C5EE03E8 at 1A74000
19:983  0:001  OCAK: Requesting SymbolTable for com.apple.iokit.IONetworkingFamily - 1038
20:006  0:022  OC: Prelinked injection Kexts\Other\AtherosE2200Ethernet.kext () - Success
20:008  0:001  OCAK: org.tw.CodecCommander got KXLD 0 0
20:010  0:001  OCAK: Requesting __LINKEDIT for org.tw.CodecCommander - C7605398 at 3199000
20:012  0:001  OCAK: Requesting SymbolTable for org.tw.CodecCommander - 1122
20:015  0:003  OCAK: com.apple.iokit.IOAudioFamily got KXLD 0 0
20:016  0:001  OCAK: Requesting __LINKEDIT for com.apple.iokit.IOAudioFamily - C559F438 at 1133000
20:018  0:001  OCAK: Requesting SymbolTable for com.apple.iokit.IOAudioFamily - 1353
20:020  0:001  OCAK: com.apple.vecLib.kext got KXLD 0 0
20:022  0:001  OCAK: Requesting __LINKEDIT for com.apple.vecLib.kext - C54F4258 at 1088000
20:023  0:001  OCAK: Requesting SymbolTable for com.apple.vecLib.kext - 57
20:026  0:002  OCAK: com.apple.kec.Libm got KXLD 0 0
20:028  0:001  OCAK: Requesting __LINKEDIT for com.apple.kec.Libm - C54E41B8 at 1078000
20:030  0:001  OCAK: Requesting SymbolTable for com.apple.kec.Libm - 77
20:058  0:028  OC: Prelinked injection Kexts\Other\CodecCommander.kext () - Success
20:060  0:001  OCAK: org.netkas.driver.FakeSMC got KXLD 0 0
20:062  0:001  OCAK: Requesting __LINKEDIT for org.netkas.driver.FakeSMC - C761C3E8 at 31B0000
20:063  0:001  OCAK: Requesting SymbolTable for org.netkas.driver.FakeSMC - 760
20:087  0:024  OC: Prelinked injection Kexts\Other\FakeSMC.kext () - Success
20:089  0:001  OCAK: as.lvs1974.HibernationFixup got KXLD 0 0
20:091  0:001  OCAK: Requesting __LINKEDIT for as.lvs1974.HibernationFixup - C7639438 at 31CD000
20:093  0:001  OCAK: Requesting SymbolTable for as.lvs1974.HibernationFixup - 565
20:104  0:011  OC: Prelinked injection Kexts\Other\HibernationFixup.kext () - Success
20:106  0:001  OCAK: as.lvs1974.IntelGraphicsFixup got KXLD 0 0
20:109  0:002  OCAK: Requesting __LINKEDIT for as.lvs1974.IntelGraphicsFixup - C76473E8 at 31DB000
20:110  0:001  OCAK: Requesting SymbolTable for as.lvs1974.IntelGraphicsFixup - 712
20:123  0:012  OC: Prelinked injection Kexts\Other\IntelGraphicsFixup.kext () - Success
20:125  0:001  OCAK: com.insanelymac.IntelMausiEthernet got KXLD 0 0
20:126  0:001  OCAK: Requesting __LINKEDIT for com.insanelymac.IntelMausiEthernet - C76A2398 at 3236000
20:128  0:001  OCAK: Requesting SymbolTable for com.insanelymac.IntelMausiEthernet - 2063
20:144  0:015  OC: Prelinked injection Kexts\Other\IntelMausiEthernet.kext () - Success
20:145  0:001  OCAK: org.tgwbd.driver.NullCPUPowerManagement got KXLD 0 0
20:147  0:001  OCAK: Requesting __LINKEDIT for org.tgwbd.driver.NullCPUPowerManagement - C76CB348 at 325F000
20:149  0:001  OCAK: Requesting SymbolTable for org.tgwbd.driver.NullCPUPowerManagement - 426
20:159  0:009  OC: Prelinked injection Kexts\Other\NullCPUPowerManagement.kext () - Success
20:160  0:001  OCAK: com.insanelymac.RealtekRTL8111 got KXLD 0 0
20:163  0:002  OCAK: Requesting __LINKEDIT for com.insanelymac.RealtekRTL8111 - C76D4398 at 3268000
20:165  0:001  OCAK: Requesting SymbolTable for com.insanelymac.RealtekRTL8111 - 566
20:179  0:014  OC: Prelinked injection Kexts\Other\RealtekRTL8111.kext () - Success
20:181  0:001  OCAK: com.smalltree.driver.SmallTreeIntel82576 got KXLD 0 0
20:183  0:001  OCAK: Requesting __LINKEDIT for com.smalltree.driver.SmallTreeIntel82576 - C7745398 at 32D9000
20:186  0:002  OCAK: Requesting SymbolTable for com.smalltree.driver.SmallTreeIntel82576 - 974
20:203  0:017  OC: Prelinked injection Kexts\Other\SmallTreeIntel82576.kext () - Success
20:205  0:001  OCAK: ru.usrsse2.SMCLightSensor got KXLD 0 0
20:207  0:001  OCAK: Requesting __LINKEDIT for ru.usrsse2.SMCLightSensor - C77733E8 at 3307000
20:208  0:001  OCAK: Requesting SymbolTable for ru.usrsse2.SMCLightSensor - 327
20:219  0:011  OC: Prelinked injection Kexts\Other\SMCLightSensor.kext () - Success
20:225  0:005  OCAK: com.rehabman.driver.USBInjectAll got KXLD 0 0
20:227  0:001  OCAK: Requesting __LINKEDIT for com.rehabman.driver.USBInjectAll - C777C398 at 3310000
20:229  0:001  OCAK: Requesting SymbolTable for com.rehabman.driver.USBInjectAll - 351
20:242  0:013  OC: Prelinked injection Kexts\Other\USBInjectAll.kext () - Success
20:243  0:001  OC: Prelinked injection Kexts\Other\XHCI-200-series-injector.kext () - Success
20:245  0:001  OC: Prelinked injection Kexts\Other\XHCI-300-series-injector.kext () - Success
20:248  0:002  OC: Prelinked injection Kexts\Other\XHCI-x99-injector.kext () - Success
20:250  0:001  OCAK: org.hwsensors.driver.ACPISensors got KXLD 0 0
20:251  0:001  OCAK: Requesting __LINKEDIT for org.hwsensors.driver.ACPISensors - C77873E8 at 331B000
20:253  0:001  OCAK: Requesting SymbolTable for org.hwsensors.driver.ACPISensors - 509
20:255  0:001  OCAK: Requesting SymbolTable for org.netkas.driver.FakeSMC - 296
20:276  0:021  OC: Prelinked injection Kexts\Other\FakeSMC_ACPISensors.kext () - Success
20:279  0:002  OCAK: org.hwsensors.driver.CPUSensors got KXLD 0 0
20:281  0:001  OCAK: Requesting __LINKEDIT for org.hwsensors.driver.CPUSensors - C779A3E8 at 332E000
20:283  0:001  OCAK: Requesting SymbolTable for org.hwsensors.driver.CPUSensors - 366
20:294  0:011  OC: Prelinked injection Kexts\Other\FakeSMC_CPUSensors.kext () - Success
20:295  0:001  OCAK: org.hwsensors.driver.GPUSensors got KXLD 0 0
20:297  0:001  OCAK: Requesting __LINKEDIT for org.hwsensors.driver.GPUSensors - C77A53E8 at 3339000
20:300  0:002  OCAK: Requesting SymbolTable for org.hwsensors.driver.GPUSensors - 566
20:316  0:016  OC: Prelinked injection Kexts\Other\FakeSMC_GPUSensors.kext () - Success
20:320  0:003  OCAK: org.hwsensors.driver.LPCSensors got KXLD 0 0
20:322  0:001  OCAK: Requesting __LINKEDIT for org.hwsensors.driver.LPCSensors - C77C2398 at 3356000
20:323  0:001  OCAK: Requesting SymbolTable for org.hwsensors.driver.LPCSensors - 558
20:345  0:021  OC: Prelinked injection Kexts\Other\FakeSMC_LPCSensors.kext () - Success
20:348  0:002  OCAK: org.hwsensors.driver.SMMSensors got KXLD 0 0
20:350  0:001  OCAK: Requesting __LINKEDIT for org.hwsensors.driver.SMMSensors - C77D8398 at 336C000
20:351  0:001  OCAK: Requesting SymbolTable for org.hwsensors.driver.SMMSensors - 349
20:362  0:010  OC: Prelinked injection Kexts\Other\FakeSMC_SMMSensors.kext () - Success
20:364  0:001  OCAK: net.osx86.kexts.GenericUSBXHCI got KXLD 0 0
20:366  0:001  OCAK: Requesting __LINKEDIT for net.osx86.kexts.GenericUSBXHCI - C77E13E8 at 3375000
20:368  0:002  OCAK: Requesting SymbolTable for net.osx86.kexts.GenericUSBXHCI - 625
20:371  0:002  OCAK: com.apple.iokit.IOUSBFamily got KXLD 0 0
20:373  0:001  OCAK: Requesting __LINKEDIT for com.apple.iokit.IOUSBFamily - C5F583E8 at 1AEC000
20:374  0:001  OCAK: Requesting SymbolTable for com.apple.iokit.IOUSBFamily - 2140
20:377  0:002  OCAK: com.apple.iokit.IOUSBHostFamily got KXLD 0 0
20:378  0:001  OCAK: Requesting __LINKEDIT for com.apple.iokit.IOUSBHostFamily - C5D5C438 at 18F0000
20:381  0:002  OCAK: Requesting SymbolTable for com.apple.iokit.IOUSBHostFamily - 1461
20:383  0:002  OCAK: com.apple.driver.AppleBusPowerController got KXLD 0 0
20:385  0:001  OCAK: Requesting __LINKEDIT for com.apple.driver.AppleBusPowerController - C5D4C348 at 18E0000
20:387  0:001  OCAK: Requesting SymbolTable for com.apple.driver.AppleBusPowerController - 65
20:389  0:002  OCAK: com.apple.driver.AppleSMC got KXLD 0 0
20:391  0:001  OCAK: Requesting __LINKEDIT for com.apple.driver.AppleSMC - C5D2D3E8 at 18C1000
20:393  0:002  OCAK: Requesting SymbolTable for com.apple.driver.AppleSMC - 258
20:399  0:005  OCAK: com.apple.driver.usb.AppleUSBCommon got KXLD 0 0
20:400  0:001  OCAK: Requesting __LINKEDIT for com.apple.driver.usb.AppleUSBCommon - C5D54398 at 18E8000
20:402  0:001  OCAK: Requesting SymbolTable for com.apple.driver.usb.AppleUSBCommon - 172
20:466  0:063  OC: Prelinked injection Kexts\Other\GenericUSBXHCI.kext () - Success
20:467  0:001  OC: Prelink size 54099968 kext offset 49430528 reserved 4669440
20:535  0:067  OC: Prelinked status - Success
20:619  0:083  FixOwnership() -> begin
20:619  0:000  USB UHCI Base=C481 PortBase=624
20:620  0:001  USB UHCI reset for device 27C8
20:620  0:000  USB UHCI Base=C801 PortBase=640
20:621  0:001  USB UHCI reset for device 27C9
20:621  0:000  USB UHCI Base=C881 PortBase=644
20:622  0:001  USB UHCI reset for device 27CA
20:622  0:000  USB UHCI Base=CC01 PortBase=660
20:623  0:001  USB UHCI reset for device 27CB
20:623  0:000  Base=F9EFBC00 Oper=F9EFBC20 eecp=68
20:623  0:000  usbcmd=00080000 usbsts=00001000 usbintr=00000000
20:623  0:000  usblegsup=01000001 isOSowned=1 isBIOSowned=0 usblegctlsts=40002000
20:624  0:000  usbcmd=00080000 usbsts=00001000 usbintr=00000000
20:624  0:000  usbcmd=00080000 usbsts=00001000 usbintr=00000000
20:624  0:000  usblegsup=00000001 isOSowned=0 isBIOSowned=0 usblegctlsts=20000000
20:624  0:000  Legacy USB Off Done
20:624  0:000  USB EHCI Ownership for device 27CC value=1000001
20:624  0:000  ++++++++++++++++++++++++++++++++
